

HI-TECH Software PIC PRO Macro Assembler V9.83 build 10920 
                                                                                               Sat Dec 24 23:13:49 2022

HI-TECH Software Omniscient Code Generator (PRO mode) build 10920
     1                           	processor	16F887
     2                           	opt	pw 120
     3                           	opt	pm
     4                           	psect	config,global,class=CONFIG,delta=2
     5                           	psect	text91,local,class=CODE,delta=2
     6                           	psect	cinit,global,class=CODE,delta=2
     7                           	psect	bssCOMMON,global,class=COMMON,space=1,delta=1
     8                           	psect	bssBANK0,global,class=BANK0,space=1,delta=1
     9                           	psect	cstackCOMMON,global,class=COMMON,space=1,delta=1
    10                           	psect	maintext,global,class=CODE,delta=2
    11                           	psect	text92,local,class=CODE,delta=2
    12                           	psect	text93,local,class=CODE,delta=2
    13                           	psect	text94,local,class=CODE,delta=2
    14                           	psect	intentry,global,class=CODE,delta=2
    15                           	psect	text95,local,class=CODE,delta=2
    16                           	psect	pa_nodes,global,class=CODE,delta=2
    17                           	dabs	1,0x7E,2
    18  000A                     	;#
    19                           
    20                           	psect	config
    21  2007  E3C2               	dw	58306	;#
    22                           
    23                           	psect	text91
    24  0000                     __ptext91:	
    25  0017                     _CCP1CON	set	23
    26  0015                     _CCPR1L	set	21
    27  001A                     _RCREG	set	26
    28  0011                     _TMR2	set	17
    29  00C4                     _CREN	set	196
    30  005F                     _GIE	set	95
    31  005E                     _PEIE	set	94
    32  003A                     _RC2	set	58
    33  0065                     _RCIF	set	101
    34  0045                     _RD5	set	69
    35  0046                     _RD6	set	70
    36  0047                     _RD7	set	71
    37  00C6                     _RX9	set	198
    38  00C7                     _SPEN	set	199
    39  0090                     _T2CKPS0	set	144
    40  0091                     _T2CKPS1	set	145
    41  0092                     _TMR2ON	set	146
    42  0092                     _PR2	set	146
    43  0099                     _SPBRG	set	153
    44  009A                     _SPBRGH	set	154
    45  04C2                     _BRGH	set	1218
    46  0465                     _RCIE	set	1125
    47  04C4                     _SYNC	set	1220
    48  043A                     _TRISC2	set	1082
    49  0445                     _TRISD5	set	1093
    50  0446                     _TRISD6	set	1094
    51  0447                     _TRISD7	set	1095
    52  04C6                     _TX9	set	1222
    53  04C5                     _TXEN	set	1221
    54  0188                     _ANSEL	set	392
    55  0189                     _ANSELH	set	393
    56  0C3B                     _BRG16	set	3131
    57                           
    58                           	psect	cinit
    59  008C                     start_initialization:	
    60                           
    61                           ; Clear objects allocated to COMMON
    62  008C  01F3               	clrf	__pbssCOMMON& (0+127)
    63  008D  01F4               	clrf	(__pbssCOMMON+1)& (0+127)
    64                           
    65                           ; Clear objects allocated to BANK0
    66  008E  01A0               	clrf	__pbssBANK0& (0+127)
    67  008F  01A1               	clrf	(__pbssBANK0+1)& (0+127)
    68  0090  01A2               	clrf	(__pbssBANK0+2)& (0+127)
    69  0091  01A3               	clrf	(__pbssBANK0+3)& (0+127)
    70  0092  01A4               	clrf	(__pbssBANK0+4)& (0+127)
    71  0093  01A5               	clrf	(__pbssBANK0+5)& (0+127)
    72  0094  01A6               	clrf	(__pbssBANK0+6)& (0+127)
    73  0095  01A7               	clrf	(__pbssBANK0+7)& (0+127)
    74  0096  01A8               	clrf	(__pbssBANK0+8)& (0+127)
    75  0097  01A9               	clrf	(__pbssBANK0+9)& (0+127)
    76  0098                     end_of_initialization:	
    77                           ;End of C runtime variable initialization code
    78                           
    79  0098  0183               	clrf	3
    80  0099  120A  118A  2854   	ljmp	_main	;jump to C main() function
    81                           
    82                           	psect	bssCOMMON
    83  0073                     __pbssCOMMON:	
    84  0073                     _i:	
    85  0073                     	ds	2
    86                           
    87                           	psect	bssBANK0
    88  0020                     __pbssBANK0:	
    89  0020                     _data_rx:	
    90  0020                     	ds	10
    91                           
    92                           	psect	cstackCOMMON
    93  0070                     __pcstackCOMMON:	
    94  0070                     ?_tx:	
    95  0070                     ?_rx:	
    96                           ; 0 bytes @ 0x0
    97                           
    98  0070                     ?_main:	
    99                           ; 0 bytes @ 0x0
   100                           
   101  0070                     ?_ngat:	
   102                           ; 0 bytes @ 0x0
   103                           
   104  0070                     ??_ngat:	
   105                           ; 0 bytes @ 0x0
   106                           
   107                           
   108                           ; 0 bytes @ 0x0
   109  0070                     	ds	3
   110  0073                     ??_tx:	
   111  0073                     ??_rx:	
   112                           ; 0 bytes @ 0x3
   113                           
   114  0073                     ??_main:	
   115                           ; 0 bytes @ 0x3
   116                           
   117                           
   118                           	psect	maintext
   119  0054                     __pmaintext:	
   120                           ; 0 bytes @ 0x3
   121 ;;Data sizes: Strings 0, constant 0, data 0, bss 12, persistent 0 stack 0
   122 ;;Auto spaces:   Size  Autos    Used
   123 ;; COMMON          14      3       5
   124 ;; BANK0           80      0      10
   125 ;; BANK1           80      0       0
   126 ;; BANK3           96      0       0
   127 ;; BANK2           96      0       0
   128 ;;
   129 ;; Pointer list with targets:
   130 ;;
   131 ;; Critical Paths under _main in COMMON
   132 ;;
   133 ;;   None.
   134 ;;
   135 ;; Critical Paths under _ngat in COMMON
   136 ;;
   137 ;;   None.
   138 ;;
   139 ;; Critical Paths under _main in BANK0
   140 ;;
   141 ;;   None.
   142 ;;
   143 ;; Critical Paths under _ngat in BANK0
   144 ;;
   145 ;;   None.
   146 ;;
   147 ;; Critical Paths under _main in BANK1
   148 ;;
   149 ;;   None.
   150 ;;
   151 ;; Critical Paths under _ngat in BANK1
   152 ;;
   153 ;;   None.
   154 ;;
   155 ;; Critical Paths under _main in BANK3
   156 ;;
   157 ;;   None.
   158 ;;
   159 ;; Critical Paths under _ngat in BANK3
   160 ;;
   161 ;;   None.
   162 ;;
   163 ;; Critical Paths under _main in BANK2
   164 ;;
   165 ;;   None.
   166 ;;
   167 ;; Critical Paths under _ngat in BANK2
   168 ;;
   169 ;;   None.
   170 ;;
   171 ;;Main: autosize = 0, tempsize = 0, incstack = 0, save=0
   172 ;;
   173 ;;
   174 ;;Call Graph Tables:
   175 ;;
   176 ;; ---------------------------------------------------------------------------------
   177 ;; (Depth) Function   	        Calls       Base Space   Used Autos Params    Refs
   178 ;; ---------------------------------------------------------------------------------
   179 ;; (0) _main                                                13    13      0       0
   180 ;;                                 _tx
   181 ;;                                 _rx
   182 ;; ---------------------------------------------------------------------------------
   183 ;; (1) _rx                                                   0     0      0       0
   184 ;; ---------------------------------------------------------------------------------
   185 ;; (1) _tx                                                   0     0      0       0
   186 ;; ---------------------------------------------------------------------------------
   187 ;; Estimated maximum stack depth 1
   188 ;; ---------------------------------------------------------------------------------
   189 ;; (Depth) Function   	        Calls       Base Space   Used Autos Params    Refs
   190 ;; ---------------------------------------------------------------------------------
   191 ;; (2) _ngat                                                 3     3      0       0
   192 ;;                                              0 COMMON     3     3      0
   193 ;; ---------------------------------------------------------------------------------
   194 ;; Estimated maximum stack depth 2
   195 ;; ---------------------------------------------------------------------------------
   196 ;; Call Graph Graphs:
   197 ;; _main (ROOT)
   198 ;;   _tx
   199 ;;   _rx
   200 ;;
   201 ;; _ngat (ROOT)
   202 ;;
   203 ;; Address spaces:
   204 ;;Name               Size   Autos  Total    Cost      Usage
   205 ;;BITCOMMON            E      0       0       0        0.0%
   206 ;;EEDATA             100      0       0       0        0.0%
   207 ;;NULL                 0      0       0       0        0.0%
   208 ;;CODE                 0      0       0       0        0.0%
   209 ;;COMMON               E      3       5       1       35.7%
   210 ;;BITSFR0              0      0       0       1        0.0%
   211 ;;SFR0                 0      0       0       1        0.0%
   212 ;;BITSFR1              0      0       0       2        0.0%
   213 ;;SFR1                 0      0       0       2        0.0%
   214 ;;STACK                0      0       1       2        0.0%
   215 ;;ABS                  0      0       F       3        0.0%
   216 ;;BITBANK0            50      0       0       4        0.0%
   217 ;;BITSFR3              0      0       0       4        0.0%
   218 ;;SFR3                 0      0       0       4        0.0%
   219 ;;BANK0               50      0       A       5       12.5%
   220 ;;BITSFR2              0      0       0       5        0.0%
   221 ;;SFR2                 0      0       0       5        0.0%
   222 ;;BITBANK1            50      0       0       6        0.0%
   223 ;;BANK1               50      0       0       7        0.0%
   224 ;;BITBANK3            60      0       0       8        0.0%
   225 ;;BANK3               60      0       0       9        0.0%
   226 ;;BITBANK2            60      0       0      10        0.0%
   227 ;;BANK2               60      0       0      11        0.0%
   228 ;;DATA                 0      0      10      12        0.0%
   229                           
   230                           
   231 ;; *************** function _main *****************
   232 ;; Defined at:
   233 ;;		line 21 in file "D:\TTVXL\Project TTVXL\BT Ôn Thi 10\BT Ôn Thi 10.c"
   234 ;; Parameters:    Size  Location     Type
   235 ;;		None
   236 ;; Auto vars:     Size  Location     Type
   237 ;;  data_tx        10    0        unsigned char [10]
   238 ;;  data_pwm        3    0        unsigned char [3]
   239 ;; Return value:  Size  Location     Type
   240 ;;		None               void
   241 ;; Registers used:
   242 ;;		wreg, status,2, status,0, pclath, cstack
   243 ;; Tracked objects:
   244 ;;		On entry : 17F/0
   245 ;;		On exit  : 17F/0
   246 ;;		Unchanged: FFE80/0
   247 ;; Data sizes:     COMMON   BANK0   BANK1   BANK3   BANK2
   248 ;;      Params:         0       0       0       0       0
   249 ;;      Locals:         0       0       0       0       0
   250 ;;      Temps:          0       0       0       0       0
   251 ;;      Totals:         0       0       0       0       0
   252 ;;Total ram usage:        0 bytes
   253 ;; Hardware stack levels required when called:    2
   254 ;; This function calls:
   255 ;;		_tx
   256 ;;		_rx
   257 ;; This function is called by:
   258 ;;		Startup code after reset
   259 ;; This function uses a non-reentrant model
   260 ;;
   261  0054                     _main:	
   262                           
   263                           ;BT Ôn Thi 10.c: 22: ANSEL = ANSELH = 0;
   264                           
   265                           ; Regs used in _main: [wreg+status,2+status,0+pclath+cstack]
   266  0054  1683               	bsf	3,5	;RP0=1, select bank3
   267  0055  1703               	bsf	3,6	;RP1=1, select bank3
   268  0056  0189               	clrf	9	;volatile
   269  0057  0188               	clrf	8	;volatile
   270                           
   271                           ;BT Ôn Thi 10.c: 24: TRISC2 = 0;
   272  0058  1303               	bcf	3,6	;RP1=0, select bank1
   273  0059  1107               	bcf	7,2
   274                           
   275                           ;BT Ôn Thi 10.c: 25: TRISD6 = 0;
   276  005A  1308               	bcf	8,6
   277                           
   278                           ;BT Ôn Thi 10.c: 26: TRISD7 = 0;
   279  005B  1388               	bcf	8,7
   280                           
   281                           ;BT Ôn Thi 10.c: 27: TRISD5 = 0;
   282  005C  1288               	bcf	8,5
   283                           
   284                           ;BT Ôn Thi 10.c: 28: RC2 = RD5 = RD6 = RD7 = 0;
   285  005D  1283               	bcf	3,5	;RP0=0, select bank0
   286  005E  307C               	movlw	124
   287  005F  1388               	bcf	8,7
   288  0060  1308               	bcf	8,6
   289  0061  1288               	bcf	8,5
   290  0062  1107               	bcf	7,2
   291                           
   292                           ;BT Ôn Thi 10.c: 31: T2CKPS1 = 0; T2CKPS0 = 1;
   293  0063  1092               	bcf	18,1
   294  0064  1412               	bsf	18,0
   295                           
   296                           ;BT Ôn Thi 10.c: 32: PR2 = 124; TMR2 = 0;
   297  0065  1683               	bsf	3,5	;RP0=1, select bank1
   298  0066  0092               	movwf	18	;volatile
   299  0067  1283               	bcf	3,5	;RP0=0, select bank0
   300  0068  0191               	clrf	17	;volatile
   301                           
   302                           ;BT Ôn Thi 10.c: 33: TMR2ON = 1;
   303  0069  1512               	bsf	18,2
   304                           
   305                           ;BT Ôn Thi 10.c: 35: CCP1CON = 0b00000000;
   306  006A  0197               	clrf	23	;volatile
   307                           
   308                           ;BT Ôn Thi 10.c: 36: CCPR1L=0;
   309  006B  0195               	clrf	21	;volatile
   310                           
   311                           ;BT Ôn Thi 10.c: 38: tx();
   312  006C  120A  118A  209C   	fcall	_tx
      +       120A  118A         
   313                           
   314                           ;BT Ôn Thi 10.c: 39: rx();
   315  0071  120A  118A  2077   	fcall	_rx
      +       120A  118A         
   316  0076                     l1044:	
   317                           ;BT Ôn Thi 10.c: 43: {
   318                           
   319  0076  2876               	goto	l1044
   320  0077                     __end_of_main:	
   321                           
   322                           	psect	text92
   323  0077                     __ptext92:	
   324 ;; =============== function _main ends ============
   325                           
   326                           
   327 ;; *************** function _rx *****************
   328 ;; Defined at:
   329 ;;		line 100 in file "D:\TTVXL\Project TTVXL\BT Ôn Thi 10\BT Ôn Thi 10.c"
   330 ;; Parameters:    Size  Location     Type
   331 ;;		None
   332 ;; Auto vars:     Size  Location     Type
   333 ;;		None
   334 ;; Return value:  Size  Location     Type
   335 ;;		None               void
   336 ;; Registers used:
   337 ;;		wreg
   338 ;; Tracked objects:
   339 ;;		On entry : 17F/0
   340 ;;		On exit  : 17F/0
   341 ;;		Unchanged: FFE80/0
   342 ;; Data sizes:     COMMON   BANK0   BANK1   BANK3   BANK2
   343 ;;      Params:         0       0       0       0       0
   344 ;;      Locals:         0       0       0       0       0
   345 ;;      Temps:          0       0       0       0       0
   346 ;;      Totals:         0       0       0       0       0
   347 ;;Total ram usage:        0 bytes
   348 ;; Hardware stack levels used:    1
   349 ;; Hardware stack levels required when called:    1
   350 ;; This function calls:
   351 ;;		Nothing
   352 ;; This function is called by:
   353 ;;		_main
   354 ;; This function uses a non-reentrant model
   355 ;;
   356  0077                     _rx:	
   357                           
   358                           ;BT Ôn Thi 10.c: 101: SYNC = 0; BRGH = 1; BRG16 = 1;
   359                           
   360                           ; Regs used in _rx: [wreg]
   361  0077  1683               	bsf	3,5	;RP0=1, select bank1
   362  0078  1218               	bcf	24,4
   363  0079  1518               	bsf	24,2
   364  007A  1703               	bsf	3,6	;RP1=1, select bank3
   365  007B  3002               	movlw	2
   366  007C  1587               	bsf	7,3
   367                           
   368                           ;BT Ôn Thi 10.c: 102: SPBRGH = 0x02;
   369  007D  1303               	bcf	3,6	;RP1=0, select bank1
   370  007E  009A               	movwf	26	;volatile
   371                           
   372                           ;BT Ôn Thi 10.c: 103: SPBRG = 0x08;
   373  007F  3008               	movlw	8
   374  0080  0099               	movwf	25	;volatile
   375                           
   376                           ;BT Ôn Thi 10.c: 104: CREN = 1; RX9 = 0; SPEN = 1;
   377  0081  1283               	bcf	3,5	;RP0=0, select bank0
   378  0082  1618               	bsf	24,4
   379  0083  1318               	bcf	24,6
   380  0084  1798               	bsf	24,7
   381                           
   382                           ;BT Ôn Thi 10.c: 106: RCIE=1; RCIF=0; PEIE=1; GIE=1;
   383  0085  1683               	bsf	3,5	;RP0=1, select bank1
   384  0086  168C               	bsf	12,5
   385  0087  1283               	bcf	3,5	;RP0=0, select bank0
   386  0088  128C               	bcf	12,5
   387  0089  170B               	bsf	11,6
   388  008A  178B               	bsf	11,7
   389  008B  0008               	return
   390  008C                     __end_of_rx:	
   391                           
   392                           	psect	text93
   393  009C                     __ptext93:	
   394 ;; =============== function _rx ends ============
   395                           
   396                           
   397 ;; *************** function _tx *****************
   398 ;; Defined at:
   399 ;;		line 93 in file "D:\TTVXL\Project TTVXL\BT Ôn Thi 10\BT Ôn Thi 10.c"
   400 ;; Parameters:    Size  Location     Type
   401 ;;		None
   402 ;; Auto vars:     Size  Location     Type
   403 ;;		None
   404 ;; Return value:  Size  Location     Type
   405 ;;		None               void
   406 ;; Registers used:
   407 ;;		wreg
   408 ;; Tracked objects:
   409 ;;		On entry : 17F/0
   410 ;;		On exit  : 17F/0
   411 ;;		Unchanged: FFE80/0
   412 ;; Data sizes:     COMMON   BANK0   BANK1   BANK3   BANK2
   413 ;;      Params:         0       0       0       0       0
   414 ;;      Locals:         0       0       0       0       0
   415 ;;      Temps:          0       0       0       0       0
   416 ;;      Totals:         0       0       0       0       0
   417 ;;Total ram usage:        0 bytes
   418 ;; Hardware stack levels used:    1
   419 ;; Hardware stack levels required when called:    1
   420 ;; This function calls:
   421 ;;		Nothing
   422 ;; This function is called by:
   423 ;;		_main
   424 ;; This function uses a non-reentrant model
   425 ;;
   426  009C                     _tx:	
   427                           
   428                           ;BT Ôn Thi 10.c: 94: SYNC = 0; BRGH = 1; BRG16 = 1;
   429                           
   430                           ; Regs used in _tx: [wreg]
   431  009C  1683               	bsf	3,5	;RP0=1, select bank1
   432  009D  1218               	bcf	24,4
   433  009E  1518               	bsf	24,2
   434  009F  1703               	bsf	3,6	;RP1=1, select bank3
   435  00A0  3002               	movlw	2
   436  00A1  1587               	bsf	7,3
   437                           
   438                           ;BT Ôn Thi 10.c: 95: SPBRGH = 0x02;
   439  00A2  1303               	bcf	3,6	;RP1=0, select bank1
   440  00A3  009A               	movwf	26	;volatile
   441                           
   442                           ;BT Ôn Thi 10.c: 96: SPBRG = 0x08;
   443  00A4  3008               	movlw	8
   444  00A5  0099               	movwf	25	;volatile
   445                           
   446                           ;BT Ôn Thi 10.c: 97: TXEN = 1; TX9 = 0; SPEN = 1;
   447  00A6  1698               	bsf	24,5
   448  00A7  1318               	bcf	24,6
   449  00A8  1283               	bcf	3,5	;RP0=0, select bank0
   450  00A9  1798               	bsf	24,7
   451  00AA  0008               	return
   452  00AB                     __end_of_tx:	
   453                           
   454                           	psect	text94
   455  0011                     __ptext94:	
   456 ;; =============== function _tx ends ============
   457                           
   458                           
   459 ;; *************** function _ngat *****************
   460 ;; Defined at:
   461 ;;		line 47 in file "D:\TTVXL\Project TTVXL\BT Ôn Thi 10\BT Ôn Thi 10.c"
   462 ;; Parameters:    Size  Location     Type
   463 ;;		None
   464 ;; Auto vars:     Size  Location     Type
   465 ;;		None
   466 ;; Return value:  Size  Location     Type
   467 ;;		None               void
   468 ;; Registers used:
   469 ;;		wreg, fsr0l, fsr0h, status,2, status,0
   470 ;; Tracked objects:
   471 ;;		On entry : 0/0
   472 ;;		On exit  : 60/0
   473 ;;		Unchanged: FFE9F/0
   474 ;; Data sizes:     COMMON   BANK0   BANK1   BANK3   BANK2
   475 ;;      Params:         0       0       0       0       0
   476 ;;      Locals:         0       0       0       0       0
   477 ;;      Temps:          3       0       0       0       0
   478 ;;      Totals:         3       0       0       0       0
   479 ;;Total ram usage:        3 bytes
   480 ;; Hardware stack levels used:    1
   481 ;; This function calls:
   482 ;;		Nothing
   483 ;; This function is called by:
   484 ;;		Interrupt level 1
   485 ;; This function uses a non-reentrant model
   486 ;;
   487  0011                     _ngat:	
   488                           
   489                           ;BT Ôn Thi 10.c: 48: if(RCIF)
   490  0011  1283               	bcf	3,5	;RP0=0, select bank0
   491  0012  1303               	bcf	3,6	;RP1=0, select bank0
   492  0013  1E8C               	btfss	12,5
   493  0014  2845               	goto	L1
   494                           
   495                           ;BT Ôn Thi 10.c: 49: {
   496                           ;BT Ôn Thi 10.c: 50: data_rx[i] = RCREG;
   497  0015  0873               	movf	_i,w
   498  0016  3E20               	addlw	_data_rx& (0+255)
   499  0017  0084               	movwf	4
   500  0018  081A               	movf	26,w	;volatile
   501  0019  1383               	bcf	3,7	;select IRP bank0
   502  001A  0080               	movwf	0
   503                           
   504                           ;BT Ôn Thi 10.c: 51: i++;
   505  001B  0AF3               	incf	_i,f
   506  001C  1903               	skipnz
   507  001D  0AF4               	incf	_i+1,f
   508                           
   509                           ;BT Ôn Thi 10.c: 52: if(i==1)
   510  001E  0373               	decf	_i,w
   511  001F  0474               	iorwf	_i+1,w
   512  0020  1D03               	skipz
   513  0021  2824               	goto	i1l2534
   514                           
   515                           ;BT Ôn Thi 10.c: 53: {
   516                           ;BT Ôn Thi 10.c: 54: i=0;
   517  0022  01F3               	clrf	_i
   518  0023  01F4               	clrf	_i+1
   519  0024                     i1l2534:	
   520                           
   521                           ;BT Ôn Thi 10.c: 55: }
   522                           ;BT Ôn Thi 10.c: 56: if(data_rx[0] == 'S')
   523  0024  0820               	movf	_data_rx,w
   524  0025  3A53               	xorlw	83
   525  0026  1D03               	skipz
   526  0027  282E               	goto	i1l2542
   527  0028  304C               	movlw	76
   528                           
   529                           ;BT Ôn Thi 10.c: 57: {
   530                           ;BT Ôn Thi 10.c: 58: i = 0;
   531  0029  01F3               	clrf	_i
   532  002A  01F4               	clrf	_i+1
   533                           
   534                           ;BT Ôn Thi 10.c: 59: CCP1CON = 0b01001100;
   535  002B  0097               	movwf	23	;volatile
   536                           
   537                           ;BT Ôn Thi 10.c: 60: CCPR1L = 124;
   538  002C  307C               	movlw	124
   539  002D  0095               	movwf	21	;volatile
   540  002E                     i1l2542:	
   541                           
   542                           ;BT Ôn Thi 10.c: 61: }
   543                           ;BT Ôn Thi 10.c: 62: if(data_rx[0] == 'P')
   544  002E  0820               	movf	_data_rx,w
   545  002F  3A50               	xorlw	80
   546  0030  1D03               	skipz
   547  0031  2836               	goto	i1l2546
   548                           
   549                           ;BT Ôn Thi 10.c: 63: {
   550                           ;BT Ôn Thi 10.c: 64: i = 0;
   551  0032  01F3               	clrf	_i
   552  0033  01F4               	clrf	_i+1
   553                           
   554                           ;BT Ôn Thi 10.c: 65: CCP1CON = 0b00000000;
   555  0034  0197               	clrf	23	;volatile
   556                           
   557                           ;BT Ôn Thi 10.c: 66: CCPR1L = 0;
   558  0035  0195               	clrf	21	;volatile
   559  0036                     i1l2546:	
   560                           
   561                           ;BT Ôn Thi 10.c: 67: }
   562                           ;BT Ôn Thi 10.c: 68: if(data_rx[0] == 'L')
   563  0036  0820               	movf	_data_rx,w
   564  0037  3A4C               	xorlw	76
   565  0038  1D03               	skipz
   566  0039  283E               	goto	i1l2554
   567                           
   568                           ;BT Ôn Thi 10.c: 69: {
   569                           ;BT Ôn Thi 10.c: 70: CCP1CON = 0b01001100;
   570  003A  304C               	movlw	76
   571                           
   572                           ;BT Ôn Thi 10.c: 71: i = 0;
   573                           
   574                           ;BT Ôn Thi 10.c: 72: CCPR1L = 124;
   575  003B  204E  120A  118A   	fcall	PL2	;call to abstracted procedure
   576  003E                     i1l2554:	
   577                           
   578                           ;BT Ôn Thi 10.c: 73: }
   579                           ;BT Ôn Thi 10.c: 74: if(data_rx[0] == 'R')
   580  003E  0820               	movf	_data_rx,w
   581  003F  3A52               	xorlw	82
   582  0040  1D03               	skipz
   583  0041  2844               	goto	i1l2562
   584                           
   585                           ;BT Ôn Thi 10.c: 75: {
   586                           ;BT Ôn Thi 10.c: 76: CCP1CON = 0b11001100;
   587  0042  30CC               	movlw	204
   588                           
   589                           ;BT Ôn Thi 10.c: 77: i = 0;
   590                           
   591                           ;BT Ôn Thi 10.c: 78: CCPR1L = 124;
   592  0043  204E               	fcall	PL2	;call to abstracted procedure
   593  0044                     i1l2562:	
   594                           
   595                           ;BT Ôn Thi 10.c: 79: }
   596                           ;BT Ôn Thi 10.c: 80: }
   597                           ;BT Ôn Thi 10.c: 81: RCIF=0;
   598  0044  128C               	bcf	12,5
   599  0045                     L1:	
   600  0045  0872               	movf	??_ngat+2,w
   601  0046  008A               	movwf	10
   602  0047  0871               	movf	??_ngat+1,w
   603  0048  0084               	movwf	4
   604  0049  0E70               	swapf	??_ngat^(0+-128),w
   605  004A  0083               	movwf	3
   606  004B  0EFE               	swapf	126,f
   607  004C  0E7E               	swapf	126,w
   608  004D  0009               	retfie
   609  004E                     __end_of_ngat:	
   610  004E                     PL2:	
   611  004E  0097               	movwf	23	;volatile
   612  004F  307C               	movlw	124
   613  0050  01F3               	clrf	_i
   614  0051  01F4               	clrf	_i+1
   615  0052  0095               	movwf	21	;volatile
   616  0053  0008               	return
   617                           
   618                           	psect	intentry
   619  0004                     __pintentry:	
   620                           ; Regs used in _ngat: [wreg-fsr0h+status,2+status,0]
   621                           
   622  0004                     interrupt_function:	
   623  007E                     saved_w	set	btemp
   624  0004  00FE               	movwf	btemp
   625  0005  0E03               	swapf	3,w
   626  0006  00F0               	movwf	??_ngat
   627  0007  0804               	movf	4,w
   628  0008  00F1               	movwf	??_ngat+1
   629  0009  080A               	movf	10,w
   630  000A  00F2               	movwf	??_ngat+2
   631  000B  120A  118A  2811   	ljmp	_ngat
   632                           
   633                           	psect	text95
   634  0000                     __ptext95:	
   635 ;; =============== function _ngat ends ============
   636                           
   637  007E                     btemp	set	126	;btemp
   638  007E                     wtemp0	set	126


HI-TECH Software PICC Macro Assembler V9.83 build 10920 
Symbol Table                                                                                   Sat Dec 24 23:13:49 2022

                   _i 0073                    _rx 0077                    _tx 009C                   ?_rx 0070  
                 ?_tx 0070                   _GIE 005F                   _RC2 003A                   _RD5 0045  
                 _RD6 0046                   _RD7 0047                   _PR2 0092                   _RX9 00C6  
                 _TX9 04C6                   fsr0 0004                   indf 0000                  ??_rx 0073  
                ??_tx 0073                  l1044 0076                  l1070 0000                  l1073 0000  
                l2500 0000                  l2430 0000                  l2510 0000                  l2502 0000  
                l2432 0000                  l2440 0000                  l2520 0000                  l2512 0000  
                l2504 0000                  l2434 0000                  l2426 0000                  l2450 0000  
                l2442 0000                  l2522 0000                  l2514 0000                  l2506 0000  
                l2428 0000                  l2452 0000                  l2444 0000                  l2436 0000  
                l2516 0000                  l2508 0000                  l2446 0000                  l2438 0000  
                l2518 0000                  l2448 0000                  l2494 0000                  l2496 0000  
                l2498 0000                  _BRGH 04C2                  _CREN 00C4                  _PEIE 005E  
                _RCIE 0465                  _RCIF 0065                  _TMR2 0011                  _SPEN 00C7  
                _TXEN 04C5                  _SYNC 04C4                  _main 0054                  _ngat 0011  
                btemp 007E                  start 000E                 ?_main 0070                 ?_ngat 0070  
               _BRG16 0C3B                 _ANSEL 0188                 _RCREG 001A                 _SPBRG 0099  
               pclath 000A                 status 0003                 wtemp0 007E          __end_of_main 0077  
        __end_of_ngat 004E                ??_main 0073                ??_ngat 0070                _CCPR1L 0015  
              _ANSELH 0189                i1l1055 0000                i1l2530 0000                i1l2540 0000  
              i1l2524 0000                i1l2550 0000                i1l2542 002E                i1l2534 0024  
              i1l2560 0000                i1l2552 0000                i1l2528 0000                i1l2554 003E  
              i1l2546 0036                i1l2538 0000                i1l2562 0044                i1l2558 0000  
              _SPBRGH 009A                _TMR2ON 0092                _TRISC2 043A                _TRISD5 0445  
              _TRISD6 0446                _TRISD7 0447                saved_w 007E        __pcstackCOMMON 0070  
          __end_of_rx 008C            __end_of_tx 00AB            __pbssBANK0 0020            __pmaintext 0054  
          __pintentry 0004               _CCP1CON 0017               _T2CKPS0 0090               _T2CKPS1 0091  
             _data_rx 0020  end_of_initialization 0098   start_initialization 008C           __pbssCOMMON 0073  
         __size_of_rx 0015           __size_of_tx 000F     interrupt_function 0004              __ptext91 0000  
            __ptext92 0077              __ptext93 009C              __ptext94 0011              __ptext95 0000  
       __size_of_main 0023         __size_of_ngat 003D              intlevel1 0000  
