

HI-TECH Software PIC PRO Macro Assembler V9.83 build 10920 
                                                                                               Sun Dec 18 17:24:38 2022

HI-TECH Software Omniscient Code Generator (PRO mode) build 10920
     1                           	processor	16F887
     2                           	opt	pw 120
     3                           	opt	pm
     4                           	psect	config,global,class=CONFIG,delta=2
     5                           	psect	text25,local,class=CODE,delta=2
     6                           	psect	cinit,global,class=CODE,delta=2
     7                           	psect	bssCOMMON,global,class=COMMON,space=1,delta=1
     8                           	psect	cstackCOMMON,global,class=COMMON,space=1,delta=1
     9                           	psect	maintext,global,class=CODE,delta=2
    10                           	psect	text26,local,class=CODE,delta=2
    11                           	psect	intentry,global,class=CODE,delta=2
    12                           	psect	text27,local,class=CODE,delta=2
    13                           	psect	pa_nodes,global,class=CODE,delta=2
    14                           	dabs	1,0x7E,2
    15  000A                     	;#
    16                           
    17                           	psect	config
    18  2007  E3C2               	dw	58306	;#
    19                           
    20                           	psect	text25
    21  0000                     __ptext25:	
    22  0017                     _CCP1CON	set	23
    23  0015                     _CCPR1L	set	21
    24  0011                     _TMR2	set	17
    25  005F                     _GIE	set	95
    26  0030                     _RB0	set	48
    27  0031                     _RB1	set	49
    28  0032                     _RB2	set	50
    29  005B                     _RBIE	set	91
    30  0058                     _RBIF	set	88
    31  0048                     _RE0	set	72
    32  0049                     _RE1	set	73
    33  0090                     _T2CKPS0	set	144
    34  0091                     _T2CKPS1	set	145
    35  0092                     _TMR2ON	set	146
    36  0096                     _IOCB	set	150
    37  0092                     _PR2	set	146
    38  0430                     _TRISB0	set	1072
    39  0431                     _TRISB1	set	1073
    40  0432                     _TRISB2	set	1074
    41  0438                     _TRISC0	set	1080
    42  043A                     _TRISC2	set	1082
    43  0448                     _TRISE0	set	1096
    44  0449                     _TRISE1	set	1097
    45  0188                     _ANSEL	set	392
    46  0189                     _ANSELH	set	393
    47                           
    48                           	psect	cinit
    49  0083                     start_initialization:	
    50                           
    51                           ; Clear objects allocated to COMMON
    52  0083  01F0               	clrf	__pbssCOMMON& (0+127)
    53  0084  01F1               	clrf	(__pbssCOMMON+1)& (0+127)
    54  0085  01F2               	clrf	(__pbssCOMMON+2)& (0+127)
    55  0086  01F3               	clrf	(__pbssCOMMON+3)& (0+127)
    56  0087                     end_of_initialization:	
    57                           ;End of C runtime variable initialization code
    58                           
    59  0087  0183               	clrf	3
    60  0088  120A  118A  285B   	ljmp	_main	;jump to C main() function
    61                           
    62                           	psect	bssCOMMON
    63  0070                     __pbssCOMMON:	
    64  0070                     _giatri:	
    65  0070                     	ds	2
    66  0072                     _i:	
    67  0072                     	ds	2
    68                           
    69                           	psect	cstackCOMMON
    70  0074                     __pcstackCOMMON:	
    71  0074                     ?_main:	
    72  0074                     ?_ngat:	
    73                           ; 0 bytes @ 0x0
    74                           
    75  0074                     ??_ngat:	
    76                           ; 0 bytes @ 0x0
    77                           
    78                           
    79                           ; 0 bytes @ 0x0
    80  0074                     	ds	3
    81  0077                     ??_main:	
    82                           
    83                           	psect	maintext
    84  005B                     __pmaintext:	
    85                           ; 0 bytes @ 0x3
    86 ;;Data sizes: Strings 0, constant 0, data 0, bss 4, persistent 0 stack 0
    87 ;;Auto spaces:   Size  Autos    Used
    88 ;; COMMON          14      3       7
    89 ;; BANK0           80      0       0
    90 ;; BANK1           80      0       0
    91 ;; BANK3           96      0       0
    92 ;; BANK2           96      0       0
    93 ;;
    94 ;; Pointer list with targets:
    95 ;;
    96 ;; Critical Paths under _main in COMMON
    97 ;;
    98 ;;   None.
    99 ;;
   100 ;; Critical Paths under _ngat in COMMON
   101 ;;
   102 ;;   None.
   103 ;;
   104 ;; Critical Paths under _main in BANK0
   105 ;;
   106 ;;   None.
   107 ;;
   108 ;; Critical Paths under _ngat in BANK0
   109 ;;
   110 ;;   None.
   111 ;;
   112 ;; Critical Paths under _main in BANK1
   113 ;;
   114 ;;   None.
   115 ;;
   116 ;; Critical Paths under _ngat in BANK1
   117 ;;
   118 ;;   None.
   119 ;;
   120 ;; Critical Paths under _main in BANK3
   121 ;;
   122 ;;   None.
   123 ;;
   124 ;; Critical Paths under _ngat in BANK3
   125 ;;
   126 ;;   None.
   127 ;;
   128 ;; Critical Paths under _main in BANK2
   129 ;;
   130 ;;   None.
   131 ;;
   132 ;; Critical Paths under _ngat in BANK2
   133 ;;
   134 ;;   None.
   135 ;;
   136 ;;Main: autosize = 0, tempsize = 0, incstack = 0, save=0
   137 ;;
   138 ;;
   139 ;;Call Graph Tables:
   140 ;;
   141 ;; ---------------------------------------------------------------------------------
   142 ;; (Depth) Function   	        Calls       Base Space   Used Autos Params    Refs
   143 ;; ---------------------------------------------------------------------------------
   144 ;; (0) _main                                                 0     0      0       0
   145 ;; ---------------------------------------------------------------------------------
   146 ;; Estimated maximum stack depth 0
   147 ;; ---------------------------------------------------------------------------------
   148 ;; (Depth) Function   	        Calls       Base Space   Used Autos Params    Refs
   149 ;; ---------------------------------------------------------------------------------
   150 ;; (1) _ngat                                                 3     3      0       0
   151 ;;                                              0 COMMON     3     3      0
   152 ;; ---------------------------------------------------------------------------------
   153 ;; Estimated maximum stack depth 1
   154 ;; ---------------------------------------------------------------------------------
   155 ;; Call Graph Graphs:
   156 ;; _main (ROOT)
   157 ;;
   158 ;; _ngat (ROOT)
   159 ;;
   160 ;; Address spaces:
   161 ;;Name               Size   Autos  Total    Cost      Usage
   162 ;;BITCOMMON            E      0       0       0        0.0%
   163 ;;EEDATA             100      0       0       0        0.0%
   164 ;;NULL                 0      0       0       0        0.0%
   165 ;;CODE                 0      0       0       0        0.0%
   166 ;;COMMON               E      3       7       1       50.0%
   167 ;;BITSFR0              0      0       0       1        0.0%
   168 ;;SFR0                 0      0       0       1        0.0%
   169 ;;BITSFR1              0      0       0       2        0.0%
   170 ;;SFR1                 0      0       0       2        0.0%
   171 ;;STACK                0      0       0       2        0.0%
   172 ;;ABS                  0      0       7       3        0.0%
   173 ;;BITBANK0            50      0       0       4        0.0%
   174 ;;BITSFR3              0      0       0       4        0.0%
   175 ;;SFR3                 0      0       0       4        0.0%
   176 ;;BANK0               50      0       0       5        0.0%
   177 ;;BITSFR2              0      0       0       5        0.0%
   178 ;;SFR2                 0      0       0       5        0.0%
   179 ;;BITBANK1            50      0       0       6        0.0%
   180 ;;BANK1               50      0       0       7        0.0%
   181 ;;BITBANK3            60      0       0       8        0.0%
   182 ;;BANK3               60      0       0       9        0.0%
   183 ;;BITBANK2            60      0       0      10        0.0%
   184 ;;BANK2               60      0       0      11        0.0%
   185 ;;DATA                 0      0       7      12        0.0%
   186                           
   187                           
   188 ;; *************** function _main *****************
   189 ;; Defined at:
   190 ;;		line 12 in file "D:\TTVXL\Project TTVXL\BT06week15ttvxl\BT06week15ttvxl.c"
   191 ;; Parameters:    Size  Location     Type
   192 ;;		None
   193 ;; Auto vars:     Size  Location     Type
   194 ;;		None
   195 ;; Return value:  Size  Location     Type
   196 ;;		None               void
   197 ;; Registers used:
   198 ;;		wreg, status,2
   199 ;; Tracked objects:
   200 ;;		On entry : 17F/0
   201 ;;		On exit  : 17F/0
   202 ;;		Unchanged: FFE80/0
   203 ;; Data sizes:     COMMON   BANK0   BANK1   BANK3   BANK2
   204 ;;      Params:         0       0       0       0       0
   205 ;;      Locals:         0       0       0       0       0
   206 ;;      Temps:          0       0       0       0       0
   207 ;;      Totals:         0       0       0       0       0
   208 ;;Total ram usage:        0 bytes
   209 ;; Hardware stack levels required when called:    1
   210 ;; This function calls:
   211 ;;		Nothing
   212 ;; This function is called by:
   213 ;;		Startup code after reset
   214 ;; This function uses a non-reentrant model
   215 ;;
   216  005B                     _main:	
   217                           
   218                           ;BT06week15ttvxl.c: 13: ANSEL = ANSELH = 0;
   219                           
   220                           ; Regs used in _main: [wreg+status,2]
   221  005B  1683               	bsf	3,5	;RP0=1, select bank3
   222  005C  1703               	bsf	3,6	;RP1=1, select bank3
   223  005D  0189               	clrf	9	;volatile
   224  005E  0188               	clrf	8	;volatile
   225                           
   226                           ;BT06week15ttvxl.c: 14: TRISC0 = 1;
   227  005F  1303               	bcf	3,6	;RP1=0, select bank1
   228  0060  1407               	bsf	7,0
   229                           
   230                           ;BT06week15ttvxl.c: 15: TRISC2 = 0;
   231  0061  1107               	bcf	7,2
   232                           
   233                           ;BT06week15ttvxl.c: 16: TRISE0 = 0;
   234  0062  1009               	bcf	9,0
   235                           
   236                           ;BT06week15ttvxl.c: 17: RE0 = 1;
   237  0063  1283               	bcf	3,5	;RP0=0, select bank0
   238  0064  1409               	bsf	9,0
   239                           
   240                           ;BT06week15ttvxl.c: 18: TRISE1 = 0;
   241  0065  1683               	bsf	3,5	;RP0=1, select bank1
   242  0066  1089               	bcf	9,1
   243                           
   244                           ;BT06week15ttvxl.c: 19: RE1 = 0;
   245  0067  1283               	bcf	3,5	;RP0=0, select bank0
   246  0068  1089               	bcf	9,1
   247                           
   248                           ;BT06week15ttvxl.c: 21: TRISB0 = 1;
   249  0069  1683               	bsf	3,5	;RP0=1, select bank1
   250  006A  3007               	movlw	7
   251  006B  1406               	bsf	6,0
   252                           
   253                           ;BT06week15ttvxl.c: 22: TRISB1 = 1;
   254  006C  1486               	bsf	6,1
   255                           
   256                           ;BT06week15ttvxl.c: 23: TRISB2 = 1;
   257  006D  1506               	bsf	6,2
   258                           
   259                           ;BT06week15ttvxl.c: 25: IOCB=0b00000111;
   260  006E  0096               	movwf	22	;volatile
   261                           
   262                           ;BT06week15ttvxl.c: 26: RBIE = 1;
   263  006F  158B               	bsf	11,3
   264                           
   265                           ;BT06week15ttvxl.c: 27: RBIF = 0;
   266  0070  100B               	bcf	11,0
   267                           
   268                           ;BT06week15ttvxl.c: 28: GIE = 1;
   269  0071  178B               	bsf	11,7
   270                           
   271                           ;BT06week15ttvxl.c: 31: T2CKPS1 = 0; T2CKPS0 = 1;
   272  0072  1283               	bcf	3,5	;RP0=0, select bank0
   273  0073  1092               	bcf	18,1
   274  0074  1412               	bsf	18,0
   275                           
   276                           ;BT06week15ttvxl.c: 32: TMR2 = 0; PR2 = 124;
   277  0075  0191               	clrf	17	;volatile
   278  0076  307C               	movlw	124
   279  0077  1683               	bsf	3,5	;RP0=1, select bank1
   280  0078  0092               	movwf	18	;volatile
   281                           
   282                           ;BT06week15ttvxl.c: 33: TMR2ON = 1;
   283  0079  1283               	bcf	3,5	;RP0=0, select bank0
   284  007A  300C               	movlw	12
   285  007B  1512               	bsf	18,2
   286                           
   287                           ;BT06week15ttvxl.c: 35: CCP1CON = 0b00001100;
   288  007C  0097               	movwf	23	;volatile
   289                           
   290                           ;BT06week15ttvxl.c: 36: CCPR1L = 0;
   291  007D  0195               	clrf	21	;volatile
   292                           
   293                           ;BT06week15ttvxl.c: 37: i = 0;
   294  007E  01F2               	clrf	_i
   295  007F  01F3               	clrf	_i+1
   296                           
   297                           ;BT06week15ttvxl.c: 38: giatri = 0;
   298  0080  01F0               	clrf	_giatri
   299  0081  01F1               	clrf	_giatri+1
   300  0082                     l1030:	
   301                           ;BT06week15ttvxl.c: 41: {
   302                           
   303  0082  2882               	goto	l1030
   304  0083                     __end_of_main:	
   305                           
   306                           	psect	text26
   307  0013                     __ptext26:	
   308 ;; =============== function _main ends ============
   309                           
   310                           
   311 ;; *************** function _ngat *****************
   312 ;; Defined at:
   313 ;;		line 46 in file "D:\TTVXL\Project TTVXL\BT06week15ttvxl\BT06week15ttvxl.c"
   314 ;; Parameters:    Size  Location     Type
   315 ;;		None
   316 ;; Auto vars:     Size  Location     Type
   317 ;;		None
   318 ;; Return value:  Size  Location     Type
   319 ;;		None               void
   320 ;; Registers used:
   321 ;;		wreg, status,2, status,0, btemp+1
   322 ;; Tracked objects:
   323 ;;		On entry : 0/0
   324 ;;		On exit  : 60/0
   325 ;;		Unchanged: FFE00/0
   326 ;; Data sizes:     COMMON   BANK0   BANK1   BANK3   BANK2
   327 ;;      Params:         0       0       0       0       0
   328 ;;      Locals:         0       0       0       0       0
   329 ;;      Temps:          3       0       0       0       0
   330 ;;      Totals:         3       0       0       0       0
   331 ;;Total ram usage:        3 bytes
   332 ;; Hardware stack levels used:    1
   333 ;; This function calls:
   334 ;;		Nothing
   335 ;; This function is called by:
   336 ;;		Interrupt level 1
   337 ;; This function uses a non-reentrant model
   338 ;;
   339  0013                     _ngat:	
   340                           
   341                           ;BT06week15ttvxl.c: 47: if (RBIF)
   342  0013  1C0B               	btfss	11,0
   343  0014  2852               	goto	L1
   344                           
   345                           ;BT06week15ttvxl.c: 48: {
   346                           ;BT06week15ttvxl.c: 49: if (RB0)
   347  0015  1C06               	btfss	6,0
   348  0016  282E               	goto	i1l2450
   349                           
   350                           ;BT06week15ttvxl.c: 50: {
   351                           ;BT06week15ttvxl.c: 51: giatri = giatri - 12;
   352  0017  30F4               	movlw	-12
   353  0018  07F0               	addwf	_giatri,f
   354  0019  1C03               	skipc
   355  001A  03F1               	decf	_giatri+1,f
   356                           
   357                           ;BT06week15ttvxl.c: 52: CCPR1L = giatri;
   358  001B  0870               	movf	_giatri,w
   359  001C  0095               	movwf	21	;volatile
   360                           
   361                           ;BT06week15ttvxl.c: 53: if(giatri>124) {CCPR1L =124;giatri=124;}
   362  001D  0871               	movf	_giatri+1,w
   363  001E  3A80               	xorlw	128
   364  001F  00FF               	movwf	127
   365  0020  3080               	movlw	128
   366  0021  027F               	subwf	127,w
   367  0022  1D03               	skipz
   368  0023  2826               	goto	u3_25
   369  0024  307D               	movlw	125
   370  0025  0270               	subwf	_giatri,w
   371  0026                     u3_25:	
   372  0026  1C03               	skipc
   373  0027  282E               	goto	i1l2450
   374  0028  307C               	movlw	124
   375  0029  1283               	bcf	3,5	;RP0=0, select bank0
   376  002A  1303               	bcf	3,6	;RP1=0, select bank0
   377  002B  0095               	movwf	21	;volatile
   378  002C  00F0               	movwf	_giatri
   379  002D  01F1               	clrf	_giatri+1
   380  002E                     i1l2450:	
   381                           
   382                           ;BT06week15ttvxl.c: 55: }
   383                           ;BT06week15ttvxl.c: 56: if(RB1)
   384  002E  1283               	bcf	3,5	;RP0=0, select bank0
   385  002F  1303               	bcf	3,6	;RP1=0, select bank0
   386  0030  1C86               	btfss	6,1
   387  0031  283D               	goto	i1l2458
   388                           
   389                           ;BT06week15ttvxl.c: 57: {
   390                           ;BT06week15ttvxl.c: 58: giatri = giatri + 12;
   391  0032  300C               	movlw	12
   392  0033  07F0               	addwf	_giatri,f
   393  0034  1803               	skipnc
   394  0035  0AF1               	incf	_giatri+1,f
   395                           
   396                           ;BT06week15ttvxl.c: 59: CCPR1L = giatri;
   397  0036  0870               	movf	_giatri,w
   398  0037  0095               	movwf	21	;volatile
   399                           
   400                           ;BT06week15ttvxl.c: 60: if(giatri<0) {CCPR1L =0;giatri=0;}
   401  0038  1FF1               	btfss	_giatri+1,7
   402  0039  283D               	goto	i1l2458
   403  003A  0195               	clrf	21	;volatile
   404  003B  01F0               	clrf	_giatri
   405  003C  01F1               	clrf	_giatri+1
   406  003D                     i1l2458:	
   407                           
   408                           ;BT06week15ttvxl.c: 61: }
   409                           ;BT06week15ttvxl.c: 62: if(RB2)
   410  003D  1D06               	btfss	6,2
   411  003E  2851               	goto	i1l2472
   412                           
   413                           ;BT06week15ttvxl.c: 63: {
   414                           ;BT06week15ttvxl.c: 64: i++;
   415  003F  0AF2               	incf	_i,f
   416  0040  1903               	skipnz
   417  0041  0AF3               	incf	_i+1,f
   418                           
   419                           ;BT06week15ttvxl.c: 65: if(i==1) {RE0 = 0; RE1 = 1;}
   420  0042  0372               	decf	_i,w
   421  0043  0473               	iorwf	_i+1,w
   422  0044  1D03               	skipz
   423  0045  2848               	goto	i1l2466
   424  0046  1009               	bcf	9,0
   425  0047  1489               	bsf	9,1
   426  0048                     i1l2466:	
   427                           
   428                           ;BT06week15ttvxl.c: 66: if(i==2) {RE0 = 1; RE1 = 0;i=0;}
   429  0048  0872               	movf	_i,w
   430  0049  3A02               	xorlw	2
   431  004A  0473               	iorwf	_i+1,w
   432  004B  1D03               	skipz
   433  004C  2851               	goto	i1l2472
   434  004D  1409               	bsf	9,0
   435  004E  1089               	bcf	9,1
   436  004F  01F2               	clrf	_i
   437  0050  01F3               	clrf	_i+1
   438  0051                     i1l2472:	
   439                           
   440                           ;BT06week15ttvxl.c: 67: }
   441                           ;BT06week15ttvxl.c: 68: }
   442                           ;BT06week15ttvxl.c: 69: RBIF = 0;
   443  0051  100B               	bcf	11,0
   444  0052                     L1:	
   445  0052  0876               	movf	??_ngat+2,w
   446  0053  00FF               	movwf	127
   447  0054  0875               	movf	??_ngat+1,w
   448  0055  008A               	movwf	10
   449  0056  0E74               	swapf	??_ngat^(0+-128),w
   450  0057  0083               	movwf	3
   451  0058  0EFE               	swapf	126,f
   452  0059  0E7E               	swapf	126,w
   453  005A  0009               	retfie
   454  005B                     __end_of_ngat:	
   455                           
   456                           	psect	intentry
   457  0004                     __pintentry:	
   458                           ; Regs used in _ngat: [wreg+status,2+status,0+btemp+1]
   459                           
   460  0004                     interrupt_function:	
   461  007E                     saved_w	set	btemp
   462  0004  00FE               	movwf	btemp
   463  0005  0E03               	swapf	3,w
   464  0006  00F4               	movwf	??_ngat
   465  0007  080A               	movf	10,w
   466  0008  00F5               	movwf	??_ngat+1
   467  0009  1283               	bcf	3,5	;RP0=0, select bank0
   468  000A  1303               	bcf	3,6	;RP1=0, select bank0
   469  000B  087F               	movf	btemp+1,w
   470  000C  00F6               	movwf	??_ngat+2
   471  000D  120A  118A  2813   	ljmp	_ngat
   472                           
   473                           	psect	text27
   474  0000                     __ptext27:	
   475 ;; =============== function _ngat ends ============
   476                           
   477  007E                     btemp	set	126	;btemp
   478  007E                     wtemp0	set	126


HI-TECH Software PICC Macro Assembler V9.83 build 10920 
Symbol Table                                                                                   Sun Dec 18 17:24:38 2022

                   _i 0072                   _GIE 005F                   _RB0 0030                   _RB1 0031  
                 _RB2 0032                   _RE0 0048                   _RE1 0049                   _PR2 0092  
                l1030 0082                  l2400 0000                  l2410 0000                  l2402 0000  
                l2420 0000                  l2412 0000                  l2404 0000                  l2430 0000  
                l2422 0000                  l2414 0000                  l2406 0000                  l2432 0000  
                l2424 0000                  l2416 0000                  l2408 0000                  l2434 0000  
                l2426 0000                  l2418 0000                  l2436 0000                  l2428 0000  
                l2396 0000                  l2398 0000                  _IOCB 0096                  _RBIE 005B  
                _RBIF 0058                  _TMR2 0011                  u3_25 0026                  _main 005B  
                _ngat 0013                  btemp 007E                  start 0010                 ?_main 0074  
               ?_ngat 0074                 _ANSEL 0188                 pclath 000A                 status 0003  
               wtemp0 007E          __end_of_main 0083          __end_of_ngat 005B                ??_main 0077  
              ??_ngat 0074                _CCPR1L 0015                _ANSELH 0189                i1l1043 0000  
              i1l2450 002E                i1l2444 0000                i1l2470 0000                i1l2462 0000  
              i1l2454 0000                i1l2446 0000                i1l2438 0000                i1l2472 0051  
              i1l2466 0048                i1l2458 003D                _TMR2ON 0092                _TRISB0 0430  
              _TRISB1 0431                _TRISC0 0438                _TRISB2 0432                _TRISC2 043A  
              _TRISE0 0448                _TRISE1 0449                _giatri 0070                saved_w 007E  
      __pcstackCOMMON 0074            __pmaintext 005B            __pintentry 0004               _CCP1CON 0017  
             _T2CKPS0 0090               _T2CKPS1 0091  end_of_initialization 0087   start_initialization 0083  
         __pbssCOMMON 0070     interrupt_function 0004              __ptext25 0000              __ptext26 0013  
            __ptext27 0000         __size_of_main 0028         __size_of_ngat 0048              intlevel1 0000  
