

HI-TECH Software PIC PRO Macro Assembler V9.83 build 10920 
                                                                                               Sun Dec 18 11:53:18 2022

HI-TECH Software Omniscient Code Generator (PRO mode) build 10920
     1                           	processor	16F887
     2                           	opt	pw 120
     3                           	opt	pm
     4                           	psect	config,global,class=CONFIG,delta=2
     5                           	psect	nvCOMMON,global,class=COMMON,space=1,delta=1
     6                           	psect	cinit,global,class=CODE,delta=2
     7                           	psect	bssCOMMON,global,class=COMMON,space=1,delta=1
     8                           	psect	cstackCOMMON,global,class=COMMON,space=1,delta=1
     9                           	psect	maintext,global,class=CODE,delta=2
    10                           	psect	text34,local,class=CODE,delta=2
    11                           	psect	text37,local,class=CODE,delta=2
    12                           	psect	pa_nodes,global,class=CODE,delta=2
    13                           	dabs	1,0x7E,2
    14  000A                     	;#
    15                           
    16                           	psect	config
    17  2007  E3C2               	dw	58306	;#
    18                           
    19                           	psect	nvCOMMON
    20  007A                     __pnvCOMMON:	
    21  007A                     _pwm_ccp1:	
    22  007A                     	ds	2
    23  0017                     _CCP1CON	set	23
    24  001D                     _CCP2CON	set	29
    25  0015                     _CCPR1L	set	21
    26  001B                     _CCPR2L	set	27
    27  0011                     _TMR2	set	17
    28  00BC                     _DC1B0	set	188
    29  00BD                     _DC1B1	set	189
    30  00EC                     _DC2B0	set	236
    31  00ED                     _DC2B1	set	237
    32  0090                     _T2CKPS0	set	144
    33  0091                     _T2CKPS1	set	145
    34  0092                     _TMR2ON	set	146
    35  0092                     _PR2	set	146
    36  0439                     _TRISC1	set	1081
    37  043A                     _TRISC2	set	1082
    38  0188                     _ANSEL	set	392
    39  0189                     _ANSELH	set	393
    40                           
    41                           	psect	cinit
    42  075E                     start_initialization:	
    43                           
    44                           ; Clear objects allocated to COMMON
    45  075E  01FC               	clrf	__pbssCOMMON& (0+127)
    46  075F  01FD               	clrf	(__pbssCOMMON+1)& (0+127)
    47  0760                     end_of_initialization:	
    48                           ;End of C runtime variable initialization code
    49                           
    50  0760  0183               	clrf	3
    51  0761  120A  118A  2F64   	ljmp	_main	;jump to C main() function
    52                           
    53                           	psect	bssCOMMON
    54  007C                     __pbssCOMMON:	
    55  007C                     _pwm_ccp2:	
    56  007C                     	ds	2
    57                           
    58                           	psect	cstackCOMMON
    59  0070                     __pcstackCOMMON:	
    60  0070                     ?_main:	
    61  0070                     ?___awdiv:	
    62                           ; 0 bytes @ 0x0
    63                           
    64  0070                     ___awdiv@divisor:	
    65                           ; 2 bytes @ 0x0
    66                           
    67                           
    68                           ; 2 bytes @ 0x0
    69  0070                     	ds	2
    70  0072                     ___awdiv@dividend:	
    71                           
    72                           ; 2 bytes @ 0x2
    73  0072                     	ds	2
    74  0074                     ??___awdiv:	
    75  0074                     ___awdiv@counter:	
    76                           ; 0 bytes @ 0x4
    77                           
    78                           
    79                           ; 1 bytes @ 0x4
    80  0074                     	ds	1
    81  0075                     ___awdiv@sign:	
    82                           
    83                           ; 1 bytes @ 0x5
    84  0075                     	ds	1
    85  0076                     ___awdiv@quotient:	
    86                           
    87                           ; 2 bytes @ 0x6
    88  0076                     	ds	2
    89  0078                     ?_pwm_10bit1:	
    90  0078                     ?_pwm_10bit2:	
    91                           ; 0 bytes @ 0x8
    92                           
    93  0078                     pwm_10bit1@data_pwm:	
    94                           ; 0 bytes @ 0x8
    95                           
    96  0078                     pwm_10bit2@data_pwm:	
    97                           ; 2 bytes @ 0x8
    98                           
    99                           
   100                           ; 2 bytes @ 0x8
   101  0078                     	ds	2
   102  007A                     ??_pwm_10bit1:	
   103  007A                     ??_pwm_10bit2:	
   104                           ; 0 bytes @ 0xA
   105                           
   106  007A                     ??_main:	
   107                           ; 0 bytes @ 0xA
   108                           
   109                           
   110                           	psect	maintext
   111  0764                     __pmaintext:	
   112                           ; 0 bytes @ 0xA
   113 ;;Data sizes: Strings 0, constant 0, data 0, bss 2, persistent 2 stack 0
   114 ;;Auto spaces:   Size  Autos    Used
   115 ;; COMMON          14     10      14
   116 ;; BANK0           80      0       0
   117 ;; BANK1           80      0       0
   118 ;; BANK3           96      0       0
   119 ;; BANK2           96      0       0
   120 ;;
   121 ;; Pointer list with targets:
   122 ;; ?___awdiv	int  size(1) Largest target is 0
   123 ;;
   124 ;;
   125 ;; Critical Paths under _main in COMMON
   126 ;;
   127 ;;   _main->_pwm_10bit1
   128 ;;   _main->_pwm_10bit2
   129 ;;   _pwm_10bit2->___awdiv
   130 ;;   _pwm_10bit1->___awdiv
   131 ;;
   132 ;; Critical Paths under _main in BANK0
   133 ;;
   134 ;;   None.
   135 ;;
   136 ;; Critical Paths under _main in BANK1
   137 ;;
   138 ;;   None.
   139 ;;
   140 ;; Critical Paths under _main in BANK3
   141 ;;
   142 ;;   None.
   143 ;;
   144 ;; Critical Paths under _main in BANK2
   145 ;;
   146 ;;   None.
   147 ;;
   148 ;;Main: autosize = 0, tempsize = 0, incstack = 0, save=0
   149 ;;
   150 ;;
   151 ;;Call Graph Tables:
   152 ;;
   153 ;; ---------------------------------------------------------------------------------
   154 ;; (Depth) Function   	        Calls       Base Space   Used Autos Params    Refs
   155 ;; ---------------------------------------------------------------------------------
   156 ;; (0) _main                                                 0     0      0     480
   157 ;;                         _pwm_10bit1
   158 ;;                         _pwm_10bit2
   159 ;; ---------------------------------------------------------------------------------
   160 ;; (1) _pwm_10bit2                                           2     0      2     240
   161 ;;                                              8 COMMON     2     0      2
   162 ;;                            ___awdiv
   163 ;; ---------------------------------------------------------------------------------
   164 ;; (1) _pwm_10bit1                                           2     0      2     240
   165 ;;                                              8 COMMON     2     0      2
   166 ;;                            ___awdiv
   167 ;; ---------------------------------------------------------------------------------
   168 ;; (2) ___awdiv                                              8     4      4     195
   169 ;;                                              0 COMMON     8     4      4
   170 ;; ---------------------------------------------------------------------------------
   171 ;; Estimated maximum stack depth 2
   172 ;; ---------------------------------------------------------------------------------
   173 ;; Call Graph Graphs:
   174 ;; _main (ROOT)
   175 ;;   _pwm_10bit1
   176 ;;     ___awdiv
   177 ;;   _pwm_10bit2
   178 ;;     ___awdiv
   179 ;;
   180 ;; Address spaces:
   181 ;;Name               Size   Autos  Total    Cost      Usage
   182 ;;BITCOMMON            E      0       0       0        0.0%
   183 ;;EEDATA             100      0       0       0        0.0%
   184 ;;NULL                 0      0       0       0        0.0%
   185 ;;CODE                 0      0       0       0        0.0%
   186 ;;COMMON               E      A       E       1      100.0%
   187 ;;BITSFR0              0      0       0       1        0.0%
   188 ;;SFR0                 0      0       0       1        0.0%
   189 ;;BITSFR1              0      0       0       2        0.0%
   190 ;;SFR1                 0      0       0       2        0.0%
   191 ;;STACK                0      0       2       2        0.0%
   192 ;;ABS                  0      0       E       3        0.0%
   193 ;;BITBANK0            50      0       0       4        0.0%
   194 ;;BITSFR3              0      0       0       4        0.0%
   195 ;;SFR3                 0      0       0       4        0.0%
   196 ;;BANK0               50      0       0       5        0.0%
   197 ;;BITSFR2              0      0       0       5        0.0%
   198 ;;SFR2                 0      0       0       5        0.0%
   199 ;;BITBANK1            50      0       0       6        0.0%
   200 ;;BANK1               50      0       0       7        0.0%
   201 ;;BITBANK3            60      0       0       8        0.0%
   202 ;;BANK3               60      0       0       9        0.0%
   203 ;;BITBANK2            60      0       0      10        0.0%
   204 ;;BANK2               60      0       0      11        0.0%
   205 ;;DATA                 0      0      10      12        0.0%
   206                           
   207                           
   208 ;; *************** function _main *****************
   209 ;; Defined at:
   210 ;;		line 14 in file "D:\TTVXL\Project TTVXL\BT03week15ttvxl\BT03week15ttvxl.c"
   211 ;; Parameters:    Size  Location     Type
   212 ;;		None
   213 ;; Auto vars:     Size  Location     Type
   214 ;;		None
   215 ;; Return value:  Size  Location     Type
   216 ;;		None               void
   217 ;; Registers used:
   218 ;;		wreg, status,2, status,0, pclath, cstack
   219 ;; Tracked objects:
   220 ;;		On entry : 17F/0
   221 ;;		On exit  : 17F/0
   222 ;;		Unchanged: FFE80/0
   223 ;; Data sizes:     COMMON   BANK0   BANK1   BANK3   BANK2
   224 ;;      Params:         0       0       0       0       0
   225 ;;      Locals:         0       0       0       0       0
   226 ;;      Temps:          0       0       0       0       0
   227 ;;      Totals:         0       0       0       0       0
   228 ;;Total ram usage:        0 bytes
   229 ;; Hardware stack levels required when called:    2
   230 ;; This function calls:
   231 ;;		_pwm_10bit1
   232 ;;		_pwm_10bit2
   233 ;; This function is called by:
   234 ;;		Startup code after reset
   235 ;; This function uses a non-reentrant model
   236 ;;
   237  0764                     _main:	
   238                           
   239                           ;BT03week15ttvxl.c: 15: ANSEL = ANSELH = 0;
   240                           
   241                           ; Regs used in _main: [wreg+status,2+status,0+pclath+cstack]
   242  0764  1683               	bsf	3,5	;RP0=1, select bank3
   243  0765  1703               	bsf	3,6	;RP1=1, select bank3
   244  0766  0189               	clrf	9	;volatile
   245  0767  0188               	clrf	8	;volatile
   246                           
   247                           ;BT03week15ttvxl.c: 16: TRISC2 = 0;
   248  0768  1303               	bcf	3,6	;RP1=0, select bank1
   249  0769  1107               	bcf	7,2
   250                           
   251                           ;BT03week15ttvxl.c: 17: TRISC1 = 0;
   252  076A  1087               	bcf	7,1
   253                           
   254                           ;BT03week15ttvxl.c: 20: T2CKPS1 = 0; T2CKPS0 = 0;
   255  076B  1283               	bcf	3,5	;RP0=0, select bank0
   256  076C  1092               	bcf	18,1
   257  076D  1012               	bcf	18,0
   258                           
   259                           ;BT03week15ttvxl.c: 21: TMR2 = 0; PR2 = 249;
   260  076E  0191               	clrf	17	;volatile
   261  076F  30F9               	movlw	249
   262  0770  1683               	bsf	3,5	;RP0=1, select bank1
   263  0771  0092               	movwf	18	;volatile
   264                           
   265                           ;BT03week15ttvxl.c: 22: TMR2ON = 1;
   266  0772  1283               	bcf	3,5	;RP0=0, select bank0
   267  0773  300C               	movlw	12
   268  0774  1512               	bsf	18,2
   269                           
   270                           ;BT03week15ttvxl.c: 25: CCP1CON = 0b00001100;
   271  0775  0097               	movwf	23	;volatile
   272                           
   273                           ;BT03week15ttvxl.c: 26: pwm_ccp1 = 500;
   274  0776  30F4               	movlw	244
   275  0777  00FA               	movwf	_pwm_ccp1
   276  0778  3001               	movlw	1
   277  0779  00FB               	movwf	_pwm_ccp1+1
   278                           
   279                           ;BT03week15ttvxl.c: 27: pwm_10bit1(pwm_ccp1);
   280  077A  30F4               	movlw	244
   281  077B  00F8               	movwf	?_pwm_10bit1
   282  077C  3001               	movlw	1
   283  077D  00F9               	movwf	?_pwm_10bit1+1
   284  077E  120A  118A  27A7   	fcall	_pwm_10bit1
      +       120A  118A         
   285                           
   286                           ;BT03week15ttvxl.c: 29: CCP2CON = 0b00001100;
   287  0783  300C               	movlw	12
   288  0784  009D               	movwf	29	;volatile
   289                           
   290                           ;BT03week15ttvxl.c: 30: pwm_ccp2 = 800;
   291  0785  3020               	movlw	32
   292  0786  00FC               	movwf	_pwm_ccp2
   293  0787  3003               	movlw	3
   294  0788  00FD               	movwf	_pwm_ccp2+1
   295                           
   296                           ;BT03week15ttvxl.c: 31: pwm_10bit2(pwm_ccp2);
   297  0789  3020               	movlw	32
   298  078A  00F8               	movwf	?_pwm_10bit2
   299  078B  3003               	movlw	3
   300  078C  00F9               	movwf	?_pwm_10bit2+1
   301  078D  120A  118A  2793   	fcall	_pwm_10bit2
      +       120A  118A         
   302  0792                     l1034:	
   303                           ;BT03week15ttvxl.c: 34: {
   304                           
   305  0792  2F92               	goto	l1034
   306  0793                     __end_of_main:	
   307                           
   308                           	psect	text34
   309  0793                     __ptext34:	
   310 ;; =============== function _main ends ============
   311                           
   312                           
   313 ;; *************** function _pwm_10bit2 *****************
   314 ;; Defined at:
   315 ;;		line 47 in file "D:\TTVXL\Project TTVXL\BT03week15ttvxl\BT03week15ttvxl.c"
   316 ;; Parameters:    Size  Location     Type
   317 ;;  data_pwm        2    8[COMMON] int 
   318 ;; Auto vars:     Size  Location     Type
   319 ;;		None
   320 ;; Return value:  Size  Location     Type
   321 ;;		None               void
   322 ;; Registers used:
   323 ;;		wreg, status,2, status,0, pclath, cstack
   324 ;; Tracked objects:
   325 ;;		On entry : 17F/0
   326 ;;		On exit  : 17F/0
   327 ;;		Unchanged: FFE80/0
   328 ;; Data sizes:     COMMON   BANK0   BANK1   BANK3   BANK2
   329 ;;      Params:         2       0       0       0       0
   330 ;;      Locals:         0       0       0       0       0
   331 ;;      Temps:          0       0       0       0       0
   332 ;;      Totals:         2       0       0       0       0
   333 ;;Total ram usage:        2 bytes
   334 ;; Hardware stack levels used:    1
   335 ;; Hardware stack levels required when called:    1
   336 ;; This function calls:
   337 ;;		___awdiv
   338 ;; This function is called by:
   339 ;;		_main
   340 ;; This function uses a non-reentrant model
   341 ;;
   342  0793                     _pwm_10bit2:	
   343                           
   344                           ;BT03week15ttvxl.c: 48: CCPR2L = data_pwm/4;
   345                           
   346                           ; Regs used in _pwm_10bit2: [wreg+status,2+status,0+pclath+cstack]
   347  0793  3004               	movlw	4
   348  0794  00F0               	movwf	?___awdiv
   349  0795  01F1               	clrf	?___awdiv+1
   350  0796  0879               	movf	pwm_10bit2@data_pwm+1,w
   351  0797  00F3               	movwf	?___awdiv+3
   352  0798  0878               	movf	pwm_10bit2@data_pwm,w
   353  0799  00F2               	movwf	?___awdiv+2
   354  079A  27BB               	fcall	___awdiv
   355  079B  0870               	movf	?___awdiv,w
   356  079C  009B               	movwf	27	;volatile
   357                           
   358                           ;BT03week15ttvxl.c: 49: DC2B1 = 0; DC2B0 = 0;
   359  079D  129D               	bcf	29,5
   360  079E  121D               	bcf	29,4
   361                           
   362                           ;BT03week15ttvxl.c: 50: if((data_pwm &2) == 1) {DC1B1 = 1;}
   363  079F  0878               	movf	pwm_10bit2@data_pwm,w
   364  07A0  3902               	andlw	2
   365  07A1  3A01               	xorlw	1
   366  07A2  1903               	btfsc	3,2
   367  07A3  1697               	bsf	23,5
   368                           
   369                           ;BT03week15ttvxl.c: 51: if((data_pwm &1) == 1) {DC1B0 = 1;}
   370  07A4  1878               	btfsc	pwm_10bit2@data_pwm,0
   371  07A5  1617               	bsf	23,4
   372  07A6  0008               	return
   373  07A7                     __end_of_pwm_10bit2:	
   374  07A7                     __ptext35:	
   375 ;; =============== function _pwm_10bit2 ends ============
   376                           
   377                           
   378 ;; *************** function _pwm_10bit1 *****************
   379 ;; Defined at:
   380 ;;		line 39 in file "D:\TTVXL\Project TTVXL\BT03week15ttvxl\BT03week15ttvxl.c"
   381 ;; Parameters:    Size  Location     Type
   382 ;;  data_pwm        2    8[COMMON] int 
   383 ;; Auto vars:     Size  Location     Type
   384 ;;		None
   385 ;; Return value:  Size  Location     Type
   386 ;;		None               void
   387 ;; Registers used:
   388 ;;		wreg, status,2, status,0, pclath, cstack
   389 ;; Tracked objects:
   390 ;;		On entry : 17F/0
   391 ;;		On exit  : 17F/0
   392 ;;		Unchanged: FFE80/0
   393 ;; Data sizes:     COMMON   BANK0   BANK1   BANK3   BANK2
   394 ;;      Params:         2       0       0       0       0
   395 ;;      Locals:         0       0       0       0       0
   396 ;;      Temps:          0       0       0       0       0
   397 ;;      Totals:         2       0       0       0       0
   398 ;;Total ram usage:        2 bytes
   399 ;; Hardware stack levels used:    1
   400 ;; Hardware stack levels required when called:    1
   401 ;; This function calls:
   402 ;;		___awdiv
   403 ;; This function is called by:
   404 ;;		_main
   405 ;; This function uses a non-reentrant model
   406 ;;
   407  07A7                     _pwm_10bit1:	
   408                           
   409                           ;BT03week15ttvxl.c: 40: CCPR1L = data_pwm/4;
   410                           
   411                           ; Regs used in _pwm_10bit1: [wreg+status,2+status,0+pclath+cstack]
   412  07A7  3004               	movlw	4
   413  07A8  00F0               	movwf	?___awdiv
   414  07A9  01F1               	clrf	?___awdiv+1
   415  07AA  0879               	movf	pwm_10bit1@data_pwm+1,w
   416  07AB  00F3               	movwf	?___awdiv+3
   417  07AC  0878               	movf	pwm_10bit1@data_pwm,w
   418  07AD  00F2               	movwf	?___awdiv+2
   419  07AE  27BB               	fcall	___awdiv
   420  07AF  0870               	movf	?___awdiv,w
   421  07B0  0095               	movwf	21	;volatile
   422                           
   423                           ;BT03week15ttvxl.c: 41: DC1B1 = 0; DC1B0 = 0;
   424  07B1  1297               	bcf	23,5
   425  07B2  1217               	bcf	23,4
   426                           
   427                           ;BT03week15ttvxl.c: 42: if((data_pwm &2) == 1) {DC1B1 = 1;}
   428  07B3  0878               	movf	pwm_10bit1@data_pwm,w
   429  07B4  3902               	andlw	2
   430  07B5  3A01               	xorlw	1
   431  07B6  1903               	btfsc	3,2
   432  07B7  1697               	bsf	23,5
   433                           
   434                           ;BT03week15ttvxl.c: 43: if((data_pwm &1) == 1) {DC1B0 = 1;}
   435  07B8  1878               	btfsc	pwm_10bit1@data_pwm,0
   436  07B9  1617               	bsf	23,4
   437  07BA  0008               	return
   438  07BB                     __end_of_pwm_10bit1:	
   439  07BB                     __ptext36:	
   440 ;; =============== function _pwm_10bit1 ends ============
   441                           
   442                           
   443 ;; *************** function ___awdiv *****************
   444 ;; Defined at:
   445 ;;		line 5 in file "C:\Program Files (x86)\HI-TECH Software\PICC\9.83\sources\awdiv.c"
   446 ;; Parameters:    Size  Location     Type
   447 ;;  divisor         2    0[COMMON] int 
   448 ;;  dividend        2    2[COMMON] int 
   449 ;; Auto vars:     Size  Location     Type
   450 ;;  quotient        2    6[COMMON] int 
   451 ;;  sign            1    5[COMMON] unsigned char 
   452 ;;  counter         1    4[COMMON] unsigned char 
   453 ;; Return value:  Size  Location     Type
   454 ;;                  2    0[COMMON] int 
   455 ;; Registers used:
   456 ;;		wreg, status,2, status,0
   457 ;; Tracked objects:
   458 ;;		On entry : 17F/0
   459 ;;		On exit  : 17F/0
   460 ;;		Unchanged: FFE80/0
   461 ;; Data sizes:     COMMON   BANK0   BANK1   BANK3   BANK2
   462 ;;      Params:         4       0       0       0       0
   463 ;;      Locals:         4       0       0       0       0
   464 ;;      Temps:          0       0       0       0       0
   465 ;;      Totals:         8       0       0       0       0
   466 ;;Total ram usage:        8 bytes
   467 ;; Hardware stack levels used:    1
   468 ;; This function calls:
   469 ;;		Nothing
   470 ;; This function is called by:
   471 ;;		_pwm_10bit1
   472 ;;		_pwm_10bit2
   473 ;; This function uses a non-reentrant model
   474 ;;
   475  07BB                     ___awdiv:	
   476                           
   477                           ; Regs used in ___awdiv: [wreg+status,2+status,0]
   478  07BB  01F5               	clrf	___awdiv@sign
   479  07BC  1FF1               	btfss	___awdiv@divisor+1,7
   480  07BD  2FC5               	goto	l2435
   481  07BE  09F0               	comf	___awdiv@divisor,f
   482  07BF  09F1               	comf	___awdiv@divisor+1,f
   483  07C0  0AF0               	incf	___awdiv@divisor,f
   484  07C1  1903               	skipnz
   485  07C2  0AF1               	incf	___awdiv@divisor+1,f
   486  07C3  01F5               	clrf	___awdiv@sign
   487  07C4  0AF5               	incf	___awdiv@sign,f
   488  07C5                     l2435:	
   489  07C5  1FF3               	btfss	___awdiv@dividend+1,7
   490  07C6  2FCE               	goto	l2441
   491  07C7  09F2               	comf	___awdiv@dividend,f
   492  07C8  09F3               	comf	___awdiv@dividend+1,f
   493  07C9  0AF2               	incf	___awdiv@dividend,f
   494  07CA  1903               	skipnz
   495  07CB  0AF3               	incf	___awdiv@dividend+1,f
   496  07CC  3001               	movlw	1
   497  07CD  06F5               	xorwf	___awdiv@sign,f
   498  07CE                     l2441:	
   499  07CE  01F6               	clrf	___awdiv@quotient
   500  07CF  01F7               	clrf	___awdiv@quotient+1
   501  07D0  0871               	movf	___awdiv@divisor+1,w
   502  07D1  0470               	iorwf	___awdiv@divisor,w
   503  07D2  1903               	skipnz
   504  07D3  2FF3               	goto	l2463
   505  07D4  01F4               	clrf	___awdiv@counter
   506  07D5                     L1:	
   507  07D5  0AF4               	incf	___awdiv@counter,f
   508  07D6  1BF1               	btfsc	___awdiv@divisor+1,7
   509  07D7  2FDC               	goto	l2451
   510  07D8  1003               	clrc
   511  07D9  0DF0               	rlf	___awdiv@divisor,f
   512  07DA  0DF1               	rlf	___awdiv@divisor+1,f
   513  07DB  2FD5               	goto	L1
   514  07DC                     l2451:	
   515  07DC  1003               	clrc
   516  07DD  0DF6               	rlf	___awdiv@quotient,f
   517  07DE  0DF7               	rlf	___awdiv@quotient+1,f
   518  07DF  0871               	movf	___awdiv@divisor+1,w
   519  07E0  0273               	subwf	___awdiv@dividend+1,w
   520  07E1  1D03               	skipz
   521  07E2  2FE5               	goto	u55
   522  07E3  0870               	movf	___awdiv@divisor,w
   523  07E4  0272               	subwf	___awdiv@dividend,w
   524  07E5                     u55:	
   525  07E5  1C03               	skipc
   526  07E6  2FEF               	goto	L2
   527  07E7  0870               	movf	___awdiv@divisor,w
   528  07E8  02F2               	subwf	___awdiv@dividend,f
   529  07E9  0871               	movf	___awdiv@divisor+1,w
   530  07EA  1C03               	skipc
   531  07EB  03F3               	decf	___awdiv@dividend+1,f
   532  07EC  02F3               	subwf	___awdiv@dividend+1,f
   533  07ED  1476               	bsf	___awdiv@quotient,0
   534  07EE  1003               	clrc
   535  07EF                     L2:	
   536  07EF  0CF1               	rrf	___awdiv@divisor+1,f
   537  07F0  0CF0               	rrf	___awdiv@divisor,f
   538  07F1  0BF4               	decfsz	___awdiv@counter,f
   539  07F2  2FDC               	goto	l2451
   540  07F3                     l2463:	
   541  07F3  0875               	movf	___awdiv@sign,w
   542  07F4  1903               	btfsc	3,2
   543  07F5  2FFB               	goto	l2467
   544  07F6  09F6               	comf	___awdiv@quotient,f
   545  07F7  09F7               	comf	___awdiv@quotient+1,f
   546  07F8  0AF6               	incf	___awdiv@quotient,f
   547  07F9  1903               	skipnz
   548  07FA  0AF7               	incf	___awdiv@quotient+1,f
   549  07FB                     l2467:	
   550  07FB  0877               	movf	___awdiv@quotient+1,w
   551  07FC  00F1               	movwf	?___awdiv+1
   552  07FD  0876               	movf	___awdiv@quotient,w
   553  07FE  00F0               	movwf	?___awdiv
   554  07FF  0008               	return
   555  0800                     __end_of___awdiv:	
   556                           
   557                           	psect	text37
   558  0000                     __ptext37:	
   559 ;; =============== function ___awdiv ends ============
   560                           
   561  007E                     btemp	set	126	;btemp
   562  007E                     wtemp0	set	126


HI-TECH Software PICC Macro Assembler V9.83 build 10920 
Symbol Table                                                                                   Sun Dec 18 11:53:18 2022

                  u55 07E5          ___awdiv@sign 0075                   _PR2 0092                  l1034 0792  
                l2501 0000                  l2511 0000                  l2503 0000                  l2185 0000  
                l2441 07CE                  l2433 0000                  l2513 0000                  l2505 0000  
                l2451 07DC                  l2443 0000                  l2435 07C5                  l2427 0000  
                l2515 0000                  l2507 0000                  l2461 0000                  l2453 0000  
                l2429 0000                  l2517 0000                  l2509 0000                  l2463 07F3  
                l2439 0000                  l2471 0000                  l2519 0000                  l2465 0000  
                l2457 0000                  l2473 0000                  l2467 07FB                  l2475 0000  
                l2483 0000                  l2477 0000                  l2485 0000                  l2487 0000  
                l2495 0000                  l2489 0000                  l2497 0000                  l2499 0000  
                _TMR2 0011                  _main 0764                  btemp 007E                  start 0000  
               _DC1B0 00BC                 _DC1B1 00BD                 _DC2B0 00EC                 _DC2B1 00ED  
               ?_main 0070       __end_of___awdiv 0800                 _ANSEL 0188       ___awdiv@divisor 0070  
     ___awdiv@counter 0074                 status 0003                 wtemp0 007E          __end_of_main 0793  
              ??_main 007A                _CCPR1L 0015                _CCPR2L 001B      ___awdiv@dividend 0072  
              _ANSELH 0189                _TMR2ON 0092                _TRISC1 0439                _TRISC2 043A  
           ??___awdiv 0074      ___awdiv@quotient 0076        __pcstackCOMMON 0070            __pnvCOMMON 007A  
          __pmaintext 0764               _CCP1CON 0017               _CCP2CON 001D               _T2CKPS0 0090  
             _T2CKPS1 0091               ___awdiv 07BB  end_of_initialization 0760            _pwm_10bit1 07A7  
          _pwm_10bit2 0793   start_initialization 075E           ?_pwm_10bit1 0078           ?_pwm_10bit2 0078  
         __pbssCOMMON 007C              ?___awdiv 0070   __size_of_pwm_10bit1 0014   __size_of_pwm_10bit2 0014  
  pwm_10bit1@data_pwm 0078    pwm_10bit2@data_pwm 0078      __size_of___awdiv 0045              __ptext34 0793  
            __ptext35 07A7              __ptext36 07BB              __ptext37 0000         __size_of_main 002F  
        ??_pwm_10bit1 007A          ??_pwm_10bit2 007A              _pwm_ccp1 007A              _pwm_ccp2 007C  
  __end_of_pwm_10bit1 07BB    __end_of_pwm_10bit2 07A7  
