

HI-TECH Software PIC PRO Macro Assembler V9.83 build 10920 
                                                                                               Sun Dec 25 15:09:08 2022

HI-TECH Software Omniscient Code Generator (PRO mode) build 10920
     1                           	processor	16F887
     2                           	opt	pw 120
     3                           	opt	pm
     4                           	psect	config,global,class=CONFIG,delta=2
     5                           	psect	text281,local,class=CODE,delta=2
     6                           	psect	cinit,global,class=CODE,delta=2
     7                           	psect	bssCOMMON,global,class=COMMON,space=1,delta=1
     8                           	psect	bssBANK0,global,class=BANK0,space=1,delta=1
     9                           	psect	cstackCOMMON,global,class=COMMON,space=1,delta=1
    10                           	psect	cstackBANK0,global,class=BANK0,space=1,delta=1
    11                           	psect	maintext,global,class=CODE,delta=2
    12                           	psect	text282,local,class=CODE,delta=2
    13                           	psect	text283,local,class=CODE,delta=2
    14                           	psect	text287,local,class=CODE,delta=2
    15                           	psect	text288,local,class=CODE,delta=2
    16                           	psect	text289,local,class=CODE,delta=2
    17                           	psect	intentry,global,class=CODE,delta=2
    18                           	psect	text290,local,class=CODE,delta=2
    19                           	psect	pa_nodes,global,class=CODE,delta=2
    20                           	dabs	1,0x7E,2
    21  000A                     	;#
    22                           
    23                           	psect	config
    24  2007  E3C2               	dw	58306	;#
    25                           
    26                           	psect	text281
    27  0000                     __ptext281:	
    28  0017                     _CCP1CON	set	23
    29  0015                     _CCPR1L	set	21
    30  001A                     _RCREG	set	26
    31  0011                     _TMR2	set	17
    32  00C4                     _CREN	set	196
    33  00BC                     _DC1B0	set	188
    34  00BD                     _DC1B1	set	189
    35  005F                     _GIE	set	95
    36  005E                     _PEIE	set	94
    37  0065                     _RCIF	set	101
    38  0049                     _RE1	set	73
    39  004A                     _RE2	set	74
    40  00C6                     _RX9	set	198
    41  00C7                     _SPEN	set	199
    42  0090                     _T2CKPS0	set	144
    43  0091                     _T2CKPS1	set	145
    44  0092                     _TMR2ON	set	146
    45  0092                     _PR2	set	146
    46  0099                     _SPBRG	set	153
    47  009A                     _SPBRGH	set	154
    48  04C2                     _BRGH	set	1218
    49  0465                     _RCIE	set	1125
    50  04C4                     _SYNC	set	1220
    51  043A                     _TRISC2	set	1082
    52  0449                     _TRISE1	set	1097
    53  044A                     _TRISE2	set	1098
    54  04C6                     _TX9	set	1222
    55  04C5                     _TXEN	set	1221
    56  0188                     _ANSEL	set	392
    57  0189                     _ANSELH	set	393
    58  0C3B                     _BRG16	set	3131
    59                           
    60                           	psect	cinit
    61  01A2                     start_initialization:	
    62                           
    63                           ; Clear objects allocated to COMMON
    64  01A2  01F9               	clrf	__pbssCOMMON& (0+127)
    65  01A3  01FA               	clrf	(__pbssCOMMON+1)& (0+127)
    66                           
    67                           ; Clear objects allocated to BANK0
    68  01A4  01A0               	clrf	__pbssBANK0& (0+127)
    69  01A5  01A1               	clrf	(__pbssBANK0+1)& (0+127)
    70  01A6  01A2               	clrf	(__pbssBANK0+2)& (0+127)
    71  01A7  01A3               	clrf	(__pbssBANK0+3)& (0+127)
    72  01A8  01A4               	clrf	(__pbssBANK0+4)& (0+127)
    73  01A9  01A5               	clrf	(__pbssBANK0+5)& (0+127)
    74  01AA  01A6               	clrf	(__pbssBANK0+6)& (0+127)
    75  01AB  01A7               	clrf	(__pbssBANK0+7)& (0+127)
    76  01AC  01A8               	clrf	(__pbssBANK0+8)& (0+127)
    77  01AD  01A9               	clrf	(__pbssBANK0+9)& (0+127)
    78  01AE  01AA               	clrf	(__pbssBANK0+10)& (0+127)
    79  01AF  01AB               	clrf	(__pbssBANK0+11)& (0+127)
    80  01B0  01AC               	clrf	(__pbssBANK0+12)& (0+127)
    81  01B1  01AD               	clrf	(__pbssBANK0+13)& (0+127)
    82  01B2                     end_of_initialization:	
    83                           ;End of C runtime variable initialization code
    84                           
    85  01B2  0183               	clrf	3
    86  01B3  120A  118A  2895   	ljmp	_main	;jump to C main() function
    87                           
    88                           	psect	bssCOMMON
    89  0079                     __pbssCOMMON:	
    90  0079                     _a:	
    91  0079                     	ds	2
    92                           
    93                           	psect	bssBANK0
    94  0020                     __pbssBANK0:	
    95  0020                     _data_rx:	
    96  0020                     	ds	10
    97  002A                     _pwm_final:	
    98  002A                     	ds	2
    99  002C                     _pwm_t:	
   100  002C                     	ds	2
   101                           
   102                           	psect	cstackCOMMON
   103  0070                     __pcstackCOMMON:	
   104  0070                     ?_tx:	
   105  0070                     ?_rx:	
   106                           ; 0 bytes @ 0x0
   107                           
   108  0070                     ?_isdigit:	
   109                           ; 0 bytes @ 0x0
   110                           
   111  0070                     ?_main:	
   112                           ; 1 bit 
   113                           
   114  0070                     ?_ngat:	
   115                           ; 0 bytes @ 0x0
   116                           
   117  0070                     ??_ngat:	
   118                           ; 0 bytes @ 0x0
   119                           
   120                           
   121                           ; 0 bytes @ 0x0
   122  0070                     	ds	3
   123  0073                     ??_tx:	
   124  0073                     ??_rx:	
   125                           ; 0 bytes @ 0x3
   126                           
   127  0073                     ??_isdigit:	
   128                           ; 0 bytes @ 0x3
   129                           
   130  0073                     ?___wmul:	
   131                           ; 0 bytes @ 0x3
   132                           
   133  0073                     ?___awdiv:	
   134                           ; 2 bytes @ 0x3
   135                           
   136  0073                     _isdigit$2339:	
   137                           ; 2 bytes @ 0x3
   138                           
   139  0073                     ___wmul@multiplier:	
   140                           ; 1 bytes @ 0x3
   141                           
   142  0073                     ___awdiv@divisor:	
   143                           ; 2 bytes @ 0x3
   144                           
   145                           
   146                           ; 2 bytes @ 0x3
   147  0073                     	ds	1
   148  0074                     isdigit@c:	
   149                           
   150                           ; 1 bytes @ 0x4
   151  0074                     	ds	1
   152  0075                     ___wmul@multiplicand:	
   153  0075                     ___awdiv@dividend:	
   154                           ; 2 bytes @ 0x5
   155                           
   156                           
   157                           ; 2 bytes @ 0x5
   158  0075                     	ds	2
   159  0077                     ??_pwm_10bit:	
   160  0077                     ??___wmul:	
   161                           ; 0 bytes @ 0x7
   162                           
   163  0077                     ??___awdiv:	
   164                           ; 0 bytes @ 0x7
   165                           
   166  0077                     ___wmul@product:	
   167                           ; 0 bytes @ 0x7
   168                           
   169                           
   170                           ; 2 bytes @ 0x7
   171  0077                     	ds	2
   172                           
   173                           	psect	cstackBANK0
   174  002E                     __pcstackBANK0:	
   175  002E                     ?_atoi:	
   176  002E                     ___awdiv@counter:	
   177                           ; 2 bytes @ 0x0
   178                           
   179                           
   180                           ; 1 bytes @ 0x0
   181  002E                     	ds	1
   182  002F                     ___awdiv@sign:	
   183                           
   184                           ; 1 bytes @ 0x1
   185  002F                     	ds	1
   186  0030                     ??_atoi:	
   187  0030                     ___awdiv@quotient:	
   188                           ; 0 bytes @ 0x2
   189                           
   190                           
   191                           ; 2 bytes @ 0x2
   192  0030                     	ds	2
   193  0032                     ?_pwm_10bit:	
   194  0032                     atoi@sign:	
   195                           ; 0 bytes @ 0x4
   196                           
   197  0032                     pwm_10bit@pwm:	
   198                           ; 1 bytes @ 0x4
   199                           
   200                           
   201                           ; 2 bytes @ 0x4
   202  0032                     	ds	1
   203  0033                     atoi@a:	
   204                           
   205                           ; 2 bytes @ 0x5
   206  0033                     	ds	2
   207  0035                     atoi@s:	
   208                           
   209                           ; 1 bytes @ 0x7
   210  0035                     	ds	1
   211  0036                     ??_main:	
   212                           
   213                           ; 0 bytes @ 0x8
   214  0036                     	ds	1
   215  0037                     main@data_pwm:	
   216                           
   217                           ; 3 bytes @ 0x9
   218  0037                     	ds	3
   219  003A                     main@b:	
   220                           
   221                           ; 2 bytes @ 0xC
   222  003A                     	ds	2
   223                           
   224                           	psect	maintext
   225  0095                     __pmaintext:	
   226 ;;Data sizes: Strings 0, constant 0, data 0, bss 16, persistent 0 stack 0
   227 ;;Auto spaces:   Size  Autos    Used
   228 ;; COMMON          14      9      11
   229 ;; BANK0           80     14      28
   230 ;; BANK1           80      0       0
   231 ;; BANK3           96      0       0
   232 ;; BANK2           96      0       0
   233 ;;
   234 ;; Pointer list with targets:
   235 ;; ?___awdiv	int  size(1) Largest target is 0
   236 ;;
   237 ;; ?_lcd_putc	int  size(1) Largest target is 0
   238 ;;
   239 ;; ?___wmul	unsigned int  size(1) Largest target is 0
   240 ;;
   241 ;; ?_atoi	int  size(1) Largest target is 0
   242 ;;
   243 ;; atoi@s	PTR const unsigned char  size(1) Largest target is 3
   244 ;;		 -> main@data_pwm(BANK0[3]), 
   245 ;;
   246 ;;
   247 ;; Critical Paths under _main in COMMON
   248 ;;
   249 ;;   _main->___wmul
   250 ;;   _pwm_10bit->___awdiv
   251 ;;   _atoi->___wmul
   252 ;;
   253 ;; Critical Paths under _ngat in COMMON
   254 ;;
   255 ;;   None.
   256 ;;
   257 ;; Critical Paths under _main in BANK0
   258 ;;
   259 ;;   _main->_atoi
   260 ;;   _pwm_10bit->___awdiv
   261 ;;
   262 ;; Critical Paths under _ngat in BANK0
   263 ;;
   264 ;;   None.
   265 ;;
   266 ;; Critical Paths under _main in BANK1
   267 ;;
   268 ;;   None.
   269 ;;
   270 ;; Critical Paths under _ngat in BANK1
   271 ;;
   272 ;;   None.
   273 ;;
   274 ;; Critical Paths under _main in BANK3
   275 ;;
   276 ;;   None.
   277 ;;
   278 ;; Critical Paths under _ngat in BANK3
   279 ;;
   280 ;;   None.
   281 ;;
   282 ;; Critical Paths under _main in BANK2
   283 ;;
   284 ;;   None.
   285 ;;
   286 ;; Critical Paths under _ngat in BANK2
   287 ;;
   288 ;;   None.
   289 ;;
   290 ;;Main: autosize = 0, tempsize = 1, incstack = 0, save=0
   291 ;;
   292 ;;
   293 ;;Call Graph Tables:
   294 ;;
   295 ;; ---------------------------------------------------------------------------------
   296 ;; (Depth) Function   	        Calls       Base Space   Used Autos Params    Refs
   297 ;; ---------------------------------------------------------------------------------
   298 ;; (0) _main                                                16    16      0    1340
   299 ;;                                              8 BANK0      6     6      0
   300 ;;                                 _tx
   301 ;;                                 _rx
   302 ;;                               _atoi
   303 ;;                             ___wmul
   304 ;;                          _pwm_10bit
   305 ;; ---------------------------------------------------------------------------------
   306 ;; (1) _pwm_10bit                                            2     0      2     538
   307 ;;                                              4 BANK0      2     0      2
   308 ;;                            ___awdiv
   309 ;; ---------------------------------------------------------------------------------
   310 ;; (1) _atoi                                                 8     6      2     494
   311 ;;                                              0 BANK0      8     6      2
   312 ;;                             ___wmul
   313 ;;                            _isdigit
   314 ;; ---------------------------------------------------------------------------------
   315 ;; (2) ___awdiv                                              8     4      4     445
   316 ;;                                              3 COMMON     4     0      4
   317 ;;                                              0 BANK0      4     4      0
   318 ;; ---------------------------------------------------------------------------------
   319 ;; (1) ___wmul                                               6     2      4      92
   320 ;;                                              3 COMMON     6     2      4
   321 ;; ---------------------------------------------------------------------------------
   322 ;; (2) _isdigit                                              2     2      0      68
   323 ;;                                              3 COMMON     2     2      0
   324 ;; ---------------------------------------------------------------------------------
   325 ;; (1) _rx                                                   0     0      0       0
   326 ;; ---------------------------------------------------------------------------------
   327 ;; (1) _tx                                                   0     0      0       0
   328 ;; ---------------------------------------------------------------------------------
   329 ;; Estimated maximum stack depth 2
   330 ;; ---------------------------------------------------------------------------------
   331 ;; (Depth) Function   	        Calls       Base Space   Used Autos Params    Refs
   332 ;; ---------------------------------------------------------------------------------
   333 ;; (3) _ngat                                                 3     3      0       0
   334 ;;                                              0 COMMON     3     3      0
   335 ;; ---------------------------------------------------------------------------------
   336 ;; Estimated maximum stack depth 3
   337 ;; ---------------------------------------------------------------------------------
   338 ;; Call Graph Graphs:
   339 ;; _main (ROOT)
   340 ;;   _tx
   341 ;;   _rx
   342 ;;   _atoi
   343 ;;     ___wmul
   344 ;;     _isdigit
   345 ;;   ___wmul
   346 ;;   _pwm_10bit
   347 ;;     ___awdiv
   348 ;;
   349 ;; _ngat (ROOT)
   350 ;;
   351 ;; Address spaces:
   352 ;;Name               Size   Autos  Total    Cost      Usage
   353 ;;BITCOMMON            E      0       0       0        0.0%
   354 ;;EEDATA             100      0       0       0        0.0%
   355 ;;NULL                 0      0       0       0        0.0%
   356 ;;CODE                 0      0       0       0        0.0%
   357 ;;COMMON               E      9       B       1       78.6%
   358 ;;BITSFR0              0      0       0       1        0.0%
   359 ;;SFR0                 0      0       0       1        0.0%
   360 ;;BITSFR1              0      0       0       2        0.0%
   361 ;;SFR1                 0      0       0       2        0.0%
   362 ;;STACK                0      0       2       2        0.0%
   363 ;;ABS                  0      0      27       3        0.0%
   364 ;;BITBANK0            50      0       0       4        0.0%
   365 ;;BITSFR3              0      0       0       4        0.0%
   366 ;;SFR3                 0      0       0       4        0.0%
   367 ;;BANK0               50      E      1C       5       35.0%
   368 ;;BITSFR2              0      0       0       5        0.0%
   369 ;;SFR2                 0      0       0       5        0.0%
   370 ;;BITBANK1            50      0       0       6        0.0%
   371 ;;BANK1               50      0       0       7        0.0%
   372 ;;BITBANK3            60      0       0       8        0.0%
   373 ;;BANK3               60      0       0       9        0.0%
   374 ;;BITBANK2            60      0       0      10        0.0%
   375 ;;BANK2               60      0       0      11        0.0%
   376 ;;DATA                 0      0      29      12        0.0%
   377                           
   378                           
   379 ;; *************** function _main *****************
   380 ;; Defined at:
   381 ;;		line 22 in file "D:\TTVXL\Project TTVXL\BT Ôn Thi 11\BT Ôn Thi 11.c"
   382 ;; Parameters:    Size  Location     Type
   383 ;;		None
   384 ;; Auto vars:     Size  Location     Type
   385 ;;  b               2   12[BANK0 ] int 
   386 ;;  data_tx        10    0        unsigned char [10]
   387 ;;  data_pwm        3    9[BANK0 ] unsigned char [3]
   388 ;; Return value:  Size  Location     Type
   389 ;;		None               void
   390 ;; Registers used:
   391 ;;		wreg, fsr0l, fsr0h, status,2, status,0, btemp+1, pclath, cstack
   392 ;; Tracked objects:
   393 ;;		On entry : 17F/0
   394 ;;		On exit  : 160/0
   395 ;;		Unchanged: FFE00/0
   396 ;; Data sizes:     COMMON   BANK0   BANK1   BANK3   BANK2
   397 ;;      Params:         0       0       0       0       0
   398 ;;      Locals:         0       5       0       0       0
   399 ;;      Temps:          0       1       0       0       0
   400 ;;      Totals:         0       6       0       0       0
   401 ;;Total ram usage:        6 bytes
   402 ;; Hardware stack levels required when called:    3
   403 ;; This function calls:
   404 ;;		_tx
   405 ;;		_rx
   406 ;;		_atoi
   407 ;;		___wmul
   408 ;;		_pwm_10bit
   409 ;; This function is called by:
   410 ;;		Startup code after reset
   411 ;; This function uses a non-reentrant model
   412 ;;
   413  0095                     _main:	
   414                           
   415                           ;BT Ôn Thi 11.c: 23: ANSEL = ANSELH = 0;
   416                           
   417                           ; Regs used in _main: [wreg-fsr0h+status,2+status,0+btemp+1+pclath+cstack]
   418  0095  1683               	bsf	3,5	;RP0=1, select bank3
   419  0096  1703               	bsf	3,6	;RP1=1, select bank3
   420  0097  0189               	clrf	9	;volatile
   421  0098  0188               	clrf	8	;volatile
   422                           
   423                           ;BT Ôn Thi 11.c: 24: TRISE1 = 0; RE1=0;
   424  0099  1303               	bcf	3,6	;RP1=0, select bank1
   425  009A  1089               	bcf	9,1
   426  009B  1283               	bcf	3,5	;RP0=0, select bank0
   427  009C  1089               	bcf	9,1
   428                           
   429                           ;BT Ôn Thi 11.c: 25: TRISE2 = 0; RE2=0;
   430  009D  1683               	bsf	3,5	;RP0=1, select bank1
   431  009E  1109               	bcf	9,2
   432  009F  1283               	bcf	3,5	;RP0=0, select bank0
   433  00A0  1109               	bcf	9,2
   434                           
   435                           ;BT Ôn Thi 11.c: 27: TRISC2 = 0;
   436  00A1  1683               	bsf	3,5	;RP0=1, select bank1
   437  00A2  1107               	bcf	7,2
   438                           
   439                           ;BT Ôn Thi 11.c: 29: T2CKPS1 = 0; T2CKPS0 = 1;
   440  00A3  1283               	bcf	3,5	;RP0=0, select bank0
   441  00A4  307C               	movlw	124
   442  00A5  1092               	bcf	18,1
   443  00A6  1412               	bsf	18,0
   444                           
   445                           ;BT Ôn Thi 11.c: 30: PR2 = 124; TMR2 = 0;
   446  00A7  1683               	bsf	3,5	;RP0=1, select bank1
   447  00A8  0092               	movwf	18	;volatile
   448  00A9  1283               	bcf	3,5	;RP0=0, select bank0
   449  00AA  0191               	clrf	17	;volatile
   450                           
   451                           ;BT Ôn Thi 11.c: 31: TMR2ON = 0;
   452  00AB  1112               	bcf	18,2
   453                           
   454                           ;BT Ôn Thi 11.c: 33: CCP1CON = 0b00000000;
   455  00AC  0197               	clrf	23	;volatile
   456                           
   457                           ;BT Ôn Thi 11.c: 34: CCPR1L=0;
   458  00AD  0195               	clrf	21	;volatile
   459                           
   460                           ;BT Ôn Thi 11.c: 36: tx();
   461  00AE  120A  118A  21B6   	fcall	_tx
      +       120A  118A         
   462                           
   463                           ;BT Ôn Thi 11.c: 37: rx();
   464  00B3  120A  118A  218D   	fcall	_rx
      +       120A  118A         
   465  00B8                     l3081:	
   466                           
   467                           ;BT Ôn Thi 11.c: 41: {
   468                           ;BT Ôn Thi 11.c: 43: for (int b=1;b<=2;b++){
   469  00B8  01BA               	clrf	main@b
   470  00B9  0ABA               	incf	main@b,f
   471  00BA  01BB               	clrf	main@b+1
   472  00BB                     l3087:	
   473                           
   474                           ;BT Ôn Thi 11.c: 44: data_pwm[b-1]=data_rx[b];
   475  00BB  1283               	bcf	3,5	;RP0=0, select bank0
   476  00BC  1303               	bcf	3,6	;RP1=0, select bank0
   477  00BD  083A               	movf	main@b,w
   478  00BE  3E20               	addlw	_data_rx& (0+255)
   479  00BF  0084               	movwf	4
   480  00C0  1383               	bcf	3,7	;select IRP bank0
   481  00C1  0800               	movf	0,w
   482  00C2  00B6               	movwf	??_main
   483  00C3  083A               	movf	main@b,w
   484  00C4  3EFF               	addlw	255
   485  00C5  3E37               	addlw	main@data_pwm& (0+255)
   486  00C6  0084               	movwf	4
   487  00C7  0836               	movf	??_main,w
   488  00C8  0080               	movwf	0
   489  00C9  0ABA               	incf	main@b,f
   490  00CA  1903               	skipnz
   491  00CB  0ABB               	incf	main@b+1,f
   492  00CC  083B               	movf	main@b+1,w
   493  00CD  3A80               	xorlw	128
   494  00CE  00FF               	movwf	127
   495  00CF  3080               	movlw	128
   496  00D0  027F               	subwf	127,w
   497  00D1  1D03               	skipz
   498  00D2  28D5               	goto	u665
   499  00D3  3003               	movlw	3
   500  00D4  023A               	subwf	main@b,w
   501  00D5                     u665:	
   502  00D5  1C03               	skipc
   503  00D6  28BB               	goto	l3087
   504                           
   505                           ;BT Ôn Thi 11.c: 45: }
   506                           ;BT Ôn Thi 11.c: 46: pwm_t=atoi(data_pwm);
   507  00D7  3037               	movlw	main@data_pwm& (0+255)
   508  00D8  120A  118A  2011   	fcall	_atoi
      +       120A  118A         
   509  00DD  082F               	movf	?_atoi+1,w
   510  00DE  00AD               	movwf	_pwm_t+1
   511  00DF  082E               	movf	?_atoi,w
   512  00E0  00AC               	movwf	_pwm_t
   513  00E1  300C               	movlw	12
   514                           
   515                           ;BT Ôn Thi 11.c: 47: TMR2ON = 1;
   516  00E2  1512               	bsf	18,2
   517                           
   518                           ;BT Ôn Thi 11.c: 48: CCP1CON = 0b00001100;
   519  00E3  0097               	movwf	23	;volatile
   520                           
   521                           ;BT Ôn Thi 11.c: 49: pwm_final=5*pwm_t;
   522  00E4  082D               	movf	_pwm_t+1,w
   523  00E5  00F4               	movwf	?___wmul+1
   524  00E6  082C               	movf	_pwm_t,w
   525  00E7  00F3               	movwf	?___wmul
   526  00E8  3005               	movlw	5
   527  00E9  00F5               	movwf	?___wmul+2
   528  00EA  01F6               	clrf	?___wmul+3
   529  00EB  120A  118A  207C   	fcall	___wmul
      +       120A  118A         
   530  00F0  0874               	movf	?___wmul+1,w
   531  00F1  00AB               	movwf	_pwm_final+1
   532  00F2  0873               	movf	?___wmul,w
   533  00F3  00AA               	movwf	_pwm_final
   534                           
   535                           ;BT Ôn Thi 11.c: 50: pwm_10bit(pwm_final);
   536  00F4  082B               	movf	_pwm_final+1,w
   537  00F5  00B3               	movwf	?_pwm_10bit+1
   538  00F6  082A               	movf	_pwm_final,w
   539  00F7  00B2               	movwf	?_pwm_10bit
   540  00F8  120A  118A  20FE   	fcall	_pwm_10bit
      +       120A  118A         
   541  00FD  28B8               	goto	l3081
   542  00FE                     __end_of_main:	
   543                           
   544                           	psect	text282
   545  00FE                     __ptext282:	
   546 ;; =============== function _main ends ============
   547                           
   548                           
   549 ;; *************** function _pwm_10bit *****************
   550 ;; Defined at:
   551 ;;		line 72 in file "D:\TTVXL\Project TTVXL\BT Ôn Thi 11\BT Ôn Thi 11.c"
   552 ;; Parameters:    Size  Location     Type
   553 ;;  pwm             2    4[BANK0 ] int 
   554 ;; Auto vars:     Size  Location     Type
   555 ;;		None
   556 ;; Return value:  Size  Location     Type
   557 ;;		None               void
   558 ;; Registers used:
   559 ;;		wreg, status,2, status,0, pclath, cstack
   560 ;; Tracked objects:
   561 ;;		On entry : 160/0
   562 ;;		On exit  : 160/0
   563 ;;		Unchanged: FFE9F/0
   564 ;; Data sizes:     COMMON   BANK0   BANK1   BANK3   BANK2
   565 ;;      Params:         0       2       0       0       0
   566 ;;      Locals:         0       0       0       0       0
   567 ;;      Temps:          0       0       0       0       0
   568 ;;      Totals:         0       2       0       0       0
   569 ;;Total ram usage:        2 bytes
   570 ;; Hardware stack levels used:    1
   571 ;; Hardware stack levels required when called:    2
   572 ;; This function calls:
   573 ;;		___awdiv
   574 ;; This function is called by:
   575 ;;		_main
   576 ;; This function uses a non-reentrant model
   577 ;;
   578  00FE                     _pwm_10bit:	
   579                           
   580                           ;BT Ôn Thi 11.c: 73: CCPR1L = pwm/4;
   581                           
   582                           ; Regs used in _pwm_10bit: [wreg+status,2+status,0+pclath+cstack]
   583  00FE  3004               	movlw	4
   584  00FF  00F3               	movwf	?___awdiv
   585  0100  01F4               	clrf	?___awdiv+1
   586  0101  0833               	movf	pwm_10bit@pwm+1,w
   587  0102  00F6               	movwf	?___awdiv+3
   588  0103  0832               	movf	pwm_10bit@pwm,w
   589  0104  00F5               	movwf	?___awdiv+2
   590  0105  2112               	fcall	___awdiv
   591  0106  0873               	movf	?___awdiv,w
   592  0107  0095               	movwf	21	;volatile
   593                           
   594                           ;BT Ôn Thi 11.c: 74: DC1B1 = 0; DC1B0 = 0;
   595  0108  1297               	bcf	23,5
   596  0109  1217               	bcf	23,4
   597                           
   598                           ;BT Ôn Thi 11.c: 75: if((pwm & 2) == 1) DC1B1 = 1;
   599  010A  0832               	movf	pwm_10bit@pwm,w
   600  010B  3902               	andlw	2
   601  010C  3A01               	xorlw	1
   602  010D  1903               	btfsc	3,2
   603  010E  1697               	bsf	23,5
   604                           
   605                           ;BT Ôn Thi 11.c: 76: if((pwm & 1) == 1) DC1B0 = 1;
   606  010F  1832               	btfsc	pwm_10bit@pwm,0
   607  0110  1617               	bsf	23,4
   608  0111  0008               	return
   609  0112                     __end_of_pwm_10bit:	
   610  0112                     __ptext284:	
   611 ;; =============== function _atoi ends ============
   612                           
   613                           
   614 ;; *************** function ___awdiv *****************
   615 ;; Defined at:
   616 ;;		line 5 in file "C:\Program Files (x86)\HI-TECH Software\PICC\9.83\sources\awdiv.c"
   617 ;; Parameters:    Size  Location     Type
   618 ;;  divisor         2    3[COMMON] int 
   619 ;;  dividend        2    5[COMMON] int 
   620 ;; Auto vars:     Size  Location     Type
   621 ;;  quotient        2    2[BANK0 ] int 
   622 ;;  sign            1    1[BANK0 ] unsigned char 
   623 ;;  counter         1    0[BANK0 ] unsigned char 
   624 ;; Return value:  Size  Location     Type
   625 ;;                  2    3[COMMON] int 
   626 ;; Registers used:
   627 ;;		wreg, status,2, status,0
   628 ;; Tracked objects:
   629 ;;		On entry : 160/0
   630 ;;		On exit  : 160/0
   631 ;;		Unchanged: FFE9F/0
   632 ;; Data sizes:     COMMON   BANK0   BANK1   BANK3   BANK2
   633 ;;      Params:         4       0       0       0       0
   634 ;;      Locals:         0       4       0       0       0
   635 ;;      Temps:          0       0       0       0       0
   636 ;;      Totals:         4       4       0       0       0
   637 ;;Total ram usage:        8 bytes
   638 ;; Hardware stack levels used:    1
   639 ;; Hardware stack levels required when called:    1
   640 ;; This function calls:
   641 ;;		Nothing
   642 ;; This function is called by:
   643 ;;		_pwm_10bit
   644 ;; This function uses a non-reentrant model
   645 ;;
   646  0112                     ___awdiv:	
   647                           
   648                           ; Regs used in ___awdiv: [wreg+status,2+status,0]
   649  0112  01AF               	clrf	___awdiv@sign
   650  0113  1FF4               	btfss	___awdiv@divisor+1,7
   651  0114  291C               	goto	l2969
   652  0115  09F3               	comf	___awdiv@divisor,f
   653  0116  09F4               	comf	___awdiv@divisor+1,f
   654  0117  0AF3               	incf	___awdiv@divisor,f
   655  0118  1903               	skipnz
   656  0119  0AF4               	incf	___awdiv@divisor+1,f
   657  011A  01AF               	clrf	___awdiv@sign
   658  011B  0AAF               	incf	___awdiv@sign,f
   659  011C                     l2969:	
   660  011C  1FF6               	btfss	___awdiv@dividend+1,7
   661  011D  2925               	goto	l2975
   662  011E  09F5               	comf	___awdiv@dividend,f
   663  011F  09F6               	comf	___awdiv@dividend+1,f
   664  0120  0AF5               	incf	___awdiv@dividend,f
   665  0121  1903               	skipnz
   666  0122  0AF6               	incf	___awdiv@dividend+1,f
   667  0123  3001               	movlw	1
   668  0124  06AF               	xorwf	___awdiv@sign,f
   669  0125                     l2975:	
   670  0125  01B0               	clrf	___awdiv@quotient
   671  0126  01B1               	clrf	___awdiv@quotient+1
   672  0127  0874               	movf	___awdiv@divisor+1,w
   673  0128  0473               	iorwf	___awdiv@divisor,w
   674  0129  1903               	skipnz
   675  012A  294A               	goto	l2997
   676  012B  01AE               	clrf	___awdiv@counter
   677  012C                     L1:	
   678  012C  0AAE               	incf	___awdiv@counter,f
   679  012D  1BF4               	btfsc	___awdiv@divisor+1,7
   680  012E  2933               	goto	l2985
   681  012F  1003               	clrc
   682  0130  0DF3               	rlf	___awdiv@divisor,f
   683  0131  0DF4               	rlf	___awdiv@divisor+1,f
   684  0132  292C               	goto	L1
   685  0133                     l2985:	
   686  0133  1003               	clrc
   687  0134  0DB0               	rlf	___awdiv@quotient,f
   688  0135  0DB1               	rlf	___awdiv@quotient+1,f
   689  0136  0874               	movf	___awdiv@divisor+1,w
   690  0137  0276               	subwf	___awdiv@dividend+1,w
   691  0138  1D03               	skipz
   692  0139  293C               	goto	u555
   693  013A  0873               	movf	___awdiv@divisor,w
   694  013B  0275               	subwf	___awdiv@dividend,w
   695  013C                     u555:	
   696  013C  1C03               	skipc
   697  013D  2946               	goto	L2
   698  013E  0873               	movf	___awdiv@divisor,w
   699  013F  02F5               	subwf	___awdiv@dividend,f
   700  0140  0874               	movf	___awdiv@divisor+1,w
   701  0141  1C03               	skipc
   702  0142  03F6               	decf	___awdiv@dividend+1,f
   703  0143  02F6               	subwf	___awdiv@dividend+1,f
   704  0144  1430               	bsf	___awdiv@quotient,0
   705  0145  1003               	clrc
   706  0146                     L2:	
   707  0146  0CF4               	rrf	___awdiv@divisor+1,f
   708  0147  0CF3               	rrf	___awdiv@divisor,f
   709  0148  0BAE               	decfsz	___awdiv@counter,f
   710  0149  2933               	goto	l2985
   711  014A                     l2997:	
   712  014A  082F               	movf	___awdiv@sign,w
   713  014B  1903               	btfsc	3,2
   714  014C  2952               	goto	l3001
   715  014D  09B0               	comf	___awdiv@quotient,f
   716  014E  09B1               	comf	___awdiv@quotient+1,f
   717  014F  0AB0               	incf	___awdiv@quotient,f
   718  0150  1903               	skipnz
   719  0151  0AB1               	incf	___awdiv@quotient+1,f
   720  0152                     l3001:	
   721  0152  0831               	movf	___awdiv@quotient+1,w
   722  0153  00F4               	movwf	?___awdiv+1
   723  0154  0830               	movf	___awdiv@quotient,w
   724  0155  00F3               	movwf	?___awdiv
   725  0156  0008               	return
   726  0157                     __end_of___awdiv:	
   727                           
   728                           	psect	text283
   729  0011                     __ptext283:	
   730 ;; =============== function _pwm_10bit ends ============
   731                           
   732                           
   733 ;; *************** function _atoi *****************
   734 ;; Defined at:
   735 ;;		line 6 in file "C:\Program Files (x86)\HI-TECH Software\PICC\9.83\sources\atoi.c"
   736 ;; Parameters:    Size  Location     Type
   737 ;;  s               1    wreg     PTR const unsigned char 
   738 ;;		 -> main@data_pwm(3), 
   739 ;; Auto vars:     Size  Location     Type
   740 ;;  s               1    7[BANK0 ] PTR const unsigned char 
   741 ;;		 -> main@data_pwm(3), 
   742 ;;  a               2    5[BANK0 ] int 
   743 ;;  sign            1    4[BANK0 ] unsigned char 
   744 ;; Return value:  Size  Location     Type
   745 ;;                  2    0[BANK0 ] int 
   746 ;; Registers used:
   747 ;;		wreg, fsr0l, fsr0h, status,2, status,0, pclath, cstack
   748 ;; Tracked objects:
   749 ;;		On entry : 0/0
   750 ;;		On exit  : 160/0
   751 ;;		Unchanged: FFE9F/0
   752 ;; Data sizes:     COMMON   BANK0   BANK1   BANK3   BANK2
   753 ;;      Params:         0       2       0       0       0
   754 ;;      Locals:         0       4       0       0       0
   755 ;;      Temps:          0       2       0       0       0
   756 ;;      Totals:         0       8       0       0       0
   757 ;;Total ram usage:        8 bytes
   758 ;; Hardware stack levels used:    1
   759 ;; Hardware stack levels required when called:    2
   760 ;; This function calls:
   761 ;;		___wmul
   762 ;;		_isdigit
   763 ;; This function is called by:
   764 ;;		_main
   765 ;; This function uses a non-reentrant model
   766 ;;
   767  0011                     _atoi:	
   768                           
   769                           ; Regs used in _atoi: [wreg-fsr0h+status,2+status,0+pclath+cstack]
   770                           ;atoi@s stored from wreg
   771  0011  1283               	bcf	3,5	;RP0=0, select bank0
   772  0012  1303               	bcf	3,6	;RP1=0, select bank0
   773  0013  00B5               	movwf	atoi@s
   774  0014                     l3009:	
   775  0014  0835               	movf	atoi@s,w
   776  0015  0084               	movwf	4
   777  0016  1383               	bcf	3,7	;select IRP bank0
   778  0017  0800               	movf	0,w
   779  0018  3A20               	xorlw	32
   780  0019  1D03               	btfss	3,2
   781  001A  281D               	goto	l3011
   782  001B                     l3007:	
   783  001B  0AB5               	incf	atoi@s,f
   784  001C  2814               	goto	l3009
   785  001D                     l3011:	
   786  001D  0835               	movf	atoi@s,w
   787  001E  0084               	movwf	4
   788  001F  0800               	movf	0,w
   789  0020  3A09               	xorlw	9
   790  0021  1903               	skipnz
   791  0022  281B               	goto	l3007
   792  0023  01B3               	clrf	atoi@a
   793  0024  01B4               	clrf	atoi@a+1
   794  0025  01B2               	clrf	atoi@sign
   795  0026  0835               	movf	atoi@s,w
   796  0027  0084               	movwf	4
   797  0028  0800               	movf	0,w
   798  0029  3A2D               	xorlw	45
   799  002A  1D03               	skipz
   800  002B  282E               	goto	l3019
   801  002C  0AB2               	incf	atoi@sign,f
   802  002D  2858               	goto	l3021
   803  002E                     l3019:	
   804  002E  0835               	movf	atoi@s,w
   805  002F  0084               	movwf	4
   806  0030  0800               	movf	0,w
   807  0031  3A2B               	xorlw	43
   808  0032  1903               	btfsc	3,2
   809  0033  2858               	goto	l3021
   810  0034                     l3027:	
   811  0034  0835               	movf	atoi@s,w
   812  0035  0084               	movwf	4
   813  0036  0800               	movf	0,w
   814  0037  206E  120A  118A   	fcall	_isdigit
   815  003A  1C03               	btfss	3,0
   816  003B  285A               	goto	l3029
   817  003C  0835               	movf	atoi@s,w
   818  003D  0084               	movwf	4
   819  003E  0834               	movf	atoi@a+1,w
   820  003F  00F4               	movwf	?___wmul+1
   821  0040  0833               	movf	atoi@a,w
   822  0041  00F3               	movwf	?___wmul
   823  0042  300A               	movlw	10
   824  0043  00F5               	movwf	?___wmul+2
   825  0044  01F6               	clrf	?___wmul+3
   826  0045  207C  120A  118A   	fcall	___wmul
   827  0048  0800               	movf	0,w
   828  0049  0773               	addwf	?___wmul,w
   829  004A  00B0               	movwf	??_atoi
   830  004B  3000               	movlw	0
   831  004C  1803               	skipnc
   832  004D  3001               	movlw	1
   833  004E  0774               	addwf	?___wmul+1,w
   834  004F  00B1               	movwf	??_atoi+1
   835  0050  0830               	movf	??_atoi,w
   836  0051  3ED0               	addlw	208
   837  0052  00B3               	movwf	atoi@a
   838  0053  0831               	movf	??_atoi+1,w
   839  0054  1803               	skipnc
   840  0055  3E01               	addlw	1
   841  0056  3EFF               	addlw	255
   842  0057  00B4               	movwf	atoi@a+1
   843  0058                     l3021:	
   844  0058  0AB5               	incf	atoi@s,f
   845  0059  2834               	goto	l3027
   846  005A                     l3029:	
   847  005A  0832               	movf	atoi@sign,w
   848  005B  1903               	btfsc	3,2
   849  005C  2869               	goto	l3035
   850  005D  0933               	comf	atoi@a,w
   851  005E  00B0               	movwf	??_atoi
   852  005F  0934               	comf	atoi@a+1,w
   853  0060  00B1               	movwf	??_atoi+1
   854  0061  0AB0               	incf	??_atoi,f
   855  0062  1903               	skipnz
   856  0063  0AB1               	incf	??_atoi+1,f
   857  0064  0830               	movf	??_atoi,w
   858  0065  00AE               	movwf	?_atoi
   859  0066  0831               	movf	??_atoi+1,w
   860  0067  00AF               	movwf	?_atoi+1
   861  0068  0008               	return
   862  0069                     l3035:	
   863  0069  0834               	movf	atoi@a+1,w
   864  006A  00AF               	movwf	?_atoi+1
   865  006B  0833               	movf	atoi@a,w
   866  006C  00AE               	movwf	?_atoi
   867  006D  0008               	return
   868  006E                     __end_of_atoi:	
   869  006E                     __ptext286:	
   870 ;; =============== function ___wmul ends ============
   871                           
   872                           
   873 ;; *************** function _isdigit *****************
   874 ;; Defined at:
   875 ;;		line 13 in file "C:\Program Files (x86)\HI-TECH Software\PICC\9.83\sources\isdigit.c"
   876 ;; Parameters:    Size  Location     Type
   877 ;;  c               1    wreg     unsigned char 
   878 ;; Auto vars:     Size  Location     Type
   879 ;;  c               1    4[COMMON] unsigned char 
   880 ;; Return value:  Size  Location     Type
   881 ;;		None               void
   882 ;; Registers used:
   883 ;;		wreg, status,2, status,0
   884 ;; Tracked objects:
   885 ;;		On entry : 160/0
   886 ;;		On exit  : 160/0
   887 ;;		Unchanged: FFE9F/0
   888 ;; Data sizes:     COMMON   BANK0   BANK1   BANK3   BANK2
   889 ;;      Params:         0       0       0       0       0
   890 ;;      Locals:         2       0       0       0       0
   891 ;;      Temps:          0       0       0       0       0
   892 ;;      Totals:         2       0       0       0       0
   893 ;;Total ram usage:        2 bytes
   894 ;; Hardware stack levels used:    1
   895 ;; Hardware stack levels required when called:    1
   896 ;; This function calls:
   897 ;;		Nothing
   898 ;; This function is called by:
   899 ;;		_atoi
   900 ;; This function uses a non-reentrant model
   901 ;;
   902  006E                     _isdigit:	
   903                           
   904                           ; Regs used in _isdigit: [wreg+status,2+status,0]
   905                           ;isdigit@c stored from wreg
   906  006E  00F4               	movwf	isdigit@c
   907  006F  303A               	movlw	58
   908  0070  01F3               	clrf	_isdigit$2339
   909  0071  0274               	subwf	isdigit@c,w
   910  0072  1803               	skipnc
   911  0073  287A               	goto	l2793
   912  0074  3030               	movlw	48
   913  0075  0274               	subwf	isdigit@c,w
   914  0076  1C03               	skipc
   915  0077  287A               	goto	l2793
   916  0078  01F3               	clrf	_isdigit$2339
   917  0079  0AF3               	incf	_isdigit$2339,f
   918  007A                     l2793:	
   919  007A  0C73               	rrf	_isdigit$2339,w
   920  007B  0008               	return
   921  007C                     __end_of_isdigit:	
   922  007C                     __ptext285:	
   923 ;; =============== function ___awdiv ends ============
   924                           
   925                           
   926 ;; *************** function ___wmul *****************
   927 ;; Defined at:
   928 ;;		line 3 in file "C:\Program Files (x86)\HI-TECH Software\PICC\9.83\sources\wmul.c"
   929 ;; Parameters:    Size  Location     Type
   930 ;;  multiplier      2    3[COMMON] unsigned int 
   931 ;;  multiplicand    2    5[COMMON] unsigned int 
   932 ;; Auto vars:     Size  Location     Type
   933 ;;  product         2    7[COMMON] unsigned int 
   934 ;; Return value:  Size  Location     Type
   935 ;;                  2    3[COMMON] unsigned int 
   936 ;; Registers used:
   937 ;;		wreg, status,2, status,0
   938 ;; Tracked objects:
   939 ;;		On entry : 60/0
   940 ;;		On exit  : 160/0
   941 ;;		Unchanged: FFE9F/0
   942 ;; Data sizes:     COMMON   BANK0   BANK1   BANK3   BANK2
   943 ;;      Params:         4       0       0       0       0
   944 ;;      Locals:         2       0       0       0       0
   945 ;;      Temps:          0       0       0       0       0
   946 ;;      Totals:         6       0       0       0       0
   947 ;;Total ram usage:        6 bytes
   948 ;; Hardware stack levels used:    1
   949 ;; Hardware stack levels required when called:    1
   950 ;; This function calls:
   951 ;;		Nothing
   952 ;; This function is called by:
   953 ;;		_main
   954 ;;		_atoi
   955 ;; This function uses a non-reentrant model
   956 ;;
   957  007C                     ___wmul:	
   958                           
   959                           ; Regs used in ___wmul: [wreg+status,2+status,0]
   960  007C  01F7               	clrf	___wmul@product
   961  007D  01F8               	clrf	___wmul@product+1
   962  007E                     l2799:	
   963  007E  1C73               	btfss	___wmul@multiplier,0
   964  007F  2886               	goto	l2803
   965  0080  0875               	movf	___wmul@multiplicand,w
   966  0081  07F7               	addwf	___wmul@product,f
   967  0082  1803               	skipnc
   968  0083  0AF8               	incf	___wmul@product+1,f
   969  0084  0876               	movf	___wmul@multiplicand+1,w
   970  0085  07F8               	addwf	___wmul@product+1,f
   971  0086                     l2803:	
   972  0086  1003               	clrc
   973  0087  0DF5               	rlf	___wmul@multiplicand,f
   974  0088  0DF6               	rlf	___wmul@multiplicand+1,f
   975  0089  1003               	clrc
   976  008A  0CF4               	rrf	___wmul@multiplier+1,f
   977  008B  0CF3               	rrf	___wmul@multiplier,f
   978  008C  0874               	movf	___wmul@multiplier+1,w
   979  008D  0473               	iorwf	___wmul@multiplier,w
   980  008E  1D03               	skipz
   981  008F  287E               	goto	l2799
   982  0090  0878               	movf	___wmul@product+1,w
   983  0091  00F4               	movwf	?___wmul+1
   984  0092  0877               	movf	___wmul@product,w
   985  0093  00F3               	movwf	?___wmul
   986  0094  0008               	return
   987  0095                     __end_of___wmul:	
   988                           
   989                           	psect	text287
   990  018D                     __ptext287:	
   991 ;; =============== function _isdigit ends ============
   992                           
   993                           
   994 ;; *************** function _rx *****************
   995 ;; Defined at:
   996 ;;		line 93 in file "D:\TTVXL\Project TTVXL\BT Ôn Thi 11\BT Ôn Thi 11.c"
   997 ;; Parameters:    Size  Location     Type
   998 ;;		None
   999 ;; Auto vars:     Size  Location     Type
  1000 ;;		None
  1001 ;; Return value:  Size  Location     Type
  1002 ;;		None               void
  1003 ;; Registers used:
  1004 ;;		wreg
  1005 ;; Tracked objects:
  1006 ;;		On entry : 17F/0
  1007 ;;		On exit  : 17F/0
  1008 ;;		Unchanged: FFE80/0
  1009 ;; Data sizes:     COMMON   BANK0   BANK1   BANK3   BANK2
  1010 ;;      Params:         0       0       0       0       0
  1011 ;;      Locals:         0       0       0       0       0
  1012 ;;      Temps:          0       0       0       0       0
  1013 ;;      Totals:         0       0       0       0       0
  1014 ;;Total ram usage:        0 bytes
  1015 ;; Hardware stack levels used:    1
  1016 ;; Hardware stack levels required when called:    1
  1017 ;; This function calls:
  1018 ;;		Nothing
  1019 ;; This function is called by:
  1020 ;;		_main
  1021 ;; This function uses a non-reentrant model
  1022 ;;
  1023  018D                     _rx:	
  1024                           
  1025                           ;BT Ôn Thi 11.c: 94: SYNC = 0; BRGH = 1; BRG16 = 1;
  1026                           
  1027                           ; Regs used in _rx: [wreg]
  1028  018D  1683               	bsf	3,5	;RP0=1, select bank1
  1029  018E  1218               	bcf	24,4
  1030  018F  1518               	bsf	24,2
  1031  0190  1703               	bsf	3,6	;RP1=1, select bank3
  1032  0191  3002               	movlw	2
  1033  0192  1587               	bsf	7,3
  1034                           
  1035                           ;BT Ôn Thi 11.c: 95: SPBRGH = 0x02;
  1036  0193  1303               	bcf	3,6	;RP1=0, select bank1
  1037  0194  009A               	movwf	26	;volatile
  1038                           
  1039                           ;BT Ôn Thi 11.c: 96: SPBRG = 0x08;
  1040  0195  3008               	movlw	8
  1041  0196  0099               	movwf	25	;volatile
  1042                           
  1043                           ;BT Ôn Thi 11.c: 97: CREN = 1; RX9 = 0; SPEN = 1;
  1044  0197  1283               	bcf	3,5	;RP0=0, select bank0
  1045  0198  1618               	bsf	24,4
  1046  0199  1318               	bcf	24,6
  1047  019A  1798               	bsf	24,7
  1048                           
  1049                           ;BT Ôn Thi 11.c: 99: RCIE=1; RCIF=0; PEIE=1; GIE=1;
  1050  019B  1683               	bsf	3,5	;RP0=1, select bank1
  1051  019C  168C               	bsf	12,5
  1052  019D  1283               	bcf	3,5	;RP0=0, select bank0
  1053  019E  128C               	bcf	12,5
  1054  019F  170B               	bsf	11,6
  1055  01A0  178B               	bsf	11,7
  1056  01A1  0008               	return
  1057  01A2                     __end_of_rx:	
  1058                           
  1059                           	psect	text288
  1060  01B6                     __ptext288:	
  1061 ;; =============== function _rx ends ============
  1062                           
  1063                           
  1064 ;; *************** function _tx *****************
  1065 ;; Defined at:
  1066 ;;		line 86 in file "D:\TTVXL\Project TTVXL\BT Ôn Thi 11\BT Ôn Thi 11.c"
  1067 ;; Parameters:    Size  Location     Type
  1068 ;;		None
  1069 ;; Auto vars:     Size  Location     Type
  1070 ;;		None
  1071 ;; Return value:  Size  Location     Type
  1072 ;;		None               void
  1073 ;; Registers used:
  1074 ;;		wreg
  1075 ;; Tracked objects:
  1076 ;;		On entry : 17F/0
  1077 ;;		On exit  : 17F/0
  1078 ;;		Unchanged: FFE80/0
  1079 ;; Data sizes:     COMMON   BANK0   BANK1   BANK3   BANK2
  1080 ;;      Params:         0       0       0       0       0
  1081 ;;      Locals:         0       0       0       0       0
  1082 ;;      Temps:          0       0       0       0       0
  1083 ;;      Totals:         0       0       0       0       0
  1084 ;;Total ram usage:        0 bytes
  1085 ;; Hardware stack levels used:    1
  1086 ;; Hardware stack levels required when called:    1
  1087 ;; This function calls:
  1088 ;;		Nothing
  1089 ;; This function is called by:
  1090 ;;		_main
  1091 ;; This function uses a non-reentrant model
  1092 ;;
  1093  01B6                     _tx:	
  1094                           
  1095                           ;BT Ôn Thi 11.c: 87: SYNC = 0; BRGH = 1; BRG16 = 1;
  1096                           
  1097                           ; Regs used in _tx: [wreg]
  1098  01B6  1683               	bsf	3,5	;RP0=1, select bank1
  1099  01B7  1218               	bcf	24,4
  1100  01B8  1518               	bsf	24,2
  1101  01B9  1703               	bsf	3,6	;RP1=1, select bank3
  1102  01BA  3002               	movlw	2
  1103  01BB  1587               	bsf	7,3
  1104                           
  1105                           ;BT Ôn Thi 11.c: 88: SPBRGH = 0x02;
  1106  01BC  1303               	bcf	3,6	;RP1=0, select bank1
  1107  01BD  009A               	movwf	26	;volatile
  1108                           
  1109                           ;BT Ôn Thi 11.c: 89: SPBRG = 0x08;
  1110  01BE  3008               	movlw	8
  1111  01BF  0099               	movwf	25	;volatile
  1112                           
  1113                           ;BT Ôn Thi 11.c: 90: TXEN = 1; TX9 = 0; SPEN = 1;
  1114  01C0  1698               	bsf	24,5
  1115  01C1  1318               	bcf	24,6
  1116  01C2  1283               	bcf	3,5	;RP0=0, select bank0
  1117  01C3  1798               	bsf	24,7
  1118  01C4  0008               	return
  1119  01C5                     __end_of_tx:	
  1120                           
  1121                           	psect	text289
  1122  0157                     __ptext289:	
  1123 ;; =============== function _tx ends ============
  1124                           
  1125                           
  1126 ;; *************** function _ngat *****************
  1127 ;; Defined at:
  1128 ;;		line 54 in file "D:\TTVXL\Project TTVXL\BT Ôn Thi 11\BT Ôn Thi 11.c"
  1129 ;; Parameters:    Size  Location     Type
  1130 ;;		None
  1131 ;; Auto vars:     Size  Location     Type
  1132 ;;		None
  1133 ;; Return value:  Size  Location     Type
  1134 ;;		None               void
  1135 ;; Registers used:
  1136 ;;		wreg, fsr0l, fsr0h, status,2, status,0
  1137 ;; Tracked objects:
  1138 ;;		On entry : 0/0
  1139 ;;		On exit  : 60/0
  1140 ;;		Unchanged: FFE9F/0
  1141 ;; Data sizes:     COMMON   BANK0   BANK1   BANK3   BANK2
  1142 ;;      Params:         0       0       0       0       0
  1143 ;;      Locals:         0       0       0       0       0
  1144 ;;      Temps:          3       0       0       0       0
  1145 ;;      Totals:         3       0       0       0       0
  1146 ;;Total ram usage:        3 bytes
  1147 ;; Hardware stack levels used:    1
  1148 ;; This function calls:
  1149 ;;		Nothing
  1150 ;; This function is called by:
  1151 ;;		Interrupt level 1
  1152 ;; This function uses a non-reentrant model
  1153 ;;
  1154  0157                     _ngat:	
  1155                           
  1156                           ;BT Ôn Thi 11.c: 55: if (RCIF){
  1157  0157  1283               	bcf	3,5	;RP0=0, select bank0
  1158  0158  1303               	bcf	3,6	;RP1=0, select bank0
  1159  0159  1E8C               	btfss	12,5
  1160  015A  2984               	goto	L4
  1161                           
  1162                           ;BT Ôn Thi 11.c: 56: data_rx[a]=RCREG;
  1163  015B  0879               	movf	_a,w
  1164  015C  3E20               	addlw	_data_rx& (0+255)
  1165  015D  0084               	movwf	4
  1166  015E  081A               	movf	26,w	;volatile
  1167  015F  1383               	bcf	3,7	;select IRP bank0
  1168  0160  0080               	movwf	0
  1169                           
  1170                           ;BT Ôn Thi 11.c: 57: a++;
  1171  0161  0AF9               	incf	_a,f
  1172  0162  1903               	skipnz
  1173  0163  0AFA               	incf	_a+1,f
  1174                           
  1175                           ;BT Ôn Thi 11.c: 58: if (a==3) {a=0;}
  1176  0164  0879               	movf	_a,w
  1177  0165  3A03               	xorlw	3
  1178  0166  047A               	iorwf	_a+1,w
  1179  0167  1D03               	skipz
  1180  0168  296B               	goto	i1l2771
  1181  0169  01F9               	clrf	_a
  1182  016A  01FA               	clrf	_a+1
  1183  016B                     i1l2771:	
  1184                           
  1185                           ;BT Ôn Thi 11.c: 59: if (RCREG == 'P') {RE1=0;RE2 = 0; TMR2ON=0;a=0;}
  1186  016B  081A               	movf	26,w
  1187  016C  3A50               	xorlw	80
  1188  016D  1D03               	skipz
  1189  016E  2975               	goto	i1l2777
  1190  016F  1089               	bcf	9,1
  1191  0170  1109               	bcf	9,2
  1192  0171  1112               	bcf	18,2
  1193  0172  01F9               	clrf	_a
  1194  0173  01FA               	clrf	_a+1
  1195  0174  2983               	goto	i1l1057
  1196  0175                     i1l2777:	
  1197                           
  1198                           ;BT Ôn Thi 11.c: 60: else if (RCREG == 'L') {RE1=0;RE2 = 1; TMR2ON=1;}
  1199  0175  081A               	movf	26,w
  1200  0176  3A4C               	xorlw	76
  1201  0177  1D03               	skipz
  1202  0178  297C               	goto	i1l2781
  1203  0179  1089               	bcf	9,1
  1204  017A  1509               	bsf	9,2
  1205  017B  2982               	goto	L3
  1206  017C                     i1l2781:	
  1207                           
  1208                           ;BT Ôn Thi 11.c: 61: else if (RCREG == 'R') {RE1=1;RE2 = 0; TMR2ON=1;}
  1209  017C  081A               	movf	26,w
  1210  017D  3A52               	xorlw	82
  1211  017E  1D03               	skipz
  1212  017F  2983               	goto	i1l1057
  1213  0180  1489               	bsf	9,1
  1214  0181  1109               	bcf	9,2
  1215  0182                     L3:	
  1216  0182  1512               	bsf	18,2
  1217  0183                     i1l1057:	
  1218                           
  1219                           ;BT Ôn Thi 11.c: 62: }
  1220                           ;BT Ôn Thi 11.c: 63: RCIF=0;
  1221  0183  128C               	bcf	12,5
  1222  0184                     L4:	
  1223  0184  0872               	movf	??_ngat+2,w
  1224  0185  008A               	movwf	10
  1225  0186  0871               	movf	??_ngat+1,w
  1226  0187  0084               	movwf	4
  1227  0188  0E70               	swapf	??_ngat^(0+-128),w
  1228  0189  0083               	movwf	3
  1229  018A  0EFE               	swapf	126,f
  1230  018B  0E7E               	swapf	126,w
  1231  018C  0009               	retfie
  1232  018D                     __end_of_ngat:	
  1233                           
  1234                           	psect	intentry
  1235  0004                     __pintentry:	
  1236                           ; Regs used in _ngat: [wreg-fsr0h+status,2+status,0]
  1237                           
  1238  0004                     interrupt_function:	
  1239  007E                     saved_w	set	btemp
  1240  0004  00FE               	movwf	btemp
  1241  0005  0E03               	swapf	3,w
  1242  0006  00F0               	movwf	??_ngat
  1243  0007  0804               	movf	4,w
  1244  0008  00F1               	movwf	??_ngat+1
  1245  0009  080A               	movf	10,w
  1246  000A  00F2               	movwf	??_ngat+2
  1247  000B  120A  118A  2957   	ljmp	_ngat
  1248                           
  1249                           	psect	text290
  1250  0000                     __ptext290:	
  1251 ;; =============== function _ngat ends ============
  1252                           
  1253  007E                     btemp	set	126	;btemp
  1254  007E                     wtemp0	set	126


HI-TECH Software PICC Macro Assembler V9.83 build 10920 
Symbol Table                                                                                   Sun Dec 25 15:09:08 2022

                   _a 0079          ___awdiv@sign 002F                    _rx 018D                    _tx 01B6  
 ___wmul@multiplicand 0075                   ?_rx 0070                   ?_tx 0070                   _GIE 005F  
                 _RE1 0049                   _RE2 004A                   _PR2 0092                   u555 013C  
                 u665 00D5                   _RX9 00C6                   _TX9 04C6                   fsr0 0004  
                 indf 0000                  ??_rx 0073                  ??_tx 0073                  l2102 0000  
                l3001 0152                  l1090 0000                  l3011 001D                  l3021 0058  
                l3005 0000                  l3101 0000                  l1087 0000                  l3031 0000  
                l3015 0000                  l3007 001B                  l3009 0014                  l3041 0000  
                l2090 0000                  l3035 0069                  l3027 0034                  l3019 002E  
                l3043 0000                  l3051 0000                  l3029 005A                  l3045 0000  
                l3061 0000                  l3053 0000                  l3039 0000                  l3071 0000  
                l3063 0000                  l3055 0000                  l2249 0000                  l3081 00B8  
                l3073 0000                  l3065 0000                  l3057 0000                  l3091 0000  
                l3075 0000                  l3067 0000                  l3059 0000                  l3077 0000  
                l3069 0000                  l3095 0000                  l3087 00BB                  l3079 0000  
                l3097 0000                  l3089 0000                  l2803 0086                  l3099 0000  
                l2741 0000                  l2733 0000                  l2805 0000                  l2735 0000  
                l2751 0000                  l2743 0000                  l2807 0000                  l2737 0000  
                l2753 0000                  l2745 0000                  l2739 0000                  l2755 0000  
                l2747 0000                  l2757 0000                  l2749 0000                  l2759 0000  
                l2793 007A                  l2785 0000                  l2961 0000                  l2787 0000  
                l2963 0000                  l2797 0000                  l2973 0000                  l2799 007E  
                l2991 0000                  l2975 0125                  l2967 0000                  l2985 0133  
                l2977 0000                  l2969 011C                  l2995 0000                  l2987 0000  
                l2997 014A                  l2999 0000                  _BRGH 04C2                  _CREN 00C4  
                _PEIE 005E                  _RCIE 0465                  _RCIF 0065                  _TMR2 0011  
                _SPEN 00C7                  _TXEN 04C5                  _SYNC 04C4                  _atoi 0011  
                _main 0095                  _ngat 0157                  btemp 007E                  start 000E  
        main@data_pwm 0037                 _DC1B0 00BC                 _DC1B1 00BD                 ?_atoi 002E  
               ?_main 0070                 ?_ngat 0070       __end_of___awdiv 0157                 _BRG16 0C3B  
               _ANSEL 0188       ___awdiv@divisor 0073       ___awdiv@counter 002E                 _RCREG 001A  
               _SPBRG 0099       __end_of_isdigit 007C                 atoi@a 0033                 atoi@s 0035  
               _pwm_t 002C                 main@b 003A                 pclath 000A                 status 0003  
               wtemp0 007E          __end_of_atoi 006E          __end_of_main 00FE          __end_of_ngat 018D  
              ??_atoi 0030                ??_main 0036                ??_ngat 0070                _CCPR1L 0015  
    ___awdiv@dividend 0075                _ANSELH 0189                i1l1064 0000                i1l1057 0183  
              i1l2761 0000                i1l2771 016B                i1l2781 017C                i1l2765 0000  
              i1l2775 0000                i1l2767 0000                i1l2777 0175                _SPBRGH 009A  
              _TMR2ON 0092                _TRISC2 043A                _TRISE1 0449                _TRISE2 044A  
              ___wmul 007C             ??___awdiv 0077      ___awdiv@quotient 0030             ??_isdigit 0073  
              saved_w 007E        __pcstackCOMMON 0070            __end_of_rx 01A2            __end_of_tx 01C5  
          __pbssBANK0 0020            __pmaintext 0095               ?___wmul 0073            __pintentry 0004  
             _CCP1CON 0017    __size_of_pwm_10bit 0014               _T2CKPS0 0090               _T2CKPS1 0091  
             ___awdiv 0112       __size_of___wmul 0019               _data_rx 0020               _isdigit 006E  
end_of_initialization 01B2     __end_of_pwm_10bit 0112        __end_of___wmul 0095   start_initialization 01A2  
            ??___wmul 0077           __pbssCOMMON 0079         __pcstackBANK0 002E          _isdigit$2339 0073  
            ?___awdiv 0073             __ptext281 0000             __ptext290 0000             __ptext282 00FE  
           __ptext283 0011             __ptext284 0112             __ptext285 007C             __ptext286 006E  
           __ptext287 018D             __ptext288 01B6             __ptext289 0157              ?_isdigit 0070  
         __size_of_rx 0015           __size_of_tx 000F     interrupt_function 0004        ___wmul@product 0077  
           _pwm_10bit 00FE             _pwm_final 002A     ___wmul@multiplier 0073          pwm_10bit@pwm 0032  
          ?_pwm_10bit 0032      __size_of___awdiv 0045      __size_of_isdigit 000E         __size_of_atoi 005D  
       __size_of_main 0069         __size_of_ngat 0036              atoi@sign 0032              isdigit@c 0074  
            intlevel1 0000           ??_pwm_10bit 0077  
