

HI-TECH Software PIC PRO Macro Assembler V9.83 build 10920 
                                                                                               Fri Oct 28 16:49:42 2022

HI-TECH Software Omniscient Code Generator (PRO mode) build 10920
     1                           	processor	16F887
     2                           	opt	pw 120
     3                           	opt	pm
     4                           	psect	config,global,class=CONFIG,delta=2
     5                           	psect	idataBANK0,global,class=CODE,delta=2
     6                           	psect	cinit,global,class=CODE,delta=2
     7                           	psect	bssCOMMON,global,class=COMMON,space=1,delta=1
     8                           	psect	dataBANK0,global,class=BANK0,space=1,delta=1
     9                           	psect	cstackCOMMON,global,class=COMMON,space=1,delta=1
    10                           	psect	maintext,global,class=CODE,delta=2
    11                           	psect	text105,local,class=CODE,delta=2
    12                           	psect	text106,local,class=CODE,delta=2
    13                           	psect	text107,local,class=CODE,delta=2
    14                           	psect	text108,local,class=CODE,delta=2
    15                           	psect	intentry,global,class=CODE,delta=2
    16                           	psect	text109,local,class=CODE,delta=2
    17                           	psect	pa_nodes,global,class=CODE,delta=2
    18                           	dabs	1,0x7E,2
    19  000A                     	;#
    20                           
    21                           	psect	config
    22  2007  E3C2               	dw	58306	;#
    23                           
    24                           	psect	idataBANK0
    25  0000                     __pidataBANK0:	
    26  0008                     _PORTD	set	8
    27  005F                     _GIE	set	95
    28  0030                     _RB0	set	48
    29  0031                     _RB1	set	49
    30  005B                     _RBIE	set	91
    31  0058                     _RBIF	set	88
    32  0048                     _RE0	set	72
    33  0049                     _RE1	set	73
    34  0096                     _IOCB	set	150
    35  0088                     _TRISD	set	136
    36  0095                     _WPUB	set	149
    37  0430                     _TRISB0	set	1072
    38  0431                     _TRISB1	set	1073
    39  0448                     _TRISE0	set	1096
    40  0449                     _TRISE1	set	1097
    41  040F                     _nRBPU	set	1039
    42  0188                     _ANSEL	set	392
    43  0189                     _ANSELH	set	393
    44                           
    45                           	psect	cinit
    46  0085                     start_initialization:	
    47  0085  303F               	movlw	63
    48                           
    49                           ; Clear objects allocated to COMMON
    50  0086  01F9               	clrf	__pbssCOMMON& (0+127)
    51                           
    52                           ;initializer for _maled
    53  0087  00A0               	movwf	__pdataBANK0& (0+127)
    54  0088  3006               	movlw	6
    55  0089  00A1               	movwf	(__pdataBANK0+1)& (0+127)
    56  008A  305B               	movlw	91
    57  008B  00A2               	movwf	(__pdataBANK0+2)& (0+127)
    58  008C  304F               	movlw	79
    59  008D  00A3               	movwf	(__pdataBANK0+3)& (0+127)
    60  008E  3066               	movlw	102
    61  008F  00A4               	movwf	(__pdataBANK0+4)& (0+127)
    62  0090  306D               	movlw	109
    63  0091  00A5               	movwf	(__pdataBANK0+5)& (0+127)
    64  0092  307D               	movlw	125
    65  0093  00A6               	movwf	(__pdataBANK0+6)& (0+127)
    66  0094  3007               	movlw	7
    67  0095  00A7               	movwf	(__pdataBANK0+7)& (0+127)
    68  0096  307F               	movlw	127
    69  0097  00A8               	movwf	(__pdataBANK0+8)& (0+127)
    70  0098  306F               	movlw	111
    71  0099  00A9               	movwf	(__pdataBANK0+9)& (0+127)
    72  009A                     end_of_initialization:	
    73                           ;End of C runtime variable initialization code
    74                           
    75  009A  0183               	clrf	3
    76  009B  120A  118A  280F   	ljmp	_main	;jump to C main() function
    77                           
    78                           	psect	bssCOMMON
    79  0079                     __pbssCOMMON:	
    80  0079                     _dem:	
    81  0079                     	ds	1
    82                           
    83                           	psect	dataBANK0
    84  0020                     __pdataBANK0:	
    85  0020                     _maled:	
    86  0020                     	ds	10
    87                           
    88                           	psect	cstackCOMMON
    89  0070                     __pcstackCOMMON:	
    90  0070                     ?_main:	
    91  0070                     ?_button:	
    92                           ; 0 bytes @ 0x0
    93                           
    94  0070                     ??_button:	
    95                           ; 0 bytes @ 0x0
    96                           
    97                           
    98                           ; 0 bytes @ 0x0
    99  0070                     	ds	2
   100  0072                     ?_quetled:	
   101  0072                     ?___bmul:	
   102                           ; 0 bytes @ 0x2
   103                           
   104  0072                     ?___lbdiv:	
   105                           ; 1 bytes @ 0x2
   106                           
   107  0072                     quetled@donvi_t:	
   108                           ; 1 bytes @ 0x2
   109                           
   110  0072                     ___bmul@multiplicand:	
   111                           ; 1 bytes @ 0x2
   112                           
   113  0072                     ___lbdiv@divisor:	
   114                           ; 1 bytes @ 0x2
   115                           
   116                           
   117                           ; 1 bytes @ 0x2
   118  0072                     	ds	1
   119  0073                     ??_quetled:	
   120  0073                     ??___bmul:	
   121                           ; 0 bytes @ 0x3
   122                           
   123  0073                     ??___lbdiv:	
   124                           ; 0 bytes @ 0x3
   125                           
   126  0073                     ___bmul@product:	
   127                           ; 0 bytes @ 0x3
   128                           
   129  0073                     ___lbdiv@dividend:	
   130                           ; 1 bytes @ 0x3
   131                           
   132                           
   133                           ; 1 bytes @ 0x3
   134  0073                     	ds	1
   135  0074                     ___bmul@multiplier:	
   136  0074                     ___lbdiv@counter:	
   137                           ; 1 bytes @ 0x4
   138                           
   139                           
   140                           ; 1 bytes @ 0x4
   141  0074                     	ds	1
   142  0075                     quetled@chuc_t:	
   143  0075                     ___lbdiv@quotient:	
   144                           ; 1 bytes @ 0x5
   145                           
   146                           
   147                           ; 1 bytes @ 0x5
   148  0075                     	ds	1
   149  0076                     ??_main:	
   150                           
   151                           ; 0 bytes @ 0x6
   152  0076                     	ds	1
   153  0077                     main@donvi:	
   154                           
   155                           ; 1 bytes @ 0x7
   156  0077                     	ds	1
   157  0078                     main@chuc:	
   158                           
   159                           ; 1 bytes @ 0x8
   160  0078                     	ds	1
   161                           
   162                           	psect	maintext
   163  000F                     __pmaintext:	
   164 ;;Data sizes: Strings 0, constant 0, data 10, bss 1, persistent 0 stack 0
   165 ;;Auto spaces:   Size  Autos    Used
   166 ;; COMMON          14      9      10
   167 ;; BANK0           80      0      10
   168 ;; BANK1           80      0       0
   169 ;; BANK3           96      0       0
   170 ;; BANK2           96      0       0
   171 ;;
   172 ;; Pointer list with targets:
   173 ;;
   174 ;; Critical Paths under _main in COMMON
   175 ;;
   176 ;;   _main->___lbdiv
   177 ;;   _main->_quetled
   178 ;;
   179 ;; Critical Paths under _button in COMMON
   180 ;;
   181 ;;   None.
   182 ;;
   183 ;; Critical Paths under _main in BANK0
   184 ;;
   185 ;;   None.
   186 ;;
   187 ;; Critical Paths under _button in BANK0
   188 ;;
   189 ;;   None.
   190 ;;
   191 ;; Critical Paths under _main in BANK1
   192 ;;
   193 ;;   None.
   194 ;;
   195 ;; Critical Paths under _button in BANK1
   196 ;;
   197 ;;   None.
   198 ;;
   199 ;; Critical Paths under _main in BANK3
   200 ;;
   201 ;;   None.
   202 ;;
   203 ;; Critical Paths under _button in BANK3
   204 ;;
   205 ;;   None.
   206 ;;
   207 ;; Critical Paths under _main in BANK2
   208 ;;
   209 ;;   None.
   210 ;;
   211 ;; Critical Paths under _button in BANK2
   212 ;;
   213 ;;   None.
   214 ;;
   215 ;;Main: autosize = 0, tempsize = 1, incstack = 0, save=0
   216 ;;
   217 ;;
   218 ;;Call Graph Tables:
   219 ;;
   220 ;; ---------------------------------------------------------------------------------
   221 ;; (Depth) Function   	        Calls       Base Space   Used Autos Params    Refs
   222 ;; ---------------------------------------------------------------------------------
   223 ;; (0) _main                                                 3     3      0     277
   224 ;;                                              6 COMMON     3     3      0
   225 ;;                            ___lbdiv
   226 ;;                             ___bmul
   227 ;;                            _quetled
   228 ;; ---------------------------------------------------------------------------------
   229 ;; (1) _quetled                                              4     3      1      44
   230 ;;                                              2 COMMON     4     3      1
   231 ;; ---------------------------------------------------------------------------------
   232 ;; (1) ___lbdiv                                              4     3      1     105
   233 ;;                                              2 COMMON     4     3      1
   234 ;; ---------------------------------------------------------------------------------
   235 ;; (1) ___bmul                                               3     2      1      60
   236 ;;                                              2 COMMON     3     2      1
   237 ;; ---------------------------------------------------------------------------------
   238 ;; Estimated maximum stack depth 1
   239 ;; ---------------------------------------------------------------------------------
   240 ;; (Depth) Function   	        Calls       Base Space   Used Autos Params    Refs
   241 ;; ---------------------------------------------------------------------------------
   242 ;; (2) _button                                               2     2      0       0
   243 ;;                                              0 COMMON     2     2      0
   244 ;; ---------------------------------------------------------------------------------
   245 ;; Estimated maximum stack depth 2
   246 ;; ---------------------------------------------------------------------------------
   247 ;; Call Graph Graphs:
   248 ;; _main (ROOT)
   249 ;;   ___lbdiv
   250 ;;   ___bmul
   251 ;;   _quetled
   252 ;;
   253 ;; _button (ROOT)
   254 ;;
   255 ;; Address spaces:
   256 ;;Name               Size   Autos  Total    Cost      Usage
   257 ;;BANK3               60      0       0       9        0.0%
   258 ;;BITBANK3            60      0       0       8        0.0%
   259 ;;SFR3                 0      0       0       4        0.0%
   260 ;;BITSFR3              0      0       0       4        0.0%
   261 ;;BANK2               60      0       0      11        0.0%
   262 ;;BITBANK2            60      0       0      10        0.0%
   263 ;;SFR2                 0      0       0       5        0.0%
   264 ;;BITSFR2              0      0       0       5        0.0%
   265 ;;SFR1                 0      0       0       2        0.0%
   266 ;;BITSFR1              0      0       0       2        0.0%
   267 ;;BANK1               50      0       0       7        0.0%
   268 ;;BITBANK1            50      0       0       6        0.0%
   269 ;;CODE                 0      0       0       0        0.0%
   270 ;;DATA                 0      0      15      12        0.0%
   271 ;;ABS                  0      0      14       3        0.0%
   272 ;;NULL                 0      0       0       0        0.0%
   273 ;;STACK                0      0       1       2        0.0%
   274 ;;BANK0               50      0       A       5       12.5%
   275 ;;BITBANK0            50      0       0       4        0.0%
   276 ;;SFR0                 0      0       0       1        0.0%
   277 ;;BITSFR0              0      0       0       1        0.0%
   278 ;;COMMON               E      9       A       1       71.4%
   279 ;;BITCOMMON            E      0       0       0        0.0%
   280 ;;EEDATA             100      0       0       0        0.0%
   281                           
   282                           
   283 ;; *************** function _main *****************
   284 ;; Defined at:
   285 ;;		line 14 in file "D:\TTVXL\Project TTVXL\ttvxlweek10\ttvxlweek10.c"
   286 ;; Parameters:    Size  Location     Type
   287 ;;		None
   288 ;; Auto vars:     Size  Location     Type
   289 ;;  chuc            1    8[COMMON] unsigned char 
   290 ;;  donvi           1    7[COMMON] unsigned char 
   291 ;; Return value:  Size  Location     Type
   292 ;;		None               void
   293 ;; Registers used:
   294 ;;		wreg, fsr0l, fsr0h, status,2, status,0, pclath, cstack
   295 ;; Tracked objects:
   296 ;;		On entry : 17F/0
   297 ;;		On exit  : 0/0
   298 ;;		Unchanged: 0/0
   299 ;; Data sizes:     COMMON   BANK0   BANK1   BANK3   BANK2
   300 ;;      Params:         0       0       0       0       0
   301 ;;      Locals:         2       0       0       0       0
   302 ;;      Temps:          1       0       0       0       0
   303 ;;      Totals:         3       0       0       0       0
   304 ;;Total ram usage:        3 bytes
   305 ;; Hardware stack levels required when called:    2
   306 ;; This function calls:
   307 ;;		___lbdiv
   308 ;;		___bmul
   309 ;;		_quetled
   310 ;; This function is called by:
   311 ;;		Startup code after reset
   312 ;; This function uses a non-reentrant model
   313 ;;
   314  000F                     _main:	
   315                           
   316                           ;ttvxlweek10.c: 15: TRISE0 = TRISE1 = 0;
   317                           
   318                           ; Regs used in _main: [wreg-fsr0h+status,2+status,0+pclath+cstack]
   319  000F  1683               	bsf	3,5	;RP0=1, select bank1
   320  0010  1089               	bcf	9,1
   321  0011  1009               	bcf	9,0
   322                           
   323                           ;ttvxlweek10.c: 16: TRISD = 0;
   324  0012  0188               	clrf	8	;volatile
   325                           
   326                           ;ttvxlweek10.c: 17: TRISB0 = 1;
   327  0013  1406               	bsf	6,0
   328                           
   329                           ;ttvxlweek10.c: 18: TRISB1 = 1;
   330  0014  1486               	bsf	6,1
   331                           
   332                           ;ttvxlweek10.c: 19: ANSEL = ANSELH = 0;
   333  0015  1703               	bsf	3,6	;RP1=1, select bank3
   334  0016  0189               	clrf	9	;volatile
   335  0017  0188               	clrf	8	;volatile
   336                           
   337                           ;ttvxlweek10.c: 20: PORTD = 0;
   338  0018  1283               	bcf	3,5	;RP0=0, select bank0
   339  0019  1303               	bcf	3,6	;RP1=0, select bank0
   340  001A  0188               	clrf	8	;volatile
   341  001B  3003               	movlw	3
   342                           
   343                           ;ttvxlweek10.c: 23: GIE = 1;
   344  001C  178B               	bsf	11,7
   345                           
   346                           ;ttvxlweek10.c: 24: RBIE = 1;
   347  001D  158B               	bsf	11,3
   348                           
   349                           ;ttvxlweek10.c: 25: RBIF = 0;
   350  001E  100B               	bcf	11,0
   351                           
   352                           ;ttvxlweek10.c: 26: IOCB=0b00000011;
   353  001F  1683               	bsf	3,5	;RP0=1, select bank1
   354  0020  0096               	movwf	22	;volatile
   355                           
   356                           ;ttvxlweek10.c: 27: WPUB = 0b00000011;
   357  0021  0095               	movwf	21	;volatile
   358                           
   359                           ;ttvxlweek10.c: 28: nRBPU =0;
   360  0022  1381               	bcf	1,7
   361  0023                     l2561:	
   362                           
   363                           ;ttvxlweek10.c: 34: chuc = dem/10;
   364  0023  300A               	movlw	10
   365  0024  00F2               	movwf	?___lbdiv
   366  0025  0879               	movf	_dem,w
   367  0026  120A  118A  206A   	fcall	___lbdiv
      +       120A  118A         
   368  002B  00F8               	movwf	main@chuc
   369                           
   370                           ;ttvxlweek10.c: 35: donvi = dem - chuc*10;
   371  002C  30F6               	movlw	246
   372  002D  00F2               	movwf	?___bmul
   373  002E  0878               	movf	main@chuc,w
   374  002F  120A  118A  20B4   	fcall	___bmul
      +       120A  118A         
   375  0034  00F6               	movwf	??_main
   376  0035  0879               	movf	_dem,w
   377  0036  0776               	addwf	??_main,w
   378  0037  00F7               	movwf	main@donvi
   379                           
   380                           ;ttvxlweek10.c: 36: quetled(chuc,donvi);
   381  0038  00F2               	movwf	?_quetled
   382  0039  0878               	movf	main@chuc,w
   383  003A  120A  118A  2040   	fcall	_quetled
      +       120A  118A         
   384  003F  2823               	goto	l2561
   385  0040                     __end_of_main:	
   386                           
   387                           	psect	text105
   388  0040                     __ptext105:	
   389 ;; =============== function _main ends ============
   390                           
   391                           
   392 ;; *************** function _quetled *****************
   393 ;; Defined at:
   394 ;;		line 41 in file "D:\TTVXL\Project TTVXL\ttvxlweek10\ttvxlweek10.c"
   395 ;; Parameters:    Size  Location     Type
   396 ;;  chuc_t          1    wreg     unsigned char 
   397 ;;  donvi_t         1    2[COMMON] unsigned char 
   398 ;; Auto vars:     Size  Location     Type
   399 ;;  chuc_t          1    5[COMMON] unsigned char 
   400 ;; Return value:  Size  Location     Type
   401 ;;		None               void
   402 ;; Registers used:
   403 ;;		wreg, fsr0l, fsr0h, status,2, status,0
   404 ;; Tracked objects:
   405 ;;		On entry : 0/20
   406 ;;		On exit  : 0/0
   407 ;;		Unchanged: 0/0
   408 ;; Data sizes:     COMMON   BANK0   BANK1   BANK3   BANK2
   409 ;;      Params:         1       0       0       0       0
   410 ;;      Locals:         1       0       0       0       0
   411 ;;      Temps:          2       0       0       0       0
   412 ;;      Totals:         4       0       0       0       0
   413 ;;Total ram usage:        4 bytes
   414 ;; Hardware stack levels used:    1
   415 ;; Hardware stack levels required when called:    1
   416 ;; This function calls:
   417 ;;		Nothing
   418 ;; This function is called by:
   419 ;;		_main
   420 ;; This function uses a non-reentrant model
   421 ;;
   422  0040                     _quetled:	
   423                           
   424                           ; Regs used in _quetled: [wreg-fsr0h+status,2+status,0]
   425                           ;quetled@chuc_t stored from wreg
   426  0040  00F5               	movwf	quetled@chuc_t
   427                           
   428                           ;ttvxlweek10.c: 42: RE0 = 1; RE1 = 0;
   429  0041  1283               	bcf	3,5	;RP0=0, select bank0
   430  0042  1303               	bcf	3,6	;RP1=0, select bank0
   431  0043  1409               	bsf	9,0
   432  0044  1089               	bcf	9,1
   433                           
   434                           ;ttvxlweek10.c: 43: PORTD = maled[chuc_t];
   435  0045  0875               	movf	quetled@chuc_t,w
   436  0046  2064  120A  118A   	fcall	PL2	;call to abstracted procedure
   437                           
   438                           ;ttvxlweek10.c: 44: _delay((unsigned long)((5)*(20000000/4000.0)));
   439  0049  3021               	movlw	33
   440  004A  00F4               	movwf	??_quetled+1
   441  004B  3076               	movlw	118
   442  004C  00F3               	movwf	??_quetled
   443  004D                     u137:	
   444  004D  0BF3               	decfsz	??_quetled,f
   445  004E  284D               	goto	u137
   446  004F  0BF4               	decfsz	??_quetled+1,f
   447  0050  284D               	goto	u137
   448  0051  0064               	clrwdt
   449                           
   450                           ;ttvxlweek10.c: 45: RE0 = 0; RE1 = 1;
   451  0052  1283               	bcf	3,5	;RP0=0, select bank0
   452  0053  1303               	bcf	3,6	;RP1=0, select bank0
   453  0054  1009               	bcf	9,0
   454  0055  1489               	bsf	9,1
   455                           
   456                           ;ttvxlweek10.c: 46: PORTD = maled[donvi_t];
   457  0056  0872               	movf	quetled@donvi_t,w
   458  0057  2064  120A  118A   	fcall	PL2	;call to abstracted procedure
   459                           
   460                           ;ttvxlweek10.c: 47: _delay((unsigned long)((5)*(20000000/4000.0)));
   461  005A  3021               	movlw	33
   462  005B  00F4               	movwf	??_quetled+1
   463  005C  3076               	movlw	118
   464  005D  00F3               	movwf	??_quetled
   465  005E                     u147:	
   466  005E  0BF3               	decfsz	??_quetled,f
   467  005F  285E               	goto	u147
   468  0060  0BF4               	decfsz	??_quetled+1,f
   469  0061  285E               	goto	u147
   470  0062  0064               	clrwdt
   471  0063  0008               	return
   472  0064                     __end_of_quetled:	
   473  0064                     PL2:	
   474  0064  3E20               	addlw	_maled& (0+255)
   475  0065  0084               	movwf	4
   476  0066  1383               	bcf	3,7	;select IRP bank0
   477  0067  0800               	movf	0,w
   478  0068  0088               	movwf	8	;volatile
   479  0069  0008               	return
   480                           
   481                           	psect	text106
   482  006A                     __ptext106:	
   483 ;; =============== function _quetled ends ============
   484                           
   485                           
   486 ;; *************** function ___lbdiv *****************
   487 ;; Defined at:
   488 ;;		line 5 in file "C:\Program Files (x86)\HI-TECH Software\PICC\9.83\sources\lbdiv.c"
   489 ;; Parameters:    Size  Location     Type
   490 ;;  dividend        1    wreg     unsigned char 
   491 ;;  divisor         1    2[COMMON] unsigned char 
   492 ;; Auto vars:     Size  Location     Type
   493 ;;  dividend        1    3[COMMON] unsigned char 
   494 ;;  quotient        1    5[COMMON] unsigned char 
   495 ;;  counter         1    4[COMMON] unsigned char 
   496 ;; Return value:  Size  Location     Type
   497 ;;                  1    wreg      unsigned char 
   498 ;; Registers used:
   499 ;;		wreg, status,2, status,0
   500 ;; Tracked objects:
   501 ;;		On entry : 0/20
   502 ;;		On exit  : 0/20
   503 ;;		Unchanged: FFFFF/0
   504 ;; Data sizes:     COMMON   BANK0   BANK1   BANK3   BANK2
   505 ;;      Params:         1       0       0       0       0
   506 ;;      Locals:         3       0       0       0       0
   507 ;;      Temps:          0       0       0       0       0
   508 ;;      Totals:         4       0       0       0       0
   509 ;;Total ram usage:        4 bytes
   510 ;; Hardware stack levels used:    1
   511 ;; Hardware stack levels required when called:    1
   512 ;; This function calls:
   513 ;;		Nothing
   514 ;; This function is called by:
   515 ;;		_main
   516 ;; This function uses a non-reentrant model
   517 ;;
   518  006A                     ___lbdiv:	
   519                           
   520                           ; Regs used in ___lbdiv: [wreg+status,2+status,0]
   521                           ;___lbdiv@dividend stored from wreg
   522  006A  00F3               	movwf	___lbdiv@dividend
   523  006B  01F5               	clrf	___lbdiv@quotient
   524  006C  0872               	movf	___lbdiv@divisor,w
   525  006D  1903               	btfsc	3,2
   526  006E  2883               	goto	l2483
   527  006F  01F4               	clrf	___lbdiv@counter
   528  0070                     l2469:	
   529  0070  0AF4               	incf	___lbdiv@counter,f
   530  0071  1BF2               	btfsc	___lbdiv@divisor,7
   531  0072  2876               	goto	l2071
   532  0073  1003               	clrc
   533  0074  0DF2               	rlf	___lbdiv@divisor,f
   534  0075  2870               	goto	l2469
   535  0076                     l2071:	
   536  0076  1003               	clrc
   537  0077  0DF5               	rlf	___lbdiv@quotient,f
   538  0078  0872               	movf	___lbdiv@divisor,w
   539  0079  0273               	subwf	___lbdiv@dividend,w
   540  007A  1C03               	skipc
   541  007B  2880               	goto	L1
   542  007C  0872               	movf	___lbdiv@divisor,w
   543  007D  02F3               	subwf	___lbdiv@dividend,f
   544  007E  1475               	bsf	___lbdiv@quotient,0
   545  007F  1003               	clrc
   546  0080                     L1:	
   547  0080  0CF2               	rrf	___lbdiv@divisor,f
   548  0081  0BF4               	decfsz	___lbdiv@counter,f
   549  0082  2876               	goto	l2071
   550  0083                     l2483:	
   551  0083  0875               	movf	___lbdiv@quotient,w
   552  0084  0008               	return
   553  0085                     __end_of___lbdiv:	
   554                           
   555                           	psect	text107
   556  00B4                     __ptext107:	
   557 ;; =============== function ___lbdiv ends ============
   558                           
   559                           
   560 ;; *************** function ___bmul *****************
   561 ;; Defined at:
   562 ;;		line 3 in file "C:\Program Files (x86)\HI-TECH Software\PICC\9.83\sources\bmul.c"
   563 ;; Parameters:    Size  Location     Type
   564 ;;  multiplier      1    wreg     unsigned char 
   565 ;;  multiplicand    1    2[COMMON] unsigned char 
   566 ;; Auto vars:     Size  Location     Type
   567 ;;  multiplier      1    4[COMMON] unsigned char 
   568 ;;  product         1    3[COMMON] unsigned char 
   569 ;; Return value:  Size  Location     Type
   570 ;;                  1    wreg      unsigned char 
   571 ;; Registers used:
   572 ;;		wreg, status,2, status,0
   573 ;; Tracked objects:
   574 ;;		On entry : 0/20
   575 ;;		On exit  : 0/20
   576 ;;		Unchanged: FFFFF/0
   577 ;; Data sizes:     COMMON   BANK0   BANK1   BANK3   BANK2
   578 ;;      Params:         1       0       0       0       0
   579 ;;      Locals:         2       0       0       0       0
   580 ;;      Temps:          0       0       0       0       0
   581 ;;      Totals:         3       0       0       0       0
   582 ;;Total ram usage:        3 bytes
   583 ;; Hardware stack levels used:    1
   584 ;; Hardware stack levels required when called:    1
   585 ;; This function calls:
   586 ;;		Nothing
   587 ;; This function is called by:
   588 ;;		_main
   589 ;; This function uses a non-reentrant model
   590 ;;
   591  00B4                     ___bmul:	
   592                           
   593                           ; Regs used in ___bmul: [wreg+status,2+status,0]
   594                           ;___bmul@multiplier stored from wreg
   595  00B4  00F4               	movwf	___bmul@multiplier
   596  00B5  01F3               	clrf	___bmul@product
   597  00B6                     l2449:	
   598  00B6  0872               	movf	___bmul@multiplicand,w
   599  00B7  1874               	btfsc	___bmul@multiplier,0
   600  00B8  07F3               	addwf	___bmul@product,f
   601  00B9  1003               	clrc
   602  00BA  0DF2               	rlf	___bmul@multiplicand,f
   603  00BB  1003               	clrc
   604  00BC  0CF4               	rrf	___bmul@multiplier,f
   605  00BD  08F4               	movf	___bmul@multiplier,f
   606  00BE  1D03               	skipz
   607  00BF  28B6               	goto	l2449
   608  00C0  0873               	movf	___bmul@product,w
   609  00C1  0008               	return
   610  00C2                     __end_of___bmul:	
   611                           
   612                           	psect	text108
   613  009E                     __ptext108:	
   614 ;; =============== function ___bmul ends ============
   615                           
   616                           
   617 ;; *************** function _button *****************
   618 ;; Defined at:
   619 ;;		line 50 in file "D:\TTVXL\Project TTVXL\ttvxlweek10\ttvxlweek10.c"
   620 ;; Parameters:    Size  Location     Type
   621 ;;		None
   622 ;; Auto vars:     Size  Location     Type
   623 ;;		None
   624 ;; Return value:  Size  Location     Type
   625 ;;		None               void
   626 ;; Registers used:
   627 ;;		status,2, status,0
   628 ;; Tracked objects:
   629 ;;		On entry : 0/0
   630 ;;		On exit  : 60/0
   631 ;;		Unchanged: FFF9F/0
   632 ;; Data sizes:     COMMON   BANK0   BANK1   BANK3   BANK2
   633 ;;      Params:         0       0       0       0       0
   634 ;;      Locals:         0       0       0       0       0
   635 ;;      Temps:          2       0       0       0       0
   636 ;;      Totals:         2       0       0       0       0
   637 ;;Total ram usage:        2 bytes
   638 ;; Hardware stack levels used:    1
   639 ;; This function calls:
   640 ;;		Nothing
   641 ;; This function is called by:
   642 ;;		Interrupt level 1
   643 ;; This function uses a non-reentrant model
   644 ;;
   645  009E                     _button:	
   646                           
   647                           ;ttvxlweek10.c: 51: if (RB0 == 0){
   648  009E  1283               	bcf	3,5	;RP0=0, select bank0
   649  009F  1303               	bcf	3,6	;RP1=0, select bank0
   650  00A0  1806               	btfsc	6,0
   651  00A1  28A6               	goto	i1l2439
   652  00A2                     i1l1043:	
   653  00A2  1C06               	btfss	6,0
   654  00A3  28A2               	goto	i1l1043
   655                           
   656                           ;ttvxlweek10.c: 53: }
   657                           ;ttvxlweek10.c: 54: if (RB0 == 1){
   658  00A4  1806               	btfsc	6,0
   659                           
   660                           ;ttvxlweek10.c: 55: dem++;
   661  00A5  0AF9               	incf	_dem,f
   662  00A6                     i1l2439:	
   663                           
   664                           ;ttvxlweek10.c: 56: }
   665                           ;ttvxlweek10.c: 57: }
   666                           ;ttvxlweek10.c: 58: if (RB1 == 0){
   667  00A6  1886               	btfsc	6,1
   668  00A7  28AC               	goto	i1l2445
   669  00A8                     i1l1048:	
   670  00A8  1C86               	btfss	6,1
   671  00A9  28A8               	goto	i1l1048
   672                           
   673                           ;ttvxlweek10.c: 60: }
   674                           ;ttvxlweek10.c: 61: if (RB1 == 1){
   675  00AA  1886               	btfsc	6,1
   676                           
   677                           ;ttvxlweek10.c: 62: dem--;
   678  00AB  03F9               	decf	_dem,f
   679  00AC                     i1l2445:	
   680                           
   681                           ;ttvxlweek10.c: 63: }
   682                           ;ttvxlweek10.c: 64: }
   683                           ;ttvxlweek10.c: 65: RBIF = 0;
   684  00AC  100B               	bcf	11,0
   685  00AD  0871               	movf	??_button+1,w
   686  00AE  008A               	movwf	10
   687  00AF  0E70               	swapf	??_button^(0+-128),w
   688  00B0  0083               	movwf	3
   689  00B1  0EFE               	swapf	126,f
   690  00B2  0E7E               	swapf	126,w
   691  00B3  0009               	retfie
   692  00B4                     __end_of_button:	
   693                           
   694                           	psect	intentry
   695  0004                     __pintentry:	
   696                           ; Regs used in _button: [status]
   697                           
   698  0004                     interrupt_function:	
   699  007E                     saved_w	set	btemp
   700  0004  00FE               	movwf	btemp
   701  0005  0E03               	swapf	3,w
   702  0006  00F0               	movwf	??_button
   703  0007  080A               	movf	10,w
   704  0008  00F1               	movwf	??_button+1
   705  0009  120A  118A  289E   	ljmp	_button
   706                           
   707                           	psect	text109
   708  0000                     __ptext109:	
   709 ;; =============== function _button ends ============
   710                           
   711  007E                     btemp	set	126	;btemp
   712  007E                     wtemp0	set	126


HI-TECH Software PICC Macro Assembler V9.83 build 10920 
Symbol Table                                                                                   Fri Oct 28 16:49:42 2022

      ___bmul@product 0073                   _GIE 005F                   _RB0 0030                   _RB1 0031  
                 _RE0 0048                   _RE1 0049                   u137 004D                   u147 005E  
                 _dem 0079                   fsr0 0004                   indf 0000                  l1039 0000  
                l2038 0000                  l2071 0076                  l2074 0000                  l2531 0000  
                l2533 0000                  l2541 0000                  l2455 0000                  l2447 0000  
                l2463 0000                  l2535 0000                  l2551 0000                  l2543 0000  
                l2457 0000                  l2449 00B6                  l2481 0000                  l2473 0000  
                l2465 0000                  l2537 0000                  l2529 0000                  l2561 0023  
                l2553 0000                  l2545 0000                  l2467 0000                  l2483 0083  
                l2539 0000                  l2563 0000                  l2555 0000                  l2547 0000  
                l2477 0000                  l2469 0070                  l2565 0000                  l2557 0000  
                l2549 0000                  l2559 0000                  _IOCB 0096                  _RBIE 005B  
                _RBIF 0058                  _WPUB 0095                  _main 000F                  btemp 007E  
                start 000C     ___bmul@multiplier 0074                 ?_main 0070       __end_of___lbdiv 0085  
               _ANSEL 0188                 _PORTD 0008                 _TRISD 0088                 _nRBPU 040F  
               _maled 0020                 pclath 000A       __end_of_quetled 0064                 status 0003  
               wtemp0 007E       ___lbdiv@divisor 0072       ___lbdiv@counter 0074          __end_of_main 0040  
              ??_main 0076                _ANSELH 0189                i1l1043 00A2                i1l1052 0000  
              i1l1048 00A8                i1l2433 0000                i1l2445 00AC                i1l2439 00A6  
              _TRISB0 0430                _TRISB1 0431                _TRISE0 0448                _TRISE1 0449  
              ___bmul 00B4             ??___lbdiv 0073                _button 009E                saved_w 007E  
           ??_quetled 0073      ___lbdiv@dividend 0073   ___bmul@multiplicand 0072        __pcstackCOMMON 0070  
        __pidataBANK0 0000      ___lbdiv@quotient 0075            __pmaintext 000F               ?___bmul 0072  
       quetled@chuc_t 0075            __pintentry 0004               ?_button 0070       __size_of___bmul 000E  
             ___lbdiv 006A       __size_of_button 0016               _quetled 0040  end_of_initialization 009A  
      __end_of___bmul 00C2        __end_of_button 00B4   start_initialization 0085              ??___bmul 0073  
         __pdataBANK0 0020              ??_button 0070           __pbssCOMMON 0079              ?___lbdiv 0072  
           __ptext105 0040             __ptext106 006A             __ptext107 00B4             __ptext108 009E  
           __ptext109 0000        quetled@donvi_t 0072              ?_quetled 0072     interrupt_function 0004  
           main@donvi 0077      __size_of___lbdiv 001B      __size_of_quetled 0024         __size_of_main 0031  
            main@chuc 0078              intlevel1 0000  
