

HI-TECH Software PIC PRO Macro Assembler V9.83 build 10920 
                                                                                               Sat Oct 22 00:20:42 2022

HI-TECH Software Omniscient Code Generator (PRO mode) build 10920
     1                           	processor	16F887
     2                           	opt	pw 120
     3                           	opt	pm
     4                           	psect	config,global,class=CONFIG,delta=2
     5                           	psect	text52,local,class=CODE,delta=2
     6                           	psect	cinit,global,class=CODE,delta=2
     7                           	psect	bssCOMMON,global,class=COMMON,space=1,delta=1
     8                           	psect	cstackCOMMON,global,class=COMMON,space=1,delta=1
     9                           	psect	maintext,global,class=CODE,delta=2
    10                           	psect	text53,local,class=CODE,delta=2
    11                           	psect	text54,local,class=CODE,delta=2
    12                           	psect	text55,local,class=CODE,delta=2
    13                           	psect	text56,local,class=CODE,delta=2
    14                           	psect	intentry,global,class=CODE,delta=2
    15                           	psect	text57,local,class=CODE,delta=2
    16                           	psect	pa_nodes,global,class=CODE,delta=2
    17                           	dabs	1,0x7E,2
    18  000A                     	;#
    19                           
    20                           	psect	config
    21  2007  E3C2               	dw	58306	;#
    22                           
    23                           	psect	text52
    24  0000                     __ptext52:	
    25  0005                     _PORTA	set	5
    26  005F                     _GIE	set	95
    27  005C                     _INTE	set	92
    28  0059                     _INTF	set	89
    29  0030                     _RB0	set	48
    30  0085                     _TRISA	set	133
    31  0430                     _TRISB0	set	1072
    32  0188                     _ANSEL	set	392
    33  0189                     _ANSELH	set	393
    34                           
    35                           	psect	cinit
    36  00B2                     start_initialization:	
    37                           
    38                           ; Clear objects allocated to COMMON
    39  00B2  01F7               	clrf	__pbssCOMMON& (0+127)
    40  00B3                     end_of_initialization:	
    41                           ;End of C runtime variable initialization code
    42                           
    43  00B3  0183               	clrf	3
    44  00B4  120A  118A  280F   	ljmp	_main	;jump to C main() function
    45                           
    46                           	psect	bssCOMMON
    47  0077                     __pbssCOMMON:	
    48  0077                     _count:	
    49  0077                     	ds	1
    50                           
    51                           	psect	cstackCOMMON
    52  0070                     __pcstackCOMMON:	
    53  0070                     ?_Led_100ms:	
    54  0070                     ?_Led_1s:	
    55                           ; 0 bytes @ 0x0
    56                           
    57  0070                     ?_main:	
    58                           ; 0 bytes @ 0x0
    59                           
    60  0070                     ?_button:	
    61                           ; 0 bytes @ 0x0
    62                           
    63  0070                     ??_button:	
    64                           ; 0 bytes @ 0x0
    65                           
    66                           
    67                           ; 0 bytes @ 0x0
    68  0070                     	ds	2
    69  0072                     ??_Led_100ms:	
    70  0072                     ??_Led_1s:	
    71                           ; 0 bytes @ 0x2
    72                           
    73  0072                     ?___lbmod:	
    74                           ; 0 bytes @ 0x2
    75                           
    76  0072                     ___lbmod@divisor:	
    77                           ; 1 bytes @ 0x2
    78                           
    79                           
    80                           ; 1 bytes @ 0x2
    81  0072                     	ds	1
    82  0073                     ??___lbmod:	
    83                           
    84                           ; 0 bytes @ 0x3
    85  0073                     	ds	1
    86  0074                     ___lbmod@dividend:	
    87                           
    88                           ; 1 bytes @ 0x4
    89  0074                     	ds	1
    90  0075                     Led_100ms@m:	
    91  0075                     Led_1s@m:	
    92                           ; 1 bytes @ 0x5
    93                           
    94  0075                     ___lbmod@counter:	
    95                           ; 1 bytes @ 0x5
    96                           
    97                           
    98                           ; 1 bytes @ 0x5
    99  0075                     	ds	1
   100  0076                     Led_100ms@h:	
   101  0076                     Led_1s@h:	
   102                           ; 1 bytes @ 0x6
   103                           
   104  0076                     ___lbmod@rem:	
   105                           ; 1 bytes @ 0x6
   106                           
   107                           
   108                           ; 1 bytes @ 0x6
   109  0076                     	ds	1
   110  0077                     ??_main:	
   111                           
   112                           	psect	maintext
   113  000F                     __pmaintext:	
   114                           ; 0 bytes @ 0x7
   115 ;;Data sizes: Strings 0, constant 0, data 0, bss 1, persistent 0 stack 0
   116 ;;Auto spaces:   Size  Autos    Used
   117 ;; COMMON          14      7       8
   118 ;; BANK0           80      0       0
   119 ;; BANK1           80      0       0
   120 ;; BANK3           96      0       0
   121 ;; BANK2           96      0       0
   122 ;;
   123 ;; Pointer list with targets:
   124 ;;
   125 ;; Critical Paths under _main in COMMON
   126 ;;
   127 ;;   _main->___lbmod
   128 ;;   _main->_Led_100ms
   129 ;;   _main->_Led_1s
   130 ;;
   131 ;; Critical Paths under _button in COMMON
   132 ;;
   133 ;;   None.
   134 ;;
   135 ;; Critical Paths under _main in BANK0
   136 ;;
   137 ;;   None.
   138 ;;
   139 ;; Critical Paths under _button in BANK0
   140 ;;
   141 ;;   None.
   142 ;;
   143 ;; Critical Paths under _main in BANK1
   144 ;;
   145 ;;   None.
   146 ;;
   147 ;; Critical Paths under _button in BANK1
   148 ;;
   149 ;;   None.
   150 ;;
   151 ;; Critical Paths under _main in BANK3
   152 ;;
   153 ;;   None.
   154 ;;
   155 ;; Critical Paths under _button in BANK3
   156 ;;
   157 ;;   None.
   158 ;;
   159 ;; Critical Paths under _main in BANK2
   160 ;;
   161 ;;   None.
   162 ;;
   163 ;; Critical Paths under _button in BANK2
   164 ;;
   165 ;;   None.
   166 ;;
   167 ;;Main: autosize = 0, tempsize = 0, incstack = 0, save=0
   168 ;;
   169 ;;
   170 ;;Call Graph Tables:
   171 ;;
   172 ;; ---------------------------------------------------------------------------------
   173 ;; (Depth) Function   	        Calls       Base Space   Used Autos Params    Refs
   174 ;; ---------------------------------------------------------------------------------
   175 ;; (0) _main                                                 0     0      0     225
   176 ;;                            ___lbmod
   177 ;;                          _Led_100ms
   178 ;;                             _Led_1s
   179 ;; ---------------------------------------------------------------------------------
   180 ;; (1) _Led_1s                                               6     6      0      60
   181 ;;                                              2 COMMON     5     5      0
   182 ;; ---------------------------------------------------------------------------------
   183 ;; (1) _Led_100ms                                            6     6      0      60
   184 ;;                                              2 COMMON     5     5      0
   185 ;; ---------------------------------------------------------------------------------
   186 ;; (1) ___lbmod                                              5     4      1     105
   187 ;;                                              2 COMMON     5     4      1
   188 ;; ---------------------------------------------------------------------------------
   189 ;; Estimated maximum stack depth 1
   190 ;; ---------------------------------------------------------------------------------
   191 ;; (Depth) Function   	        Calls       Base Space   Used Autos Params    Refs
   192 ;; ---------------------------------------------------------------------------------
   193 ;; (2) _button                                               2     2      0       0
   194 ;;                                              0 COMMON     2     2      0
   195 ;; ---------------------------------------------------------------------------------
   196 ;; Estimated maximum stack depth 2
   197 ;; ---------------------------------------------------------------------------------
   198 ;; Call Graph Graphs:
   199 ;; _main (ROOT)
   200 ;;   ___lbmod
   201 ;;   _Led_100ms
   202 ;;   _Led_1s
   203 ;;
   204 ;; _button (ROOT)
   205 ;;
   206 ;; Address spaces:
   207 ;;Name               Size   Autos  Total    Cost      Usage
   208 ;;BITCOMMON            E      0       0       0        0.0%
   209 ;;EEDATA             100      0       0       0        0.0%
   210 ;;NULL                 0      0       0       0        0.0%
   211 ;;CODE                 0      0       0       0        0.0%
   212 ;;COMMON               E      7       8       1       57.1%
   213 ;;BITSFR0              0      0       0       1        0.0%
   214 ;;SFR0                 0      0       0       1        0.0%
   215 ;;BITSFR1              0      0       0       2        0.0%
   216 ;;SFR1                 0      0       0       2        0.0%
   217 ;;STACK                0      0       1       2        0.0%
   218 ;;ABS                  0      0       8       3        0.0%
   219 ;;BITBANK0            50      0       0       4        0.0%
   220 ;;BITSFR3              0      0       0       4        0.0%
   221 ;;SFR3                 0      0       0       4        0.0%
   222 ;;BANK0               50      0       0       5        0.0%
   223 ;;BITSFR2              0      0       0       5        0.0%
   224 ;;SFR2                 0      0       0       5        0.0%
   225 ;;BITBANK1            50      0       0       6        0.0%
   226 ;;BANK1               50      0       0       7        0.0%
   227 ;;BITBANK3            60      0       0       8        0.0%
   228 ;;BANK3               60      0       0       9        0.0%
   229 ;;BITBANK2            60      0       0      10        0.0%
   230 ;;BANK2               60      0       0      11        0.0%
   231 ;;DATA                 0      0       9      12        0.0%
   232                           
   233                           
   234 ;; *************** function _main *****************
   235 ;; Defined at:
   236 ;;		line 34 in file "D:\TTVXL\Project TTVXL\bt01ttvxl\bt01ttvxlday1.c"
   237 ;; Parameters:    Size  Location     Type
   238 ;;		None
   239 ;; Auto vars:     Size  Location     Type
   240 ;;		None
   241 ;; Return value:  Size  Location     Type
   242 ;;		None               void
   243 ;; Registers used:
   244 ;;		wreg, status,2, status,0, pclath, cstack
   245 ;; Tracked objects:
   246 ;;		On entry : 17F/0
   247 ;;		On exit  : 60/0
   248 ;;		Unchanged: 0/0
   249 ;; Data sizes:     COMMON   BANK0   BANK1   BANK3   BANK2
   250 ;;      Params:         0       0       0       0       0
   251 ;;      Locals:         0       0       0       0       0
   252 ;;      Temps:          0       0       0       0       0
   253 ;;      Totals:         0       0       0       0       0
   254 ;;Total ram usage:        0 bytes
   255 ;; Hardware stack levels required when called:    2
   256 ;; This function calls:
   257 ;;		___lbmod
   258 ;;		_Led_100ms
   259 ;;		_Led_1s
   260 ;; This function is called by:
   261 ;;		Startup code after reset
   262 ;; This function uses a non-reentrant model
   263 ;;
   264  000F                     _main:	
   265                           
   266                           ;bt01ttvxlday1.c: 35: TRISA = 0;
   267                           
   268                           ; Regs used in _main: [wreg+status,2+status,0+pclath+cstack]
   269  000F  1683               	bsf	3,5	;RP0=1, select bank1
   270  0010  0185               	clrf	5	;volatile
   271                           
   272                           ;bt01ttvxlday1.c: 36: ANSEL = ANSELH = 0;
   273  0011  1703               	bsf	3,6	;RP1=1, select bank3
   274  0012  0189               	clrf	9	;volatile
   275  0013  0188               	clrf	8	;volatile
   276                           
   277                           ;bt01ttvxlday1.c: 37: TRISB0 = 1;
   278  0014  1303               	bcf	3,6	;RP1=0, select bank1
   279  0015  1406               	bsf	6,0
   280                           
   281                           ;bt01ttvxlday1.c: 38: PORTA = 0;
   282  0016  1283               	bcf	3,5	;RP0=0, select bank0
   283  0017  0185               	clrf	5	;volatile
   284                           
   285                           ;bt01ttvxlday1.c: 40: GIE = 1;
   286  0018  178B               	bsf	11,7
   287                           
   288                           ;bt01ttvxlday1.c: 41: INTE = 1;
   289  0019  160B               	bsf	11,4
   290                           
   291                           ;bt01ttvxlday1.c: 42: INTF = 0;
   292  001A  108B               	bcf	11,1
   293  001B                     l2513:	
   294                           
   295                           ;bt01ttvxlday1.c: 45: if((count%3)==0&&(count!=0)){Led_100ms();}
   296  001B  3003               	movlw	3
   297  001C  00F2               	movwf	?___lbmod
   298  001D  0877               	movf	_count,w
   299  001E  120A  118A  2087   	fcall	___lbmod
      +       120A  118A         
   300  0023  3800               	iorlw	0
   301  0024  1D03               	skipz
   302  0025  282E               	goto	l1040
   303  0026  0877               	movf	_count,w
   304  0027  1903               	btfsc	3,2
   305  0028  282E               	goto	l1040
   306  0029  120A  118A  2069   	fcall	_Led_100ms
      +       120A  118A         
   307  002E                     l1040:	
   308                           
   309                           ;bt01ttvxlday1.c: 46: if((count%3)==1){Led_1s();}
   310  002E  3003               	movlw	3
   311  002F  00F2               	movwf	?___lbmod
   312  0030  0877               	movf	_count,w
   313  0031  120A  118A  2087   	fcall	___lbmod
      +       120A  118A         
   314  0036  3A01               	xorlw	1
   315  0037  1D03               	skipz
   316  0038  283E               	goto	l1041
   317  0039  120A  118A  204B   	fcall	_Led_1s
      +       120A  118A         
   318  003E                     l1041:	
   319                           
   320                           ;bt01ttvxlday1.c: 47: if((count%3)==2){PORTA=0;}
   321  003E  3003               	movlw	3
   322  003F  00F2               	movwf	?___lbmod
   323  0040  0877               	movf	_count,w
   324  0041  120A  118A  2087   	fcall	___lbmod
      +       120A  118A         
   325  0046  3A02               	xorlw	2
   326  0047  1D03               	skipz
   327  0048  281B               	goto	l2513
   328  0049  0185               	clrf	5	;volatile
   329  004A  281B               	goto	l2513
   330  004B                     __end_of_main:	
   331                           
   332                           	psect	text53
   333  004B                     __ptext53:	
   334 ;; =============== function _main ends ============
   335                           
   336                           
   337 ;; *************** function _Led_1s *****************
   338 ;; Defined at:
   339 ;;		line 20 in file "D:\TTVXL\Project TTVXL\bt01ttvxl\bt01ttvxlday1.c"
   340 ;; Parameters:    Size  Location     Type
   341 ;;		None
   342 ;; Auto vars:     Size  Location     Type
   343 ;;  m               1    5[COMMON] unsigned char 
   344 ;;  h               1    6[COMMON] unsigned char 
   345 ;;  i               1    0        unsigned char 
   346 ;; Return value:  Size  Location     Type
   347 ;;		None               void
   348 ;; Registers used:
   349 ;;		wreg, status,2, status,0
   350 ;; Tracked objects:
   351 ;;		On entry : 60/0
   352 ;;		On exit  : 60/0
   353 ;;		Unchanged: 0/0
   354 ;; Data sizes:     COMMON   BANK0   BANK1   BANK3   BANK2
   355 ;;      Params:         0       0       0       0       0
   356 ;;      Locals:         2       0       0       0       0
   357 ;;      Temps:          3       0       0       0       0
   358 ;;      Totals:         5       0       0       0       0
   359 ;;Total ram usage:        5 bytes
   360 ;; Hardware stack levels used:    1
   361 ;; Hardware stack levels required when called:    1
   362 ;; This function calls:
   363 ;;		Nothing
   364 ;; This function is called by:
   365 ;;		_main
   366 ;; This function uses a non-reentrant model
   367 ;;
   368  004B                     _Led_1s:	
   369                           
   370                           ;bt01ttvxlday1.c: 22: h = 0b00000100;
   371                           
   372                           ; Regs used in _Led_1s: [wreg+status,2+status,0]
   373  004B  3004               	movlw	4
   374  004C  00F6               	movwf	Led_1s@h
   375                           
   376                           ;bt01ttvxlday1.c: 23: for (char m=0;m<4;m++){
   377  004D  01F5               	clrf	Led_1s@m
   378  004E                     l2495:	
   379                           
   380                           ;bt01ttvxlday1.c: 24: PORTA = h;
   381  004E  0876               	movf	Led_1s@h,w
   382  004F  0085               	movwf	5	;volatile
   383  0050  301A               	movlw	26
   384                           
   385                           ;bt01ttvxlday1.c: 25: h=h>>1;
   386  0051  1003               	clrc
   387  0052  0CF6               	rrf	Led_1s@h,f
   388                           
   389                           ;bt01ttvxlday1.c: 26: _delay((unsigned long)((1000)*(20000000/4000.0)));
   390  0053  00F4               	movwf	??_Led_1s+2
   391  0054  305E               	movlw	94
   392  0055  00F3               	movwf	??_Led_1s+1
   393  0056  3086               	movlw	134
   394  0057  00F2               	movwf	??_Led_1s
   395  0058                     u127:	
   396  0058  0BF2               	decfsz	??_Led_1s,f
   397  0059  2858               	goto	u127
   398  005A  0BF3               	decfsz	??_Led_1s+1,f
   399  005B  2858               	goto	u127
   400  005C  0BF4               	decfsz	??_Led_1s+2,f
   401  005D  2858               	goto	u127
   402  005E  0064               	clrwdt
   403                           
   404                           ;bt01ttvxlday1.c: 27: PORTA=h;
   405  005F  0876               	movf	Led_1s@h,w
   406  0060  1283               	bcf	3,5	;RP0=0, select bank0
   407  0061  1303               	bcf	3,6	;RP1=0, select bank0
   408  0062  0085               	movwf	5	;volatile
   409  0063  3004               	movlw	4
   410  0064  0AF5               	incf	Led_1s@m,f
   411  0065  0275               	subwf	Led_1s@m,w
   412  0066  1803               	btfsc	3,0
   413  0067  0008               	return
   414  0068  284E               	goto	l2495
   415  0069                     __end_of_Led_1s:	
   416                           
   417                           	psect	text54
   418  0069                     __ptext54:	
   419 ;; =============== function _Led_1s ends ============
   420                           
   421                           
   422 ;; *************** function _Led_100ms *****************
   423 ;; Defined at:
   424 ;;		line 9 in file "D:\TTVXL\Project TTVXL\bt01ttvxl\bt01ttvxlday1.c"
   425 ;; Parameters:    Size  Location     Type
   426 ;;		None
   427 ;; Auto vars:     Size  Location     Type
   428 ;;  m               1    5[COMMON] unsigned char 
   429 ;;  h               1    6[COMMON] unsigned char 
   430 ;;  i               1    0        unsigned char 
   431 ;; Return value:  Size  Location     Type
   432 ;;		None               void
   433 ;; Registers used:
   434 ;;		wreg, status,2, status,0
   435 ;; Tracked objects:
   436 ;;		On entry : 60/0
   437 ;;		On exit  : 60/0
   438 ;;		Unchanged: 0/0
   439 ;; Data sizes:     COMMON   BANK0   BANK1   BANK3   BANK2
   440 ;;      Params:         0       0       0       0       0
   441 ;;      Locals:         2       0       0       0       0
   442 ;;      Temps:          3       0       0       0       0
   443 ;;      Totals:         5       0       0       0       0
   444 ;;Total ram usage:        5 bytes
   445 ;; Hardware stack levels used:    1
   446 ;; Hardware stack levels required when called:    1
   447 ;; This function calls:
   448 ;;		Nothing
   449 ;; This function is called by:
   450 ;;		_main
   451 ;; This function uses a non-reentrant model
   452 ;;
   453  0069                     _Led_100ms:	
   454                           
   455                           ;bt01ttvxlday1.c: 11: h = 0b00000100;
   456                           
   457                           ; Regs used in _Led_100ms: [wreg+status,2+status,0]
   458  0069  3004               	movlw	4
   459  006A  00F6               	movwf	Led_100ms@h
   460                           
   461                           ;bt01ttvxlday1.c: 12: for (char m=0;m<4;m++){
   462  006B  01F5               	clrf	Led_100ms@m
   463  006C                     l2479:	
   464                           
   465                           ;bt01ttvxlday1.c: 13: PORTA = h;
   466  006C  0876               	movf	Led_100ms@h,w
   467  006D  0085               	movwf	5	;volatile
   468  006E  3003               	movlw	3
   469                           
   470                           ;bt01ttvxlday1.c: 14: h=h>>1;
   471  006F  1003               	clrc
   472  0070  0CF6               	rrf	Led_100ms@h,f
   473                           
   474                           ;bt01ttvxlday1.c: 15: _delay((unsigned long)((100)*(20000000/4000.0)));
   475  0071  00F4               	movwf	??_Led_100ms+2
   476  0072  308A               	movlw	138
   477  0073  00F3               	movwf	??_Led_100ms+1
   478  0074  3056               	movlw	86
   479  0075  00F2               	movwf	??_Led_100ms
   480  0076                     u137:	
   481  0076  0BF2               	decfsz	??_Led_100ms,f
   482  0077  2876               	goto	u137
   483  0078  0BF3               	decfsz	??_Led_100ms+1,f
   484  0079  2876               	goto	u137
   485  007A  0BF4               	decfsz	??_Led_100ms+2,f
   486  007B  2876               	goto	u137
   487  007C  287D               	nop2
   488                           
   489                           ;bt01ttvxlday1.c: 16: PORTA=h;
   490  007D  0876               	movf	Led_100ms@h,w
   491  007E  1283               	bcf	3,5	;RP0=0, select bank0
   492  007F  1303               	bcf	3,6	;RP1=0, select bank0
   493  0080  0085               	movwf	5	;volatile
   494  0081  3004               	movlw	4
   495  0082  0AF5               	incf	Led_100ms@m,f
   496  0083  0275               	subwf	Led_100ms@m,w
   497  0084  1803               	btfsc	3,0
   498  0085  0008               	return
   499  0086  286C               	goto	l2479
   500  0087                     __end_of_Led_100ms:	
   501                           
   502                           	psect	text55
   503  0087                     __ptext55:	
   504 ;; =============== function _Led_100ms ends ============
   505                           
   506                           
   507 ;; *************** function ___lbmod *****************
   508 ;; Defined at:
   509 ;;		line 5 in file "C:\Program Files (x86)\HI-TECH Software\PICC\9.83\sources\lbmod.c"
   510 ;; Parameters:    Size  Location     Type
   511 ;;  dividend        1    wreg     unsigned char 
   512 ;;  divisor         1    2[COMMON] unsigned char 
   513 ;; Auto vars:     Size  Location     Type
   514 ;;  dividend        1    4[COMMON] unsigned char 
   515 ;;  rem             1    6[COMMON] unsigned char 
   516 ;;  counter         1    5[COMMON] unsigned char 
   517 ;; Return value:  Size  Location     Type
   518 ;;                  1    wreg      unsigned char 
   519 ;; Registers used:
   520 ;;		wreg, status,2, status,0
   521 ;; Tracked objects:
   522 ;;		On entry : 60/0
   523 ;;		On exit  : 60/0
   524 ;;		Unchanged: FFF9F/0
   525 ;; Data sizes:     COMMON   BANK0   BANK1   BANK3   BANK2
   526 ;;      Params:         1       0       0       0       0
   527 ;;      Locals:         3       0       0       0       0
   528 ;;      Temps:          1       0       0       0       0
   529 ;;      Totals:         5       0       0       0       0
   530 ;;Total ram usage:        5 bytes
   531 ;; Hardware stack levels used:    1
   532 ;; Hardware stack levels required when called:    1
   533 ;; This function calls:
   534 ;;		Nothing
   535 ;; This function is called by:
   536 ;;		_main
   537 ;; This function uses a non-reentrant model
   538 ;;
   539  0087                     ___lbmod:	
   540                           
   541                           ; Regs used in ___lbmod: [wreg+status,2+status,0]
   542                           ;___lbmod@dividend stored from wreg
   543  0087  00F4               	movwf	___lbmod@dividend
   544  0088  3008               	movlw	8
   545  0089  00F5               	movwf	___lbmod@counter
   546  008A  01F6               	clrf	___lbmod@rem
   547  008B                     l2457:	
   548  008B  0874               	movf	___lbmod@dividend,w
   549  008C  00F3               	movwf	??___lbmod
   550  008D  3007               	movlw	7
   551  008E  1003               	clrc
   552  008F                     L1:	
   553  008F  0CF3               	rrf	??___lbmod,f
   554  0090  3EFF               	addlw	-1
   555  0091  1003               	clrc
   556  0092  1D03               	skipz
   557  0093  288F               	goto	L1
   558  0094  0D76               	rlf	___lbmod@rem,w
   559  0095  0473               	iorwf	??___lbmod,w
   560  0096  00F6               	movwf	___lbmod@rem
   561  0097  1003               	clrc
   562  0098  0DF4               	rlf	___lbmod@dividend,f
   563  0099  0872               	movf	___lbmod@divisor,w
   564  009A  0276               	subwf	___lbmod@rem,w
   565  009B  1C03               	skipc
   566  009C  289F               	goto	l2465
   567  009D  0872               	movf	___lbmod@divisor,w
   568  009E  02F6               	subwf	___lbmod@rem,f
   569  009F                     l2465:	
   570  009F  0BF5               	decfsz	___lbmod@counter,f
   571  00A0  288B               	goto	l2457
   572  00A1  0876               	movf	___lbmod@rem,w
   573  00A2  0008               	return
   574  00A3                     __end_of___lbmod:	
   575                           
   576                           	psect	text56
   577  00A3                     __ptext56:	
   578 ;; =============== function ___lbmod ends ============
   579                           
   580                           
   581 ;; *************** function _button *****************
   582 ;; Defined at:
   583 ;;		line 52 in file "D:\TTVXL\Project TTVXL\bt01ttvxl\bt01ttvxlday1.c"
   584 ;; Parameters:    Size  Location     Type
   585 ;;		None
   586 ;; Auto vars:     Size  Location     Type
   587 ;;		None
   588 ;; Return value:  Size  Location     Type
   589 ;;		None               void
   590 ;; Registers used:
   591 ;;		status,2, status,0
   592 ;; Tracked objects:
   593 ;;		On entry : 0/0
   594 ;;		On exit  : 60/0
   595 ;;		Unchanged: FFF9F/0
   596 ;; Data sizes:     COMMON   BANK0   BANK1   BANK3   BANK2
   597 ;;      Params:         0       0       0       0       0
   598 ;;      Locals:         0       0       0       0       0
   599 ;;      Temps:          2       0       0       0       0
   600 ;;      Totals:         2       0       0       0       0
   601 ;;Total ram usage:        2 bytes
   602 ;; Hardware stack levels used:    1
   603 ;; This function calls:
   604 ;;		Nothing
   605 ;; This function is called by:
   606 ;;		Interrupt level 1
   607 ;; This function uses a non-reentrant model
   608 ;;
   609  00A3                     _button:	
   610                           
   611                           ;bt01ttvxlday1.c: 53: INTF = 0;
   612  00A3  108B               	bcf	11,1
   613                           
   614                           ;bt01ttvxlday1.c: 54: if (RB0 == 1){
   615  00A4  1283               	bcf	3,5	;RP0=0, select bank0
   616  00A5  1303               	bcf	3,6	;RP1=0, select bank0
   617  00A6  1C06               	btfss	6,0
   618  00A7  28AB               	goto	i1l1052
   619  00A8                     i1l1049:	
   620  00A8  1806               	btfsc	6,0
   621  00A9  28A8               	goto	i1l1049
   622                           
   623                           ;bt01ttvxlday1.c: 56: }
   624                           ;bt01ttvxlday1.c: 57: count = count + 1;
   625  00AA  0AF7               	incf	_count,f
   626  00AB                     i1l1052:	
   627  00AB  0871               	movf	??_button+1,w
   628  00AC  008A               	movwf	10
   629  00AD  0E70               	swapf	??_button^(0+-128),w
   630  00AE  0083               	movwf	3
   631  00AF  0EFE               	swapf	126,f
   632  00B0  0E7E               	swapf	126,w
   633  00B1  0009               	retfie
   634  00B2                     __end_of_button:	
   635                           
   636                           	psect	intentry
   637  0004                     __pintentry:	
   638                           ; Regs used in _button: [status]
   639                           
   640  0004                     interrupt_function:	
   641  007E                     saved_w	set	btemp
   642  0004  00FE               	movwf	btemp
   643  0005  0E03               	swapf	3,w
   644  0006  00F0               	movwf	??_button
   645  0007  080A               	movf	10,w
   646  0008  00F1               	movwf	??_button+1
   647  0009  120A  118A  28A3   	ljmp	_button
   648                           
   649                           	psect	text57
   650  0000                     __ptext57:	
   651 ;; =============== function _button ends ============
   652                           
   653  007E                     btemp	set	126	;btemp
   654  007E                     wtemp0	set	126


HI-TECH Software PICC Macro Assembler V9.83 build 10920 
Symbol Table                                                                                   Sat Oct 22 00:20:42 2022

                 _GIE 005F                   _RB0 0030                   u127 0058                   u137 0076  
                l1031 0000                  l1040 002E                  l1041 003E                  l1036 0000  
                l2080 0000                  l2501 0000                  l2511 0000                  l2503 0000  
                l2513 001B                  l2505 0000                  l2507 0000                  l2461 0000  
                l2453 0000                  l2517 0000                  l2509 0000                  l2455 0000  
                l2471 0000                  l2465 009F                  l2457 008B                  l2481 0000  
                l2473 0000                  l2467 0000                  l2459 0000                  l2483 0000  
                l2475 0000                  l2491 0000                  l2485 0000                  l2479 006C  
                l2495 004E                  l2487 0000                  l2497 0000                  l2489 0000  
                l2499 0000                  _INTE 005C                  _INTF 0059                  _main 000F  
                btemp 007E                  start 000C                 ?_main 0070       __end_of___lbmod 00A3  
               _ANSEL 0188                 _PORTA 0005                 _TRISA 0085                 _count 0077  
               pclath 000A                 status 0003                 wtemp0 007E          __end_of_main 004B  
  __size_of_Led_100ms 001E                ??_main 0077                _ANSELH 0189                i1l1052 00AB  
              i1l1049 00A8                i1l2447 0000                _TRISB0 0430                _Led_1s 004B  
           ??___lbmod 0073                _button 00A3                saved_w 007E     __end_of_Led_100ms 0087  
     ___lbmod@divisor 0072       ___lbmod@counter 0075        __pcstackCOMMON 0070               ?_Led_1s 0070  
          __pmaintext 000F            __pintentry 0004               ?_button 0070               Led_1s@h 0076  
             Led_1s@m 0075       __size_of_Led_1s 001E               ___lbmod 0087       __size_of_button 000F  
end_of_initialization 00B3      ___lbmod@dividend 0074           ___lbmod@rem 0076             _Led_100ms 0069  
      __end_of_Led_1s 0069        __end_of_button 00B2   start_initialization 00B2            ?_Led_100ms 0070  
            ??_Led_1s 0072              ??_button 0070           __pbssCOMMON 0077              ?___lbmod 0072  
   interrupt_function 0004           ??_Led_100ms 0072      __size_of___lbmod 001C              __ptext52 0000  
            __ptext53 004B              __ptext54 0069              __ptext55 0087              __ptext56 00A3  
            __ptext57 0000         __size_of_main 003C            Led_100ms@h 0076            Led_100ms@m 0075  
            intlevel1 0000  
