

HI-TECH Software PIC PRO Macro Assembler V9.83 build 10920 
                                                                                               Sun Dec 18 17:00:42 2022

HI-TECH Software Omniscient Code Generator (PRO mode) build 10920
     1                           	processor	16F887
     2                           	opt	pw 120
     3                           	opt	pm
     4                           	psect	config,global,class=CONFIG,delta=2
     5                           	psect	text74,local,class=CODE,delta=2
     6                           	psect	cinit,global,class=CODE,delta=2
     7                           	psect	bssBANK0,global,class=BANK0,space=1,delta=1
     8                           	psect	cstackCOMMON,global,class=COMMON,space=1,delta=1
     9                           	psect	cstackBANK0,global,class=BANK0,space=1,delta=1
    10                           	psect	maintext,global,class=CODE,delta=2
    11                           	psect	text75,local,class=CODE,delta=2
    12                           	psect	intentry,global,class=CODE,delta=2
    13                           	psect	text78,local,class=CODE,delta=2
    14                           	psect	pa_nodes,global,class=CODE,delta=2
    15                           	dabs	1,0x7E,2
    16  000A                     	;#
    17                           
    18                           	psect	config
    19  2007  E3C2               	dw	58306	;#
    20                           
    21                           	psect	text74
    22  0000                     __ptext74:	
    23  0017                     _CCP1CON	set	23
    24  0015                     _CCPR1L	set	21
    25  0011                     _TMR2	set	17
    26  00BC                     _DC1B0	set	188
    27  00BD                     _DC1B1	set	189
    28  005F                     _GIE	set	95
    29  005C                     _INTE	set	92
    30  0059                     _INTF	set	89
    31  0031                     _RB1	set	49
    32  005B                     _RBIE	set	91
    33  0058                     _RBIF	set	88
    34  003A                     _RC2	set	58
    35  0045                     _RD5	set	69
    36  0046                     _RD6	set	70
    37  0047                     _RD7	set	71
    38  0090                     _T2CKPS0	set	144
    39  0091                     _T2CKPS1	set	145
    40  0092                     _TMR2ON	set	146
    41  0092                     _PR2	set	146
    42  040E                     _INTEDG	set	1038
    43  04B1                     _IOCB1	set	1201
    44  0430                     _TRISB0	set	1072
    45  0431                     _TRISB1	set	1073
    46  043A                     _TRISC2	set	1082
    47  0445                     _TRISD5	set	1093
    48  0446                     _TRISD6	set	1094
    49  0447                     _TRISD7	set	1095
    50  0188                     _ANSEL	set	392
    51  0189                     _ANSELH	set	393
    52                           
    53                           	psect	cinit
    54  00C6                     start_initialization:	
    55                           
    56                           ; Clear objects allocated to BANK0
    57  00C6  01A0               	clrf	__pbssBANK0& (0+127)
    58  00C7  01A1               	clrf	(__pbssBANK0+1)& (0+127)
    59  00C8                     end_of_initialization:	
    60                           ;End of C runtime variable initialization code
    61                           
    62  00C8  0183               	clrf	3
    63  00C9  120A  118A  28A6   	ljmp	_main	;jump to C main() function
    64                           
    65                           	psect	bssBANK0
    66  0020                     __pbssBANK0:	
    67  0020                     _pwm_v:	
    68  0020                     	ds	2
    69                           
    70                           	psect	cstackCOMMON
    71  0070                     __pcstackCOMMON:	
    72  0070                     ?_main:	
    73  0070                     ?_ngat:	
    74                           ; 0 bytes @ 0x0
    75                           
    76  0070                     ?___awdiv:	
    77                           ; 0 bytes @ 0x0
    78                           
    79  0070                     ___awdiv@divisor:	
    80                           ; 2 bytes @ 0x0
    81                           
    82                           
    83                           ; 2 bytes @ 0x0
    84  0070                     	ds	2
    85  0072                     ___awdiv@dividend:	
    86                           
    87                           ; 2 bytes @ 0x2
    88  0072                     	ds	2
    89  0074                     ??___awdiv:	
    90  0074                     ___awdiv@counter:	
    91                           ; 0 bytes @ 0x4
    92                           
    93                           
    94                           ; 1 bytes @ 0x4
    95  0074                     	ds	1
    96  0075                     ___awdiv@sign:	
    97                           
    98                           ; 1 bytes @ 0x5
    99  0075                     	ds	1
   100  0076                     ___awdiv@quotient:	
   101                           
   102                           ; 2 bytes @ 0x6
   103  0076                     	ds	2
   104  0078                     ?_pwm_10bit:	
   105  0078                     pwm_10bit@data_pwm:	
   106                           ; 0 bytes @ 0x8
   107                           
   108                           
   109                           ; 2 bytes @ 0x8
   110  0078                     	ds	2
   111  007A                     ??_pwm_10bit:	
   112  007A                     ??_ngat:	
   113                           ; 0 bytes @ 0xA
   114                           
   115                           
   116                           ; 0 bytes @ 0xA
   117  007A                     	ds	4
   118                           
   119                           	psect	cstackBANK0
   120  0000                     __pcstackBANK0:	
   121  0000                     ??_main:	
   122                           
   123                           	psect	maintext
   124  00A6                     __pmaintext:	
   125                           ; 0 bytes @ 0x0
   126 ;;Data sizes: Strings 0, constant 0, data 0, bss 2, persistent 0 stack 0
   127 ;;Auto spaces:   Size  Autos    Used
   128 ;; COMMON          14     14      14
   129 ;; BANK0           80      0       2
   130 ;; BANK1           80      0       0
   131 ;; BANK3           96      0       0
   132 ;; BANK2           96      0       0
   133 ;;
   134 ;; Pointer list with targets:
   135 ;; ?___awdiv	int  size(1) Largest target is 0
   136 ;;
   137 ;;
   138 ;; Critical Paths under _main in COMMON
   139 ;;
   140 ;;   None.
   141 ;;
   142 ;; Critical Paths under _ngat in COMMON
   143 ;;
   144 ;;   _ngat->_pwm_10bit
   145 ;;   _pwm_10bit->___awdiv
   146 ;;
   147 ;; Critical Paths under _main in BANK0
   148 ;;
   149 ;;   None.
   150 ;;
   151 ;; Critical Paths under _ngat in BANK0
   152 ;;
   153 ;;   None.
   154 ;;
   155 ;; Critical Paths under _main in BANK1
   156 ;;
   157 ;;   None.
   158 ;;
   159 ;; Critical Paths under _ngat in BANK1
   160 ;;
   161 ;;   None.
   162 ;;
   163 ;; Critical Paths under _main in BANK3
   164 ;;
   165 ;;   None.
   166 ;;
   167 ;; Critical Paths under _ngat in BANK3
   168 ;;
   169 ;;   None.
   170 ;;
   171 ;; Critical Paths under _main in BANK2
   172 ;;
   173 ;;   None.
   174 ;;
   175 ;; Critical Paths under _ngat in BANK2
   176 ;;
   177 ;;   None.
   178 ;;
   179 ;;Main: autosize = 0, tempsize = 0, incstack = 0, save=0
   180 ;;
   181 ;;
   182 ;;Call Graph Tables:
   183 ;;
   184 ;; ---------------------------------------------------------------------------------
   185 ;; (Depth) Function   	        Calls       Base Space   Used Autos Params    Refs
   186 ;; ---------------------------------------------------------------------------------
   187 ;; (0) _main                                                 0     0      0       0
   188 ;; ---------------------------------------------------------------------------------
   189 ;; Estimated maximum stack depth 0
   190 ;; ---------------------------------------------------------------------------------
   191 ;; (Depth) Function   	        Calls       Base Space   Used Autos Params    Refs
   192 ;; ---------------------------------------------------------------------------------
   193 ;; (1) _ngat                                                 4     4      0     366
   194 ;;                                             10 COMMON     4     4      0
   195 ;;                          _pwm_10bit
   196 ;; ---------------------------------------------------------------------------------
   197 ;; (2) _pwm_10bit                                            2     0      2     366
   198 ;;                                              8 COMMON     2     0      2
   199 ;;                            ___awdiv
   200 ;; ---------------------------------------------------------------------------------
   201 ;; (3) ___awdiv                                              8     4      4     300
   202 ;;                                              0 COMMON     8     4      4
   203 ;; ---------------------------------------------------------------------------------
   204 ;; Estimated maximum stack depth 3
   205 ;; ---------------------------------------------------------------------------------
   206 ;; Call Graph Graphs:
   207 ;; _main (ROOT)
   208 ;;
   209 ;; _ngat (ROOT)
   210 ;;   _pwm_10bit
   211 ;;     ___awdiv
   212 ;;
   213 ;; Address spaces:
   214 ;;Name               Size   Autos  Total    Cost      Usage
   215 ;;BITCOMMON            E      0       0       0        0.0%
   216 ;;EEDATA             100      0       0       0        0.0%
   217 ;;NULL                 0      0       0       0        0.0%
   218 ;;CODE                 0      0       0       0        0.0%
   219 ;;COMMON               E      E       E       1      100.0%
   220 ;;BITSFR0              0      0       0       1        0.0%
   221 ;;SFR0                 0      0       0       1        0.0%
   222 ;;BITSFR1              0      0       0       2        0.0%
   223 ;;SFR1                 0      0       0       2        0.0%
   224 ;;STACK                0      0       6       2        0.0%
   225 ;;ABS                  0      0      10       3        0.0%
   226 ;;BITBANK0            50      0       0       4        0.0%
   227 ;;BITSFR3              0      0       0       4        0.0%
   228 ;;SFR3                 0      0       0       4        0.0%
   229 ;;BANK0               50      0       2       5        2.5%
   230 ;;BITSFR2              0      0       0       5        0.0%
   231 ;;SFR2                 0      0       0       5        0.0%
   232 ;;BITBANK1            50      0       0       6        0.0%
   233 ;;BANK1               50      0       0       7        0.0%
   234 ;;BITBANK3            60      0       0       8        0.0%
   235 ;;BANK3               60      0       0       9        0.0%
   236 ;;BITBANK2            60      0       0      10        0.0%
   237 ;;BANK2               60      0       0      11        0.0%
   238 ;;DATA                 0      0      16      12        0.0%
   239                           
   240                           
   241 ;; *************** function _main *****************
   242 ;; Defined at:
   243 ;;		line 13 in file "D:\TTVXL\Project TTVXL\BT05week15ttvxl\BT05week15ttvxl.c"
   244 ;; Parameters:    Size  Location     Type
   245 ;;		None
   246 ;; Auto vars:     Size  Location     Type
   247 ;;		None
   248 ;; Return value:  Size  Location     Type
   249 ;;		None               void
   250 ;; Registers used:
   251 ;;		status,2
   252 ;; Tracked objects:
   253 ;;		On entry : 17F/0
   254 ;;		On exit  : 15F/0
   255 ;;		Unchanged: FFE80/0
   256 ;; Data sizes:     COMMON   BANK0   BANK1   BANK3   BANK2
   257 ;;      Params:         0       0       0       0       0
   258 ;;      Locals:         0       0       0       0       0
   259 ;;      Temps:          0       0       0       0       0
   260 ;;      Totals:         0       0       0       0       0
   261 ;;Total ram usage:        0 bytes
   262 ;; Hardware stack levels required when called:    3
   263 ;; This function calls:
   264 ;;		Nothing
   265 ;; This function is called by:
   266 ;;		Startup code after reset
   267 ;; This function uses a non-reentrant model
   268 ;;
   269  00A6                     _main:	
   270                           
   271                           ;BT05week15ttvxl.c: 14: ANSEL = ANSELH = 0;
   272                           
   273                           ; Regs used in _main: [status,2]
   274  00A6  1683               	bsf	3,5	;RP0=1, select bank3
   275  00A7  1703               	bsf	3,6	;RP1=1, select bank3
   276  00A8  0189               	clrf	9	;volatile
   277  00A9  0188               	clrf	8	;volatile
   278                           
   279                           ;BT05week15ttvxl.c: 15: TRISC2 = 0;
   280  00AA  1303               	bcf	3,6	;RP1=0, select bank1
   281  00AB  1107               	bcf	7,2
   282                           
   283                           ;BT05week15ttvxl.c: 16: RC2 = 0;
   284  00AC  1283               	bcf	3,5	;RP0=0, select bank0
   285  00AD  1107               	bcf	7,2
   286                           
   287                           ;BT05week15ttvxl.c: 17: TRISD5 = 0;
   288  00AE  1683               	bsf	3,5	;RP0=1, select bank1
   289  00AF  1288               	bcf	8,5
   290                           
   291                           ;BT05week15ttvxl.c: 18: RD5 = 0;
   292  00B0  1283               	bcf	3,5	;RP0=0, select bank0
   293  00B1  1288               	bcf	8,5
   294                           
   295                           ;BT05week15ttvxl.c: 19: TRISD6 = 0;
   296  00B2  1683               	bsf	3,5	;RP0=1, select bank1
   297  00B3  1308               	bcf	8,6
   298                           
   299                           ;BT05week15ttvxl.c: 20: RD6 = 0;
   300  00B4  1283               	bcf	3,5	;RP0=0, select bank0
   301  00B5  1308               	bcf	8,6
   302                           
   303                           ;BT05week15ttvxl.c: 21: TRISD7 = 0;
   304  00B6  1683               	bsf	3,5	;RP0=1, select bank1
   305  00B7  1388               	bcf	8,7
   306                           
   307                           ;BT05week15ttvxl.c: 22: RD7 = 0;
   308  00B8  1283               	bcf	3,5	;RP0=0, select bank0
   309  00B9  1388               	bcf	8,7
   310                           
   311                           ;BT05week15ttvxl.c: 24: TRISB0 = 1;
   312  00BA  1683               	bsf	3,5	;RP0=1, select bank1
   313  00BB  1406               	bsf	6,0
   314                           
   315                           ;BT05week15ttvxl.c: 25: TRISB1 = 1;
   316  00BC  1486               	bsf	6,1
   317                           
   318                           ;BT05week15ttvxl.c: 27: INTE = 1;
   319  00BD  160B               	bsf	11,4
   320                           
   321                           ;BT05week15ttvxl.c: 28: INTF = 0;
   322  00BE  108B               	bcf	11,1
   323                           
   324                           ;BT05week15ttvxl.c: 29: INTEDG = 0;
   325  00BF  1301               	bcf	1,6
   326                           
   327                           ;BT05week15ttvxl.c: 30: GIE = 1;
   328  00C0  178B               	bsf	11,7
   329                           
   330                           ;BT05week15ttvxl.c: 32: IOCB1 = 1;
   331  00C1  1496               	bsf	22,1
   332                           
   333                           ;BT05week15ttvxl.c: 33: RBIE = 1;
   334  00C2  158B               	bsf	11,3
   335                           
   336                           ;BT05week15ttvxl.c: 34: RBIF = 0;
   337  00C3  100B               	bcf	11,0
   338                           
   339                           ;BT05week15ttvxl.c: 35: GIE = 1;
   340  00C4  178B               	bsf	11,7
   341  00C5                     l1030:	
   342                           ;BT05week15ttvxl.c: 38: {}
   343                           
   344  00C5  28C5               	goto	l1030
   345  00C6                     __end_of_main:	
   346                           
   347                           	psect	text75
   348  0015                     __ptext75:	
   349 ;; =============== function _main ends ============
   350                           
   351                           
   352 ;; *************** function _ngat *****************
   353 ;; Defined at:
   354 ;;		line 42 in file "D:\TTVXL\Project TTVXL\BT05week15ttvxl\BT05week15ttvxl.c"
   355 ;; Parameters:    Size  Location     Type
   356 ;;		None
   357 ;; Auto vars:     Size  Location     Type
   358 ;;		None
   359 ;; Return value:  Size  Location     Type
   360 ;;		None               void
   361 ;; Registers used:
   362 ;;		wreg, fsr0l, fsr0h, fsr1l, fsr1h, status,2, status,0, btemp+1, pclath, cstack
   363 ;; Tracked objects:
   364 ;;		On entry : 0/0
   365 ;;		On exit  : 60/0
   366 ;;		Unchanged: FFF9F/0
   367 ;; Data sizes:     COMMON   BANK0   BANK1   BANK3   BANK2
   368 ;;      Params:         0       0       0       0       0
   369 ;;      Locals:         0       0       0       0       0
   370 ;;      Temps:          4       0       0       0       0
   371 ;;      Totals:         4       0       0       0       0
   372 ;;Total ram usage:        4 bytes
   373 ;; Hardware stack levels used:    1
   374 ;; Hardware stack levels required when called:    2
   375 ;; This function calls:
   376 ;;		_pwm_10bit
   377 ;; This function is called by:
   378 ;;		Interrupt level 1
   379 ;; This function uses a non-reentrant model
   380 ;;
   381  0015                     _ngat:	
   382                           
   383                           ;BT05week15ttvxl.c: 43: if (INTF)
   384  0015  1C8B               	btfss	11,1
   385  0016  282B               	goto	i1l2598
   386                           
   387                           ;BT05week15ttvxl.c: 44: {
   388                           ;BT05week15ttvxl.c: 45: T2CKPS1 = 0; T2CKPS0 = 1;
   389  0017  1092               	bcf	18,1
   390  0018  1412               	bsf	18,0
   391                           
   392                           ;BT05week15ttvxl.c: 46: TMR2 = 0; PR2 = 124;
   393  0019  0191               	clrf	17	;volatile
   394  001A  307C               	movlw	124
   395  001B  1683               	bsf	3,5	;RP0=1, select bank1
   396  001C  0092               	movwf	18	;volatile
   397                           
   398                           ;BT05week15ttvxl.c: 47: TMR2ON = 1;
   399  001D  1283               	bcf	3,5	;RP0=0, select bank0
   400  001E  304C               	movlw	76
   401  001F  1512               	bsf	18,2
   402                           
   403                           ;BT05week15ttvxl.c: 48: CCP1CON = 0b01001100;
   404  0020  0097               	movwf	23	;volatile
   405                           
   406                           ;BT05week15ttvxl.c: 49: pwm_v = 450;
   407  0021  30C2               	movlw	194
   408  0022  00A0               	movwf	_pwm_v
   409  0023  3001               	movlw	1
   410  0024  00A1               	movwf	_pwm_v+1
   411                           
   412                           ;BT05week15ttvxl.c: 50: pwm_10bit(pwm_v);
   413  0025  00F9               	movwf	?_pwm_10bit+1
   414  0026  0820               	movf	_pwm_v,w
   415  0027  00F8               	movwf	?_pwm_10bit
   416  0028  204D  120A  118A   	fcall	_pwm_10bit
   417  002B                     i1l2598:	
   418                           
   419                           ;BT05week15ttvxl.c: 51: }
   420                           ;BT05week15ttvxl.c: 52: if (RBIF)
   421  002B  180B               	btfsc	11,0
   422                           
   423                           ;BT05week15ttvxl.c: 53: if(RB1)
   424  002C  1C86               	btfss	6,1
   425  002D  2840               	goto	i1l2616
   426                           
   427                           ;BT05week15ttvxl.c: 54: {
   428                           ;BT05week15ttvxl.c: 55: {
   429                           ;BT05week15ttvxl.c: 56: T2CKPS1 = 0; T2CKPS0 = 1;
   430  002E  1092               	bcf	18,1
   431  002F  1412               	bsf	18,0
   432                           
   433                           ;BT05week15ttvxl.c: 57: TMR2 = 0; PR2 = 84;
   434  0030  0191               	clrf	17	;volatile
   435  0031  3054               	movlw	84
   436  0032  1683               	bsf	3,5	;RP0=1, select bank1
   437  0033  0092               	movwf	18	;volatile
   438                           
   439                           ;BT05week15ttvxl.c: 58: TMR2ON = 1;
   440  0034  1283               	bcf	3,5	;RP0=0, select bank0
   441  0035  30CC               	movlw	204
   442  0036  1512               	bsf	18,2
   443                           
   444                           ;BT05week15ttvxl.c: 59: CCP1CON = 0b11001100;
   445  0037  0097               	movwf	23	;volatile
   446                           
   447                           ;BT05week15ttvxl.c: 60: pwm_v = 238;
   448  0038  30EE               	movlw	238
   449  0039  00A0               	movwf	_pwm_v
   450  003A  01A1               	clrf	_pwm_v+1
   451                           
   452                           ;BT05week15ttvxl.c: 61: pwm_10bit(pwm_v);
   453  003B  0821               	movf	_pwm_v+1,w
   454  003C  00F9               	movwf	?_pwm_10bit+1
   455  003D  0820               	movf	_pwm_v,w
   456  003E  00F8               	movwf	?_pwm_10bit
   457  003F  204D               	fcall	_pwm_10bit
   458  0040                     i1l2616:	
   459                           
   460                           ;BT05week15ttvxl.c: 62: }
   461                           ;BT05week15ttvxl.c: 63: }
   462                           ;BT05week15ttvxl.c: 64: RBIF = 0;
   463  0040  100B               	bcf	11,0
   464                           
   465                           ;BT05week15ttvxl.c: 65: INTF = 0;
   466  0041  108B               	bcf	11,1
   467  0042  087D               	movf	??_ngat+3,w
   468  0043  00FF               	movwf	127
   469  0044  087C               	movf	??_ngat+2,w
   470  0045  008A               	movwf	10
   471  0046  087B               	movf	??_ngat+1,w
   472  0047  0084               	movwf	4
   473  0048  0E7A               	swapf	??_ngat^(0+-128),w
   474  0049  0083               	movwf	3
   475  004A  0EFE               	swapf	126,f
   476  004B  0E7E               	swapf	126,w
   477  004C  0009               	retfie
   478  004D                     __end_of_ngat:	
   479  004D                     __ptext76:	
   480 ;; =============== function _ngat ends ============
   481                           
   482                           
   483 ;; *************** function _pwm_10bit *****************
   484 ;; Defined at:
   485 ;;		line 69 in file "D:\TTVXL\Project TTVXL\BT05week15ttvxl\BT05week15ttvxl.c"
   486 ;; Parameters:    Size  Location     Type
   487 ;;  data_pwm        2    8[COMMON] int 
   488 ;; Auto vars:     Size  Location     Type
   489 ;;		None
   490 ;; Return value:  Size  Location     Type
   491 ;;		None               void
   492 ;; Registers used:
   493 ;;		wreg, status,2, status,0, pclath, cstack
   494 ;; Tracked objects:
   495 ;;		On entry : 60/0
   496 ;;		On exit  : 60/0
   497 ;;		Unchanged: FFF9F/0
   498 ;; Data sizes:     COMMON   BANK0   BANK1   BANK3   BANK2
   499 ;;      Params:         2       0       0       0       0
   500 ;;      Locals:         0       0       0       0       0
   501 ;;      Temps:          0       0       0       0       0
   502 ;;      Totals:         2       0       0       0       0
   503 ;;Total ram usage:        2 bytes
   504 ;; Hardware stack levels used:    1
   505 ;; Hardware stack levels required when called:    1
   506 ;; This function calls:
   507 ;;		___awdiv
   508 ;; This function is called by:
   509 ;;		_ngat
   510 ;; This function uses a non-reentrant model
   511 ;;
   512  004D                     _pwm_10bit:	
   513                           
   514                           ;BT05week15ttvxl.c: 70: CCPR1L = data_pwm/4;
   515                           
   516                           ; Regs used in _pwm_10bit: [wreg+status,2+status,0+pclath+cstack]
   517  004D  3004               	movlw	4
   518  004E  00F0               	movwf	?___awdiv
   519  004F  01F1               	clrf	?___awdiv+1
   520  0050  0879               	movf	pwm_10bit@data_pwm+1,w
   521  0051  00F3               	movwf	?___awdiv+3
   522  0052  0878               	movf	pwm_10bit@data_pwm,w
   523  0053  00F2               	movwf	?___awdiv+2
   524  0054  2061               	fcall	___awdiv
   525  0055  0870               	movf	?___awdiv,w
   526  0056  0095               	movwf	21	;volatile
   527                           
   528                           ;BT05week15ttvxl.c: 71: DC1B1 = 0; DC1B0 = 0;
   529  0057  1297               	bcf	23,5
   530  0058  1217               	bcf	23,4
   531                           
   532                           ;BT05week15ttvxl.c: 72: if((data_pwm &2) == 1) {DC1B1 = 1;}
   533  0059  0878               	movf	pwm_10bit@data_pwm,w
   534  005A  3902               	andlw	2
   535  005B  3A01               	xorlw	1
   536  005C  1903               	btfsc	3,2
   537  005D  1697               	bsf	23,5
   538                           
   539                           ;BT05week15ttvxl.c: 73: if((data_pwm &1) == 1) {DC1B0 = 1;}
   540  005E  1878               	btfsc	pwm_10bit@data_pwm,0
   541  005F  1617               	bsf	23,4
   542  0060  0008               	return
   543  0061                     __end_of_pwm_10bit:	
   544  0061                     __ptext77:	
   545 ;; =============== function _pwm_10bit ends ============
   546                           
   547                           
   548 ;; *************** function ___awdiv *****************
   549 ;; Defined at:
   550 ;;		line 5 in file "C:\Program Files (x86)\HI-TECH Software\PICC\9.83\sources\awdiv.c"
   551 ;; Parameters:    Size  Location     Type
   552 ;;  divisor         2    0[COMMON] int 
   553 ;;  dividend        2    2[COMMON] int 
   554 ;; Auto vars:     Size  Location     Type
   555 ;;  quotient        2    6[COMMON] int 
   556 ;;  sign            1    5[COMMON] unsigned char 
   557 ;;  counter         1    4[COMMON] unsigned char 
   558 ;; Return value:  Size  Location     Type
   559 ;;                  2    0[COMMON] int 
   560 ;; Registers used:
   561 ;;		wreg, status,2, status,0
   562 ;; Tracked objects:
   563 ;;		On entry : 60/0
   564 ;;		On exit  : 60/0
   565 ;;		Unchanged: FFF9F/0
   566 ;; Data sizes:     COMMON   BANK0   BANK1   BANK3   BANK2
   567 ;;      Params:         4       0       0       0       0
   568 ;;      Locals:         4       0       0       0       0
   569 ;;      Temps:          0       0       0       0       0
   570 ;;      Totals:         8       0       0       0       0
   571 ;;Total ram usage:        8 bytes
   572 ;; Hardware stack levels used:    1
   573 ;; This function calls:
   574 ;;		Nothing
   575 ;; This function is called by:
   576 ;;		_pwm_10bit
   577 ;; This function uses a non-reentrant model
   578 ;;
   579  0061                     ___awdiv:	
   580                           
   581                           ; Regs used in ___awdiv: [wreg+status,2+status,0]
   582  0061  01F5               	clrf	___awdiv@sign
   583  0062  1FF1               	btfss	___awdiv@divisor+1,7
   584  0063  286B               	goto	i1l2640
   585  0064  09F0               	comf	___awdiv@divisor,f
   586  0065  09F1               	comf	___awdiv@divisor+1,f
   587  0066  0AF0               	incf	___awdiv@divisor,f
   588  0067  1903               	skipnz
   589  0068  0AF1               	incf	___awdiv@divisor+1,f
   590  0069  01F5               	clrf	___awdiv@sign
   591  006A  0AF5               	incf	___awdiv@sign,f
   592  006B                     i1l2640:	
   593  006B  1FF3               	btfss	___awdiv@dividend+1,7
   594  006C  2874               	goto	i1l2646
   595  006D  09F2               	comf	___awdiv@dividend,f
   596  006E  09F3               	comf	___awdiv@dividend+1,f
   597  006F  0AF2               	incf	___awdiv@dividend,f
   598  0070  1903               	skipnz
   599  0071  0AF3               	incf	___awdiv@dividend+1,f
   600  0072  3001               	movlw	1
   601  0073  06F5               	xorwf	___awdiv@sign,f
   602  0074                     i1l2646:	
   603  0074  01F6               	clrf	___awdiv@quotient
   604  0075  01F7               	clrf	___awdiv@quotient+1
   605  0076  0871               	movf	___awdiv@divisor+1,w
   606  0077  0470               	iorwf	___awdiv@divisor,w
   607  0078  1903               	skipnz
   608  0079  2899               	goto	i1l2668
   609  007A  01F4               	clrf	___awdiv@counter
   610  007B                     L1:	
   611  007B  0AF4               	incf	___awdiv@counter,f
   612  007C  1BF1               	btfsc	___awdiv@divisor+1,7
   613  007D  2882               	goto	i1l2656
   614  007E  1003               	clrc
   615  007F  0DF0               	rlf	___awdiv@divisor,f
   616  0080  0DF1               	rlf	___awdiv@divisor+1,f
   617  0081  287B               	goto	L1
   618  0082                     i1l2656:	
   619  0082  1003               	clrc
   620  0083  0DF6               	rlf	___awdiv@quotient,f
   621  0084  0DF7               	rlf	___awdiv@quotient+1,f
   622  0085  0871               	movf	___awdiv@divisor+1,w
   623  0086  0273               	subwf	___awdiv@dividend+1,w
   624  0087  1D03               	skipz
   625  0088  288B               	goto	u22_25
   626  0089  0870               	movf	___awdiv@divisor,w
   627  008A  0272               	subwf	___awdiv@dividend,w
   628  008B                     u22_25:	
   629  008B  1C03               	skipc
   630  008C  2895               	goto	L2
   631  008D  0870               	movf	___awdiv@divisor,w
   632  008E  02F2               	subwf	___awdiv@dividend,f
   633  008F  0871               	movf	___awdiv@divisor+1,w
   634  0090  1C03               	skipc
   635  0091  03F3               	decf	___awdiv@dividend+1,f
   636  0092  02F3               	subwf	___awdiv@dividend+1,f
   637  0093  1476               	bsf	___awdiv@quotient,0
   638  0094  1003               	clrc
   639  0095                     L2:	
   640  0095  0CF1               	rrf	___awdiv@divisor+1,f
   641  0096  0CF0               	rrf	___awdiv@divisor,f
   642  0097  0BF4               	decfsz	___awdiv@counter,f
   643  0098  2882               	goto	i1l2656
   644  0099                     i1l2668:	
   645  0099  0875               	movf	___awdiv@sign,w
   646  009A  1903               	btfsc	3,2
   647  009B  28A1               	goto	i1l2672
   648  009C  09F6               	comf	___awdiv@quotient,f
   649  009D  09F7               	comf	___awdiv@quotient+1,f
   650  009E  0AF6               	incf	___awdiv@quotient,f
   651  009F  1903               	skipnz
   652  00A0  0AF7               	incf	___awdiv@quotient+1,f
   653  00A1                     i1l2672:	
   654  00A1  0877               	movf	___awdiv@quotient+1,w
   655  00A2  00F1               	movwf	?___awdiv+1
   656  00A3  0876               	movf	___awdiv@quotient,w
   657  00A4  00F0               	movwf	?___awdiv
   658  00A5  0008               	return
   659  00A6                     __end_of___awdiv:	
   660                           
   661                           	psect	intentry
   662  0004                     __pintentry:	
   663                           ; Regs used in _ngat: [allreg]
   664                           
   665  0004                     interrupt_function:	
   666  007E                     saved_w	set	btemp
   667  0004  00FE               	movwf	btemp
   668  0005  0E03               	swapf	3,w
   669  0006  00FA               	movwf	??_ngat
   670  0007  0804               	movf	4,w
   671  0008  00FB               	movwf	??_ngat+1
   672  0009  080A               	movf	10,w
   673  000A  00FC               	movwf	??_ngat+2
   674  000B  1283               	bcf	3,5	;RP0=0, select bank0
   675  000C  1303               	bcf	3,6	;RP1=0, select bank0
   676  000D  087F               	movf	btemp+1,w
   677  000E  00FD               	movwf	??_ngat+3
   678  000F  120A  118A  2815   	ljmp	_ngat
   679                           
   680                           	psect	text78
   681  0000                     __ptext78:	
   682 ;; =============== function ___awdiv ends ============
   683                           
   684  007E                     btemp	set	126	;btemp
   685  007E                     wtemp0	set	126


HI-TECH Software PICC Macro Assembler V9.83 build 10920 
Symbol Table                                                                                   Sun Dec 18 17:00:42 2022

        ___awdiv@sign 0075                   _GIE 005F                   _RB1 0031                   _RC2 003A  
                 _RD5 0045                   _RD6 0046                   _RD7 0047                   _PR2 0092  
                 fsr0 0004     pwm_10bit@data_pwm 0078                  l1030 00C5                  l2550 0000  
                l2560 0000                  l2552 0000                  l2544 0000                  l2570 0000  
                l2562 0000                  l2554 0000                  l2546 0000                  l2580 0000  
                l2572 0000                  l2564 0000                  l2556 0000                  l2548 0000  
                l2574 0000                  l2566 0000                  l2558 0000                  l2576 0000  
                l2568 0000                  l2578 0000                  _INTE 005C                  _INTF 0059  
                _RBIE 005B                  _RBIF 0058                  _TMR2 0011                  _main 00A6  
                _ngat 0015                  btemp 007E                  start 0012                 _DC1B0 00BC  
               _DC1B1 00BD                 ?_main 0070                 ?_ngat 0070       __end_of___awdiv 00A6  
               _ANSEL 0188       ___awdiv@divisor 0070                 _IOCB1 04B1       ___awdiv@counter 0074  
               u22_25 008B                 _pwm_v 0020                 pclath 000A                 status 0003  
               wtemp0 007E          __end_of_main 00C6          __end_of_ngat 004D                ??_main 0000  
              ??_ngat 007A                _CCPR1L 0015      ___awdiv@dividend 0072                _ANSELH 0189  
              i1l1038 0000                i1l2182 0000                i1l2610 0000                i1l2620 0000  
              i1l2612 0000                i1l2604 0000                i1l2622 0000                i1l2614 0000  
              i1l2606 0000                i1l2640 006B                i1l2632 0000                i1l2624 0000  
              i1l2608 0000                i1l2616 0040                i1l2634 0000                i1l2626 0000  
              i1l2618 0000                i1l2644 0000                i1l2670 0000                i1l2662 0000  
              i1l2646 0074                i1l2638 0000                i1l2590 0000                i1l2582 0000  
              i1l2672 00A1                i1l2656 0082                i1l2648 0000                i1l2592 0000  
              i1l2666 0000                i1l2658 0000                i1l2594 0000                i1l2586 0000  
              i1l2668 0099                i1l2596 0000                i1l2588 0000                i1l2598 002B  
              _INTEDG 040E                _TMR2ON 0092                _TRISB0 0430                _TRISB1 0431  
              _TRISC2 043A                _TRISD5 0445                _TRISD6 0446                _TRISD7 0447  
           ??___awdiv 0074      ___awdiv@quotient 0076                saved_w 007E        __pcstackCOMMON 0070  
          __pbssBANK0 0020            __pmaintext 00A6            __pintentry 0004               _CCP1CON 0017  
  __size_of_pwm_10bit 0014               _T2CKPS0 0090               _T2CKPS1 0091               ___awdiv 0061  
end_of_initialization 00C8     __end_of_pwm_10bit 0061   start_initialization 00C6         __pcstackBANK0 0000  
            ?___awdiv 0070     interrupt_function 0004             _pwm_10bit 004D            ?_pwm_10bit 0078  
    __size_of___awdiv 0045              __ptext74 0000              __ptext75 0015              __ptext76 004D  
            __ptext77 0061              __ptext78 0000         __size_of_main 0020         __size_of_ngat 0038  
            intlevel1 0000           ??_pwm_10bit 007A  
